2026-03-17 13:30:20 [INFO] __main__: Запуск парсера отелей...
2026-03-17 13:30:20 [INFO] __main__: Даты бронирования: 18.03.2026 - 19.03.2026
2026-03-17 13:31:12 [INFO] __main__: Запуск парсера отелей...
2026-03-17 13:31:12 [INFO] __main__: Даты бронирования: 18.03.2026 - 19.03.2026
2026-03-17 13:54:35 [INFO] __main__: Запуск парсера отелей...
2026-03-17 13:54:35 [INFO] __main__: Даты бронирования: 18.03.2026 - 19.03.2026
2026-03-17 14:09:06 [INFO] __main__: Запуск парсера отелей...
2026-03-17 14:09:06 [INFO] __main__: Даты бронирования: 18.03.2026 - 19.03.2026
2026-03-17 14:09:09 [INFO] __main__: --- Страница 1 ---
2026-03-17 14:09:13 [INFO] __main__: Перехвачено и извлечено 20 отелей. Всего: 20
2026-03-17 14:09:20 [INFO] __main__: Добавлено 20 отелей со страницы 1. Переход на следующую страницу...
2026-03-17 14:09:21 [INFO] __main__: --- Страница 2 ---
2026-03-17 14:09:23 [INFO] __main__: Перехвачено и извлечено 20 отелей. Всего: 40
2026-03-17 14:09:27 [INFO] __main__: Добавлено 20 отелей со страницы 2. Переход на следующую страницу...
2026-03-17 14:09:28 [INFO] __main__: --- Страница 3 ---
2026-03-17 14:09:30 [INFO] __main__: Перехвачено и извлечено 20 отелей. Всего: 60
2026-03-17 14:09:32 [INFO] __main__: Добавлено 20 отелей со страницы 3. Переход на следующую страницу...
2026-03-17 14:09:34 [INFO] __main__: --- Страница 4 ---
2026-03-17 14:09:36 [INFO] __main__: Перехвачено и извлечено 20 отелей. Всего: 80
2026-03-17 14:09:38 [INFO] __main__: Добавлено 20 отелей со страницы 4. Переход на следующую страницу...
2026-03-17 14:09:39 [INFO] __main__: --- Страница 5 ---
2026-03-17 14:09:40 [WARNING] __main__: [Страница 5] goto: Page.goto: Page crashed
Call log:
  - navigating to "https://ostrovok.ru/hotel/russia/western_siberia_irkutsk_oblast_multi/?type_group=hotel&search=yes&dates=18.03.2026-19.03.2026&guests=1&q=965821539&page=5", waiting until "load"

2026-03-17 19:45:56 [INFO] __main__: Запуск парсера отелей...
2026-03-17 19:45:56 [INFO] __main__: Даты бронирования: 18.03.2026 - 19.03.2026
2026-03-17 19:46:01 [INFO] __main__: --- Страница 1 ---
2026-03-17 19:46:09 [INFO] __main__: Перехвачено и извлечено 20 отелей. Всего: 20
2026-03-17 19:46:30 [INFO] __main__: Добавлено 20 отелей со страницы 1. Переход на следующую страницу...
2026-03-17 19:46:31 [INFO] __main__: --- Страница 2 ---
2026-03-17 19:46:35 [INFO] __main__: Перехвачено и извлечено 20 отелей. Всего: 40
2026-03-17 19:46:41 [INFO] __main__: Добавлено 20 отелей со страницы 2. Переход на следующую страницу...
2026-03-17 19:46:42 [INFO] __main__: --- Страница 3 ---
2026-03-17 19:47:09 [WARNING] __main__: На странице 3 отелей не получено. Конец списка.
2026-03-17 19:47:09 [INFO] __main__: === Всего собрано отелей со всех страниц: 40 ===
2026-03-17 19:47:17 [INFO] __main__: Сохранено 40 отелей в c:\Users\matve\Desktop\ostrovok_parser\daily\hotels\2026-03-17.csv
2026-03-17 19:47:17 [INFO] __main__: Парсинг завершён. Всего обработано 40 отелей.
2026-03-17 19:54:07 [INFO] __main__: Запуск парсера отелей...
2026-03-17 19:54:07 [INFO] __main__: Даты бронирования: 18.03.2026 - 19.03.2026
2026-03-17 19:54:09 [INFO] __main__: --- Страница 1 ---
2026-03-17 19:54:12 [INFO] __main__: Перехвачено и извлечено 20 отелей. Всего: 20
2026-03-17 19:54:21 [INFO] __main__: Добавлено 20 отелей со страницы 1. Переход на следующую страницу...
2026-03-17 19:54:23 [INFO] __main__: --- Страница 2 ---
2026-03-17 19:54:25 [INFO] __main__: Перехвачено и извлечено 12 отелей. Всего: 32
2026-03-17 19:54:27 [INFO] __main__: Добавлено 12 отелей со страницы 2. Переход на следующую страницу...
2026-03-17 19:54:28 [INFO] __main__: --- Страница 3 ---
2026-03-17 19:54:51 [WARNING] __main__: На странице 3 отелей не получено. Конец списка.
2026-03-17 19:54:51 [INFO] __main__: === Всего собрано отелей со всех страниц: 32 ===
2026-03-17 19:55:00 [INFO] __main__: Сохранено 32 отелей в c:\Users\matve\Desktop\ostrovok_parser\daily\hotels\2026-03-17.csv
2026-03-17 19:55:00 [INFO] __main__: Парсинг завершён. Всего обработано 32 отелей.
2026-03-17 19:58:42 [INFO] __main__: Запуск парсера отелей...
2026-03-17 19:58:42 [INFO] __main__: Даты бронирования: 18.03.2026 - 19.03.2026
2026-03-17 19:58:43 [INFO] __main__: --- Страница 1 ---
2026-03-17 19:58:52 [INFO] __main__: Перехвачено и извлечено 20 отелей. Всего: 20
2026-03-17 19:58:57 [INFO] __main__: Добавлено 20 отелей со страницы 1. Переход на следующую страницу...
2026-03-17 19:58:58 [INFO] __main__: --- Страница 2 ---
2026-03-17 19:59:21 [WARNING] __main__: На странице 2 отелей не получено. Конец списка.
2026-03-17 19:59:21 [INFO] __main__: === Всего собрано отелей со всех страниц: 20 ===
2026-03-17 19:59:29 [INFO] __main__: Сохранено 20 отелей в c:\Users\matve\Desktop\ostrovok_parser\daily\hotels\2026-03-17.csv
2026-03-17 19:59:29 [INFO] __main__: Парсинг завершён. Всего обработано 20 отелей.
2026-03-17 19:59:50 [INFO] __main__: Запуск парсера отелей...
2026-03-17 19:59:50 [INFO] __main__: Даты бронирования: 18.03.2026 - 19.03.2026
2026-03-17 19:59:52 [INFO] __main__: --- Страница 1 ---
2026-03-17 19:59:56 [INFO] __main__: Перехвачено и извлечено 20 отелей. Всего: 20
2026-03-17 19:59:58 [INFO] __main__: Добавлено 20 отелей со страницы 1. Переход на следующую страницу...
2026-03-17 20:00:00 [INFO] __main__: --- Страница 2 ---
2026-03-17 20:00:02 [INFO] __main__: Перехвачено и извлечено 12 отелей. Всего: 32
2026-03-17 20:00:04 [INFO] __main__: Добавлено 12 отелей со страницы 2. Переход на следующую страницу...
2026-03-17 20:00:05 [INFO] __main__: --- Страница 3 ---
2026-03-17 20:00:29 [WARNING] __main__: На странице 3 отелей не получено. Конец списка.
2026-03-17 20:00:29 [INFO] __main__: === Всего собрано отелей со всех страниц: 32 ===
2026-03-17 20:00:37 [INFO] __main__: Сохранено 32 отелей в c:\Users\matve\Desktop\ostrovok_parser\daily\hotels\2026-03-17.csv
2026-03-17 20:00:37 [INFO] __main__: Парсинг завершён. Всего обработано 32 отелей.
2026-03-17 20:02:34 [INFO] __main__: Запуск парсера отелей...
2026-03-17 20:02:34 [INFO] __main__: Даты бронирования: 18.03.2026 - 19.03.2026
2026-03-17 20:02:38 [INFO] __main__: --- Страница 1 ---
2026-03-17 20:02:47 [INFO] __main__: Перехвачено и извлечено 20 отелей. Всего: 20
2026-03-17 20:02:51 [INFO] __main__: Добавлено 20 отелей со страницы 1. Переход на следующую страницу...
2026-03-17 20:02:53 [INFO] __main__: --- Страница 2 ---
2026-03-17 20:02:56 [INFO] __main__: Перехвачено и извлечено 12 отелей. Всего: 32
2026-03-17 20:02:58 [INFO] __main__: Добавлено 12 отелей со страницы 2. Переход на следующую страницу...
2026-03-17 20:02:59 [INFO] __main__: --- Страница 3 ---
2026-03-17 20:03:23 [WARNING] __main__: На странице 3 отелей не получено. Конец списка.
2026-03-17 20:03:23 [INFO] __main__: === Всего собрано отелей со всех страниц: 32 ===
2026-03-17 20:03:31 [INFO] __main__: Сохранено 32 отелей в c:\Users\matve\Desktop\ostrovok_parser\daily\hotels\2026-03-17.csv
2026-03-17 20:03:31 [INFO] __main__: Парсинг завершён. Всего обработано 32 отелей.
2026-03-17 20:04:34 [INFO] __main__: Запуск парсера отелей...
2026-03-17 20:04:34 [INFO] __main__: Даты бронирования: 18.03.2026 - 19.03.2026
2026-03-17 20:04:35 [INFO] __main__: --- Страница 1 ---
2026-03-17 20:04:41 [INFO] __main__: Перехвачено и извлечено 20 отелей. Всего: 20
2026-03-17 20:04:47 [INFO] __main__: Добавлено 20 отелей со страницы 1. Переход на следующую страницу...
2026-03-17 20:04:48 [INFO] __main__: --- Страница 2 ---
2026-03-17 20:04:51 [INFO] __main__: Перехвачено и извлечено 12 отелей. Всего: 32
2026-03-17 20:04:53 [INFO] __main__: Добавлено 12 отелей со страницы 2. Переход на следующую страницу...
2026-03-17 20:04:55 [INFO] __main__: --- Страница 3 ---
2026-03-17 20:05:19 [WARNING] __main__: На странице 3 отелей не получено. Конец списка.
2026-03-17 20:05:19 [INFO] __main__: === Всего собрано отелей со всех страниц: 32 ===
2026-03-17 20:05:27 [INFO] __main__: Сохранено 32 отелей в c:\Users\matve\Desktop\ostrovok_parser\daily\hotels\2026-03-17.csv
2026-03-17 20:05:27 [INFO] __main__: Парсинг завершён. Всего обработано 32 отелей.
