2026-03-07 08:16:32 [INFO] __main__: Режим CI: увеличенные таймауты и ожидание networkidle.
2026-03-07 08:16:32 [INFO] __main__: Запуск парсера отелей...
2026-03-07 08:16:32 [INFO] __main__: Даты бронирования: 08.03.2026 - 09.03.2026
2026-03-07 08:16:33 [INFO] __main__: --- Страница 1 ---
2026-03-07 08:16:37 [INFO] __main__: Перехвачено и извлечено 20 отелей. Всего: 20
2026-03-07 08:17:25 [INFO] __main__: Добавлено 20 отелей со страницы 1. Переход на следующую страницу...
2026-03-07 08:17:28 [INFO] __main__: --- Страница 2 ---
2026-03-07 08:17:30 [INFO] __main__: Перехвачено и извлечено 20 отелей. Всего: 40
2026-03-07 08:17:35 [INFO] __main__: Добавлено 20 отелей со страницы 2. Переход на следующую страницу...
2026-03-07 08:17:37 [INFO] __main__: --- Страница 3 ---
2026-03-07 08:17:39 [INFO] __main__: Перехвачено и извлечено 20 отелей. Всего: 60
2026-03-07 08:17:44 [INFO] __main__: Добавлено 20 отелей со страницы 3. Переход на следующую страницу...
2026-03-07 08:17:46 [INFO] __main__: --- Страница 4 ---
2026-03-07 08:17:48 [INFO] __main__: Перехвачено и извлечено 20 отелей. Всего: 80
2026-03-07 08:18:36 [INFO] __main__: Добавлено 20 отелей со страницы 4. Переход на следующую страницу...
2026-03-07 08:18:39 [INFO] __main__: --- Страница 5 ---
2026-03-07 08:18:42 [INFO] __main__: Перехвачено и извлечено 20 отелей. Всего: 100
2026-03-07 08:19:28 [INFO] __main__: Добавлено 20 отелей со страницы 5. Переход на следующую страницу...
2026-03-07 08:19:31 [INFO] __main__: --- Страница 6 ---
2026-03-07 08:19:34 [INFO] __main__: Перехвачено и извлечено 20 отелей. Всего: 120
2026-03-07 08:19:38 [INFO] __main__: Добавлено 20 отелей со страницы 6. Переход на следующую страницу...
2026-03-07 08:19:41 [INFO] __main__: --- Страница 7 ---
2026-03-07 08:19:43 [INFO] __main__: Перехвачено и извлечено 14 отелей. Всего: 134
2026-03-07 08:20:30 [INFO] __main__: Добавлено 14 отелей со страницы 7. Переход на следующую страницу...
2026-03-07 08:20:32 [INFO] __main__: --- Страница 8 ---
2026-03-07 08:22:07 [WARNING] __main__: На странице 8 отелей не получено. Конец списка.
2026-03-07 08:22:07 [INFO] __main__: === Всего собрано отелей со всех страниц: 134 ===
2026-03-07 08:22:22 [INFO] __main__: Сохранено 134 отелей в /home/runner/work/ostrovok_parser/ostrovok_parser/tables/hotels/2026-03-07.csv
2026-03-07 08:22:22 [INFO] __main__: Парсинг завершён. Всего обработано 134 отелей.
2026-03-07 08:22:23 [INFO] __main__: Даты бронирования: 08.03.2026 - 09.03.2026
2026-03-07 08:22:23 [INFO] __main__: Запуск браузера для получения куки...
2026-03-07 08:22:27 [INFO] __main__: Получено 53 куки
2026-03-07 08:22:27 [INFO] __main__: Запрашиваю victory_hotel_4 (victory_hotel_4)
2026-03-07 08:22:28 [INFO] __main__: Сохранено 3 номеров для Гостиница Виктория
2026-03-07 08:22:28 [INFO] __main__: Запрашиваю evropa_hotel (evropa_hotel)
2026-03-07 08:22:28 [INFO] __main__: Сохранено 6 номеров для Отель Европа
2026-03-07 08:22:28 [INFO] __main__: Запрашиваю tajga_hotel (tajga_hotel)
2026-03-07 08:22:29 [INFO] __main__: Сохранено 3 номеров для Отель Тайга
2026-03-07 08:22:29 [INFO] __main__: Запрашиваю irkutsk_city_center (irkutsk_city_center)
2026-03-07 08:22:29 [INFO] __main__: Сохранено 6 номеров для Отель Иркутск Сити Центр
2026-03-07 08:22:29 [INFO] __main__: Запрашиваю klubnyij_kvartal_apartments (klubnyij_kvartal_apartments)
2026-03-07 08:22:29 [INFO] __main__: Сохранено 3 номеров для Клубный Квартал
2026-03-07 08:22:29 [INFO] __main__: Запрашиваю bajkal_hotel (bajkal_hotel)
2026-03-07 08:22:31 [INFO] __main__: Сохранено 1 номеров для Отель Байкал
2026-03-07 08:22:31 [INFO] __main__: Запрашиваю angara_hotel (angara_hotel)
2026-03-07 08:22:31 [INFO] __main__: Сохранено 4 номеров для Ангара Отель
2026-03-07 08:22:31 [INFO] __main__: Запрашиваю miniotel_good_hotel (miniotel_good_hotel)
2026-03-07 08:22:32 [INFO] __main__: Сохранено 3 номеров для Мини-Отель Good Hotel
2026-03-07 08:22:32 [INFO] __main__: Запрашиваю otel_irkut (otel_irkut)
2026-03-07 08:22:33 [INFO] __main__: Сохранено 5 номеров для Отель Иркут
2026-03-07 08:22:33 [INFO] __main__: Запрашиваю gostevoy_dom_holiday_park_on_olkhon (gostevoy_dom_holiday_park_on_olkhon)
2026-03-07 08:22:33 [INFO] __main__: Сохранено 1 номеров для Holiday park on Olkhon
2026-03-07 08:22:33 [INFO] __main__: Запрашиваю hotel_premium_hotel_pushkin (hotel_premium_hotel_pushkin)
2026-03-07 08:22:34 [INFO] __main__: Сохранено 2 номеров для Премиум-отель Пушкин
2026-03-07 08:22:34 [INFO] __main__: Запрашиваю gostinitsa_ustilim (gostinitsa_ustilim)
2026-03-07 08:22:38 [INFO] __main__: Сохранено 7 номеров для Усть-Илим
2026-03-07 08:22:38 [INFO] __main__: Запрашиваю azimut_aeroport_irkutsk_hotel (azimut_aeroport_irkutsk_hotel)
2026-03-07 08:22:38 [INFO] __main__: Сохранено 5 номеров для AZIMUT Отель Аэропорт Иркутск 4*
2026-03-07 08:22:38 [INFO] __main__: Запрашиваю baikal_business_center_hotel (baikal_business_center_hotel)
2026-03-07 08:22:39 [INFO] __main__: Сохранено 2 номеров для Отель Байкал Бизнес Центр
2026-03-07 08:22:39 [INFO] __main__: Запрашиваю inn_business_hall (inn_business_hall)
2026-03-07 08:22:40 [INFO] __main__: Сохранено 5 номеров для Отель Business Hall
2026-03-07 08:22:40 [INFO] __main__: Запрашиваю north_star_hotel_9 (north_star_hotel_9)
2026-03-07 08:22:40 [INFO] __main__: Сохранено 6 номеров для Отель North Star
2026-03-07 08:22:40 [INFO] __main__: Запрашиваю archi_apt_apartments (archi_apt_apartments)
2026-03-07 08:22:41 [INFO] __main__: Сохранено 1 номеров для Отель Baikal Archi Apt
2026-03-07 08:22:41 [INFO] __main__: Запрашиваю lada_8 (lada_8)
2026-03-07 08:22:42 [INFO] __main__: Сохранено 9 номеров для Отель Гостиница ЛАДА
2026-03-07 08:22:42 [INFO] __main__: Запрашиваю 7_dorog (7_dorog)
2026-03-07 08:22:42 [INFO] __main__: Сохранено 2 номеров для Гостиница 7 дорог
2026-03-07 08:22:42 [INFO] __main__: Запрашиваю baikal_forest_hotel (baikal_forest_hotel)
2026-03-07 08:22:44 [INFO] __main__: Сохранено 10 номеров для Отель Baikal Forest
2026-03-07 08:22:44 [INFO] __main__: Запрашиваю international_hotel_sayen (international_hotel_sayen)
2026-03-07 08:22:44 [INFO] __main__: Сохранено 5 номеров для SAYEN
2026-03-07 08:22:44 [INFO] __main__: Запрашиваю hotel_nuur_hotel (hotel_nuur_hotel)
2026-03-07 08:22:45 [INFO] __main__: Сохранено 7 номеров для Отель Nuur Hotel
2026-03-07 08:22:45 [INFO] __main__: Запрашиваю taiga_2 (taiga_2)
2026-03-07 08:22:46 [INFO] __main__: Сохранено 3 номеров для Отель Taiga
2026-03-07 08:22:46 [INFO] __main__: Запрашиваю mayak_hotel_listvyanka (mayak_hotel_listvyanka)
2026-03-07 08:22:48 [INFO] __main__: Сохранено 1 номеров для Отель Маяк
2026-03-07 08:22:48 [INFO] __main__: Запрашиваю minihotel_albatros (minihotel_albatros)
2026-03-07 08:22:50 [INFO] __main__: Сохранено 1 номеров для Гостиница Альбатрос
2026-03-07 08:22:50 [INFO] __main__: Запрашиваю arena_g_irkutsk (arena_g_irkutsk)
2026-03-07 08:22:52 [INFO] __main__: Сохранено 3 номеров для Отель Арена Иркутск
2026-03-07 08:22:52 [INFO] __main__: Запрашиваю kheyvitsa_guest_house (kheyvitsa_guest_house)
2026-03-07 08:22:55 [INFO] __main__: Сохранено 7 номеров для Отель Гостевой Дом Хейвица
2026-03-07 08:22:55 [INFO] __main__: Запрашиваю minihotel_panda (minihotel_panda)
2026-03-07 08:22:56 [INFO] __main__: Сохранено 2 номеров для Отель ДиаДэй
2026-03-07 08:22:56 [INFO] __main__: Запрашиваю kupechesky_dvor_hotel (kupechesky_dvor_hotel)
2026-03-07 08:22:58 [INFO] __main__: Сохранено 1 номеров для Отель Купеческий Дворъ
2026-03-07 08:22:58 [INFO] __main__: Запрашиваю city_park_hotel_13 (city_park_hotel_13)
2026-03-07 08:23:01 [INFO] __main__: Сохранено 3 номеров для Меблированные комнаты City Park
2026-03-07 08:23:01 [INFO] __main__: Запрашиваю gostinitsa_undina (gostinitsa_undina)
2026-03-07 08:23:01 [INFO] __main__: Сохранено 3 номеров для Отель Ундина
2026-03-07 08:23:01 [INFO] __main__: Запрашиваю mihail_strogov (mihail_strogov)
2026-03-07 08:23:03 [INFO] __main__: Сохранено 1 номеров для Отель Михаил Строгов
2026-03-07 08:23:03 [INFO] __main__: Запрашиваю aristokrat_hotel (aristokrat_hotel)
2026-03-07 08:23:04 [INFO] __main__: Сохранено 3 номеров для Отель Аристократ
2026-03-07 08:23:04 [INFO] __main__: Запрашиваю miniotel_serdtse_baykala (miniotel_serdtse_baykala)
2026-03-07 08:23:05 [INFO] __main__: Сохранено 1 номеров для Сердце Байкала
2026-03-07 08:23:05 [INFO] __main__: Запрашиваю apartamentyi_v_irkutske (apartamentyi_v_irkutske)
2026-03-07 08:23:05 [INFO] __main__: Сохранено 2 номеров для Меблированные комнаты в Иркутске
2026-03-07 08:23:05 [INFO] __main__: Запрашиваю atlas_hotel_3 (atlas_hotel_3)
2026-03-07 08:23:05 [INFO] __main__: Сохранено 4 номеров для Гостиница Атлас
2026-03-07 08:23:05 [INFO] __main__: Запрашиваю malinovka_3 (malinovka_3)
2026-03-07 08:23:06 [INFO] __main__: Сохранено 6 номеров для Малиновка
2026-03-07 08:23:06 [INFO] __main__: Запрашиваю vozdushnaya_gavan (vozdushnaya_gavan)
2026-03-07 08:23:08 [INFO] __main__: Сохранено 1 номеров для Отель Воздушная Гавань
2026-03-07 08:23:08 [INFO] __main__: Запрашиваю rus_hotel_irkutsk (rus_hotel_irkutsk)
2026-03-07 08:23:11 [INFO] __main__: Сохранено 5 номеров для Гостиничный Комплекс Русь
2026-03-07 08:23:11 [INFO] __main__: Запрашиваю royal_hotel_33 (royal_hotel_33)
2026-03-07 08:23:12 [INFO] __main__: Сохранено 3 номеров для Отель Рояль
2026-03-07 08:23:12 [INFO] __main__: Запрашиваю hotel_soyuz_2 (hotel_soyuz_2)
2026-03-07 08:23:12 [INFO] __main__: Сохранено 8 номеров для Жилое помещение Союз
2026-03-07 08:23:12 [INFO] __main__: Запрашиваю nebo_baykala_guest_house (nebo_baykala_guest_house)
2026-03-07 08:23:13 [INFO] __main__: Сохранено 2 номеров для Небо Байкала
2026-03-07 08:23:13 [INFO] __main__: Запрашиваю burduguz_hotel_2 (burduguz_hotel_2)
2026-03-07 08:23:13 [INFO] __main__: Сохранено 5 номеров для Парк-Отель Бурдугуз
2026-03-07 08:23:13 [INFO] __main__: Запрашиваю hotel_aziyayevropa (hotel_aziyayevropa)
2026-03-07 08:23:14 [INFO] __main__: Сохранено 5 номеров для Отель Азия-Европа
2026-03-07 08:23:14 [INFO] __main__: Запрашиваю dohodnyij_dom_listratvoj_butikhotel (dohodnyij_dom_listratvoj_butikhotel)
2026-03-07 08:23:15 [INFO] __main__: Сохранено 6 номеров для Отель Доходный дом Листратовой
2026-03-07 08:23:15 [INFO] __main__: Запрашиваю amurskiy (amurskiy)
2026-03-07 08:23:15 [INFO] __main__: Сохранено 4 номеров для Отель Амурский
2026-03-07 08:23:15 [INFO] __main__: Запрашиваю armat_hotel (armat_hotel)
2026-03-07 08:23:16 [INFO] __main__: Сохранено 11 номеров для Отель Armat
2026-03-07 08:23:16 [INFO] __main__: Запрашиваю empire_hotel_3 (empire_hotel_3)
2026-03-07 08:23:16 [INFO] __main__: Сохранено 7 номеров для Гостиница Империя
2026-03-07 08:23:16 [INFO] __main__: Запрашиваю gostevoj_dom_na_zvezdinskoj (gostevoj_dom_na_zvezdinskoj)
2026-03-07 08:23:18 [INFO] __main__: Сохранено 3 номеров для Отель на Звездинской
2026-03-07 08:23:18 [INFO] __main__: Запрашиваю best_eastern_hotel_zvezda (best_eastern_hotel_zvezda)
2026-03-07 08:23:21 [INFO] __main__: Сохранено 5 номеров для Отель Звезда
2026-03-07 08:23:21 [INFO] __main__: Запрашиваю otel_tsentral (otel_tsentral)
2026-03-07 08:23:21 [INFO] __main__: Сохранено 7 номеров для Отель Централь
2026-03-07 08:23:21 [INFO] __main__: Запрашиваю hotel_barguzin (hotel_barguzin)
2026-03-07 08:23:25 [INFO] __main__: Сохранено 2 номеров для Меблированные комнаты Баргузин
2026-03-07 08:23:25 [INFO] __main__: Запрашиваю lotos_hotel (lotos_hotel)
2026-03-07 08:23:25 [INFO] __main__: Сохранено 6 номеров для Отель Лотос
2026-03-07 08:23:25 [INFO] __main__: Запрашиваю alpari (alpari)
2026-03-07 08:23:26 [INFO] __main__: Сохранено 1 номеров для Гостиница Альпари
2026-03-07 08:23:26 [INFO] __main__: Запрашиваю krestovaya_pad_hotel (krestovaya_pad_hotel)
2026-03-07 08:23:26 [INFO] __main__: Сохранено 0 номеров для Гостиница Крестовая падь
2026-03-07 08:23:26 [INFO] __main__: Запрашиваю green_hotel_ (green_hotel_)
2026-03-07 08:23:28 [INFO] __main__: Сохранено 2 номеров для Грин Отель
2026-03-07 08:23:28 [INFO] __main__: Запрашиваю ibis_irkutsk_center (ibis_irkutsk_center)
2026-03-07 08:23:28 [INFO] __main__: Сохранено 3 номеров для Отель Ибис Иркутск Центр
2026-03-07 08:23:28 [INFO] __main__: Запрашиваю yakovlev_hotel (yakovlev_hotel)
2026-03-07 08:23:31 [INFO] __main__: Сохранено 2 номеров для Отель Яковлевъ
2026-03-07 08:23:31 [INFO] __main__: Запрашиваю alaniya (alaniya)
2026-03-07 08:23:31 [INFO] __main__: Сохранено 3 номеров для Алания
2026-03-07 08:23:31 [INFO] __main__: Запрашиваю matreshka_hotel (matreshka_hotel)
2026-03-07 08:23:35 [INFO] __main__: Сохранено 7 номеров для Отель Матрешка
2026-03-07 08:23:35 [INFO] __main__: Запрашиваю hotel_gostinitsa_dinamo (hotel_gostinitsa_dinamo)
2026-03-07 08:23:36 [INFO] __main__: Сохранено 3 номеров для Отель Динамо
2026-03-07 08:23:36 [INFO] __main__: Запрашиваю olkhonstory_guest_house (olkhonstory_guest_house)
2026-03-07 08:23:36 [INFO] __main__: Сохранено 2 номеров для Ольхон стори
2026-03-07 08:23:36 [INFO] __main__: Запрашиваю baykal_khan_hotel_olkhon (baykal_khan_hotel_olkhon)
2026-03-07 08:23:38 [INFO] __main__: Сохранено 3 номеров для Отель Байкал-Хан Ольхон
2026-03-07 08:23:38 [INFO] __main__: Запрашиваю olkhon_house_guest_family_house (olkhon_house_guest_family_house)
2026-03-07 08:23:38 [INFO] __main__: Сохранено 0 номеров для Olkhon Family House
2026-03-07 08:23:38 [INFO] __main__: Запрашиваю mini_hotel_vizit (mini_hotel_vizit)
2026-03-07 08:23:38 [INFO] __main__: Сохранено 2 номеров для Гостиница Визит
2026-03-07 08:23:38 [INFO] __main__: Запрашиваю parus_18 (parus_18)
2026-03-07 08:23:39 [INFO] __main__: Сохранено 0 номеров для Курортный отель Парус
2026-03-07 08:23:39 [INFO] __main__: Запрашиваю lenatour (lenatour)
2026-03-07 08:23:40 [INFO] __main__: Сохранено 4 номеров для Отель  Ленатур
2026-03-07 08:23:40 [INFO] __main__: Запрашиваю hotel_rodina_grand_hotel_spa_irkutsk_5 (hotel_rodina_grand_hotel_spa_irkutsk_5)
2026-03-07 08:23:41 [INFO] __main__: Сохранено 11 номеров для Отель RODINA Grand Hotel & SPA Irkutsk 5*
2026-03-07 08:23:41 [INFO] __main__: Запрашиваю hotel_kosmos_5 (hotel_kosmos_5)
2026-03-07 08:23:41 [INFO] __main__: Сохранено 4 номеров для Отель Космос
2026-03-07 08:23:41 [INFO] __main__: Запрашиваю irkutsk_city_lodge (irkutsk_city_lodge)
2026-03-07 08:23:44 [INFO] __main__: Сохранено 0 номеров для Отель Иркутск Сити Лодж
2026-03-07 08:23:44 [INFO] __main__: Запрашиваю dom_baykal_guest_house (dom_baykal_guest_house)
2026-03-07 08:23:47 [INFO] __main__: Сохранено 4 номеров для Меблированные комнаты Дом Байкал
2026-03-07 08:23:47 [INFO] __main__: Запрашиваю hotel_flagman_olkhona (hotel_flagman_olkhona)
2026-03-07 08:23:50 [INFO] __main__: Сохранено 3 номеров для Отель Флагман Ольхона
2026-03-07 08:23:50 [INFO] __main__: Запрашиваю history_boutiquehotel (history_boutiquehotel)
2026-03-07 08:23:51 [INFO] __main__: Сохранено 1 номеров для Отель History Boutique Hotel & SPA
2026-03-07 08:23:51 [INFO] __main__: Запрашиваю shelest (shelest)
2026-03-07 08:23:52 [INFO] __main__: Сохранено 2 номеров для Shelest
2026-03-07 08:23:52 [INFO] __main__: Запрашиваю bolshoe_puteshestvie_hotel (bolshoe_puteshestvie_hotel)
2026-03-07 08:23:53 [INFO] __main__: Сохранено 1 номеров для Ольхон
2026-03-07 08:23:53 [INFO] __main__: Запрашиваю bajkalkemp (bajkalkemp)
2026-03-07 08:23:54 [INFO] __main__: Сохранено 1 номеров для Байкал-кэмп
2026-03-07 08:23:54 [INFO] __main__: Запрашиваю hotel_sozvezdie_baikala (hotel_sozvezdie_baikala)
2026-03-07 08:23:56 [INFO] __main__: Сохранено 6 номеров для Отель Созвездие Байкала
2026-03-07 08:23:56 [INFO] __main__: Запрашиваю tri_kita_2 (tri_kita_2)
2026-03-07 08:23:56 [INFO] __main__: Сохранено 4 номеров для Отель Три Кита
2026-03-07 08:23:56 [INFO] __main__: Запрашиваю flagman_hotel_4 (flagman_hotel_4)
2026-03-07 08:23:57 [INFO] __main__: Сохранено 0 номеров для Отель Флагман
2026-03-07 08:23:57 [INFO] __main__: Запрашиваю less_guest_house (less_guest_house)
2026-03-07 08:23:57 [INFO] __main__: Сохранено 1 номеров для Меблированные комнаты Лесс
2026-03-07 08:23:57 [INFO] __main__: Запрашиваю baikal_view_hotel (baikal_view_hotel)
2026-03-07 08:24:00 [INFO] __main__: Сохранено 6 номеров для Baikal View Hotel
2026-03-07 08:24:00 [INFO] __main__: Запрашиваю yolochka (yolochka)
2026-03-07 08:24:01 [INFO] __main__: Сохранено 8 номеров для Меблированные комнаты Ёлочка
2026-03-07 08:24:01 [INFO] __main__: Запрашиваю ozerny_tulun_sports_complex_na_karbysheva_185_apartment (ozerny_tulun_sports_complex_na_karbysheva_185_apartment)
2026-03-07 08:24:02 [INFO] __main__: Сохранено 1 номеров для Спорткомплекс Озерный Тулун на Карбышева 185
2026-03-07 08:24:02 [INFO] __main__: Запрашиваю marx_hotel (marx_hotel)
2026-03-07 08:24:02 [INFO] __main__: Сохранено 0 номеров для Отель Marx Hotel
2026-03-07 08:24:02 [INFO] __main__: Запрашиваю gostevoj_dom_otdyih_na_bajkale (gostevoj_dom_otdyih_na_bajkale)
2026-03-07 08:24:03 [INFO] __main__: Сохранено 0 номеров для Отель Отдых на Байкале
2026-03-07 08:24:03 [INFO] __main__: Запрашиваю tikhaya_gavan_4 (tikhaya_gavan_4)
2026-03-07 08:24:04 [INFO] __main__: Сохранено 1 номеров для Отель "Тихая Гавань"
2026-03-07 08:24:04 [INFO] __main__: Запрашиваю montana_hostel (montana_hostel)
2026-03-07 08:24:04 [INFO] __main__: Сохранено 3 номеров для Меблированные комнаты Montana
2026-03-07 08:24:04 [INFO] __main__: Запрашиваю hotel_pushkin_2 (hotel_pushkin_2)
2026-03-07 08:24:08 [INFO] __main__: Сохранено 6 номеров для Отель ПушкинЪ
2026-03-07 08:24:08 [INFO] __main__: Запрашиваю hotel_baikal_best_edelweiss (hotel_baikal_best_edelweiss)
2026-03-07 08:24:08 [INFO] __main__: Сохранено 0 номеров для Baikal Best Edelweiss
2026-03-07 08:24:08 [INFO] __main__: Запрашиваю hotel_angara (hotel_angara)
2026-03-07 08:24:10 [INFO] __main__: Сохранено 8 номеров для Отель Ангара-Приоритет
2026-03-07 08:24:10 [INFO] __main__: Запрашиваю uda_2 (uda_2)
2026-03-07 08:24:13 [INFO] __main__: Сохранено 6 номеров для Отель УДА
2026-03-07 08:24:13 [INFO] __main__: Запрашиваю pribaikalskaya_hotel (pribaikalskaya_hotel)
2026-03-07 08:24:14 [INFO] __main__: Сохранено 2 номеров для Гостиница Прибайкальская
2026-03-07 08:24:14 [INFO] __main__: Запрашиваю miniotel_gostinitsa_nerpenok (miniotel_gostinitsa_nerpenok)
2026-03-07 08:24:15 [INFO] __main__: Сохранено 2 номеров для Нерпенок
2026-03-07 08:24:15 [INFO] __main__: Запрашиваю lyuks_hotel_4 (lyuks_hotel_4)
2026-03-07 08:24:15 [INFO] __main__: Сохранено 1 номеров для Отель Люкс
2026-03-07 08:24:15 [INFO] __main__: Запрашиваю gostinitsa_solntse (gostinitsa_solntse)
2026-03-07 08:24:18 [INFO] __main__: Сохранено 7 номеров для Гостиница Солнце
2026-03-07 08:24:18 [INFO] __main__: Запрашиваю vostochnaia (vostochnaia)
2026-03-07 08:24:18 [INFO] __main__: Сохранено 0 номеров для Гостиница Восточная
2026-03-07 08:24:18 [INFO] __main__: Запрашиваю u_lukomorya_4 (u_lukomorya_4)
2026-03-07 08:24:18 [INFO] __main__: Сохранено 0 номеров для У Лукоморья
2026-03-07 08:24:18 [INFO] __main__: Запрашиваю bajkal_severnoe_more_hotel (bajkal_severnoe_more_hotel)
2026-03-07 08:24:20 [INFO] __main__: Сохранено 8 номеров для Отель Байкал - Северное Море
2026-03-07 08:24:20 [INFO] __main__: Запрашиваю smart_hotel_kdo_irkutsk_hotel (smart_hotel_kdo_irkutsk_hotel)
2026-03-07 08:24:24 [INFO] __main__: Сохранено 6 номеров для Отель Smart Hotel Иркутск
2026-03-07 08:24:24 [INFO] __main__: Запрашиваю hotel_olimpiada (hotel_olimpiada)
2026-03-07 08:24:25 [INFO] __main__: Сохранено 5 номеров для Олимпиада
2026-03-07 08:24:25 [INFO] __main__: Запрашиваю hotel_yubileinaya__2 (hotel_yubileinaya__2)
2026-03-07 08:24:28 [INFO] __main__: Сохранено 4 номеров для Гостиница Юбилейная
2026-03-07 08:24:28 [INFO] __main__: Запрашиваю sportkompleks_ozerny_tulun_hotel (sportkompleks_ozerny_tulun_hotel)
2026-03-07 08:24:28 [INFO] __main__: Сохранено 1 номеров для Спорткомплекс Озерный Тулун
2026-03-07 08:24:28 [INFO] __main__: Запрашиваю riderside (riderside)
2026-03-07 08:24:30 [INFO] __main__: Сохранено 3 номеров для Гостиница Riverside
2026-03-07 08:24:30 [INFO] __main__: Запрашиваю guest_house_vremena_goda (guest_house_vremena_goda)
2026-03-07 08:24:30 [INFO] __main__: Сохранено 0 номеров для Времена Года
2026-03-07 08:24:30 [INFO] __main__: Запрашиваю artrezidentsiya_port_olhon (artrezidentsiya_port_olhon)
2026-03-07 08:24:31 [INFO] __main__: Сохранено 0 номеров для Арт-отель Порт Ольхон
2026-03-07 08:24:31 [INFO] __main__: Запрашиваю yupiter (yupiter)
2026-03-07 08:24:32 [INFO] __main__: Сохранено 2 номеров для Юпитер
2026-03-07 08:24:32 [INFO] __main__: Запрашиваю vitim (vitim)
2026-03-07 08:24:34 [INFO] __main__: Сохранено 1 номеров для Витим
2026-03-07 08:24:34 [INFO] __main__: Запрашиваю oktyabrskaya_minihotel (oktyabrskaya_minihotel)
2026-03-07 08:24:37 [INFO] __main__: Сохранено 4 номеров для Октябрьская
2026-03-07 08:24:37 [INFO] __main__: Запрашиваю eko_baikalwood_hotel (eko_baikalwood_hotel)
2026-03-07 08:24:37 [INFO] __main__: Сохранено 0 номеров для Отель Байкальский лес (BaikalWood Hotel&SPA)
2026-03-07 08:24:37 [INFO] __main__: Запрашиваю modul (modul)
2026-03-07 08:24:38 [INFO] __main__: Сохранено 0 номеров для Гостиница Комфорт
2026-03-07 08:24:38 [INFO] __main__: Запрашиваю dream_of_baikal_hotel (dream_of_baikal_hotel)
2026-03-07 08:24:38 [INFO] __main__: Сохранено 0 номеров для Отель Dream of Baikal
2026-03-07 08:24:38 [INFO] __main__: Запрашиваю hotelclub_ice (hotelclub_ice)
2026-03-07 08:24:40 [INFO] __main__: Сохранено 1 номеров для Отель Сибирская резиденция Лёд Байкала
2026-03-07 08:24:40 [INFO] __main__: Запрашиваю gostevoy_dom_melodiya_baykala (gostevoy_dom_melodiya_baykala)
2026-03-07 08:24:41 [INFO] __main__: Сохранено 1 номеров для Гостевой дом Мелодия Байкала
2026-03-07 08:24:41 [INFO] __main__: Запрашиваю katantsa_hotel (katantsa_hotel)
2026-03-07 08:24:41 [INFO] __main__: Сохранено 0 номеров для Отель Катанца
2026-03-07 08:24:41 [INFO] __main__: Запрашиваю hotel_anastasiya_2 (hotel_anastasiya_2)
2026-03-07 08:24:42 [INFO] __main__: Сохранено 5 номеров для Отель ГК Анастасия
2026-03-07 08:24:42 [INFO] __main__: Запрашиваю magnetit (magnetit)
2026-03-07 08:24:42 [INFO] __main__: Сохранено 7 номеров для Отель Магнетит
2026-03-07 08:24:42 [INFO] __main__: Запрашиваю praskovya_guest_house (praskovya_guest_house)
2026-03-07 08:24:44 [INFO] __main__: Сохранено 4 номеров для Отель Прасковья
2026-03-07 08:24:44 [INFO] __main__: Запрашиваю recreation_centre_baikal_rainbow (recreation_centre_baikal_rainbow)
2026-03-07 08:24:46 [INFO] __main__: Сохранено 2 номеров для База отдыха Байкальская Радуга
2026-03-07 08:24:46 [INFO] __main__: Запрашиваю bajkalskie_sezonyi (bajkalskie_sezonyi)
2026-03-07 08:24:48 [INFO] __main__: Сохранено 5 номеров для Отель Парк Байкальские сезоны
2026-03-07 08:24:48 [INFO] __main__: Запрашиваю gostevoi_dom_margobai (gostevoi_dom_margobai)
2026-03-07 08:24:49 [INFO] __main__: Сохранено 7 номеров для Отель Маргобай
2026-03-07 08:24:49 [INFO] __main__: Запрашиваю gloria_20 (gloria_20)
2026-03-07 08:24:50 [INFO] __main__: Сохранено 0 номеров для Отель Глория
2026-03-07 08:24:50 [INFO] __main__: Запрашиваю trakstop_38_2 (trakstop_38_2)
2026-03-07 08:24:51 [INFO] __main__: Сохранено 1 номеров для Trakstop 38
2026-03-07 08:24:51 [INFO] __main__: Запрашиваю luna_hotel_9 (luna_hotel_9)
2026-03-07 08:24:53 [INFO] __main__: Сохранено 3 номеров для Отель Луна
2026-03-07 08:24:53 [INFO] __main__: Запрашиваю planeta_9 (planeta_9)
2026-03-07 08:24:54 [INFO] __main__: Сохранено 4 номеров для Планета
2026-03-07 08:24:54 [INFO] __main__: Запрашиваю baikal_capsule_hostel (baikal_capsule_hostel)
2026-03-07 08:24:56 [INFO] __main__: Сохранено 1 номеров для Байкал Капсул (Байкальская капсула)
2026-03-07 08:24:56 [INFO] __main__: Запрашиваю tochka_baykala_hotel (tochka_baykala_hotel)
2026-03-07 08:24:56 [INFO] __main__: Сохранено 0 номеров для Отель Точка Байкала
2026-03-07 08:24:56 [INFO] __main__: Запрашиваю metelitsa_6 (metelitsa_6)
2026-03-07 08:24:57 [INFO] __main__: Сохранено 2 номеров для Отель Метелица
2026-03-07 08:24:57 [INFO] __main__: Запрашиваю home_hotel_apartments_home_wanted_on_piskunov_street (home_hotel_apartments_home_wanted_on_piskunov_street)
2026-03-07 08:24:58 [INFO] __main__: Сохранено 2 номеров для Апартаменты Home Hotel (Хоум Хотел) на улице Пискунова
2026-03-07 08:24:58 [INFO] __main__: Запрашиваю gostevoy_dom_isiger_baikal (gostevoy_dom_isiger_baikal)
2026-03-07 08:24:58 [INFO] __main__: Сохранено 0 номеров для Гостевой дом ISIGER BAIKAL
2026-03-07 08:24:58 [INFO] __main__: Запрашиваю komilfo_2 (komilfo_2)
2026-03-07 08:25:01 [INFO] __main__: Сохранено 6 номеров для Отель Комильфо
2026-03-07 08:25:01 [INFO] __main__: Запрашиваю izumrud_hotel_7 (izumrud_hotel_7)
2026-03-07 08:25:03 [INFO] __main__: Сохранено 4 номеров для Отель Изумруд
2026-03-07 08:25:03 [INFO] __main__: Запрашиваю loft_house_38_guest_house (loft_house_38_guest_house)
2026-03-07 08:25:03 [INFO] __main__: Сохранено 0 номеров для Loft House 38
2026-03-07 08:25:03 [INFO] __main__: Запрашиваю pekin_hotel (pekin_hotel)
2026-03-07 08:25:04 [INFO] __main__: Сохранено 2 номеров для Отель Пекин
2026-03-07 08:25:04 [INFO] __main__: Запрашиваю aura_living_quarters (aura_living_quarters)
2026-03-07 08:25:08 [INFO] __main__: Сохранено 0 номеров для Меблированные комнаты Аура
2026-03-07 08:25:08 [INFO] __main__: Сохранено 450 номеров в /home/runner/work/ostrovok_parser/ostrovok_parser/tables/rooms/2026-03-07.csv
2026-03-07 08:25:08 [INFO] __main__: Парсинг завершён. Всего обработано 450 номеров.
2026-03-07 08:25:08 [INFO] __main__: Статистика сохранена в /home/runner/work/ostrovok_parser/ostrovok_parser/tables/statistics/2026-03-07.csv
2026-03-07 08:25:08 [INFO] __main__: Обработано 134 отелей
