2026-03-11 08:27:04 [INFO] __main__: Режим CI: увеличенные таймауты и ожидание networkidle.
2026-03-11 08:27:04 [INFO] __main__: Запуск парсера отелей...
2026-03-11 08:27:04 [INFO] __main__: Даты бронирования: 12.03.2026 - 13.03.2026
2026-03-11 08:27:06 [INFO] __main__: --- Страница 1 ---
2026-03-11 08:27:14 [INFO] __main__: Перехвачено и извлечено 20 отелей. Всего: 20
2026-03-11 08:27:56 [INFO] __main__: Добавлено 20 отелей со страницы 1. Переход на следующую страницу...
2026-03-11 08:27:59 [INFO] __main__: --- Страница 2 ---
2026-03-11 08:28:03 [INFO] __main__: Перехвачено и извлечено 20 отелей. Всего: 40
2026-03-11 08:28:07 [INFO] __main__: Добавлено 20 отелей со страницы 2. Переход на следующую страницу...
2026-03-11 08:28:09 [INFO] __main__: --- Страница 3 ---
2026-03-11 08:28:13 [INFO] __main__: Перехвачено и извлечено 20 отелей. Всего: 60
2026-03-11 08:28:17 [INFO] __main__: Добавлено 20 отелей со страницы 3. Переход на следующую страницу...
2026-03-11 08:28:20 [INFO] __main__: --- Страница 4 ---
2026-03-11 08:28:22 [INFO] __main__: Перехвачено и извлечено 20 отелей. Всего: 80
2026-03-11 08:29:08 [INFO] __main__: Добавлено 20 отелей со страницы 4. Переход на следующую страницу...
2026-03-11 08:29:11 [INFO] __main__: --- Страница 5 ---
2026-03-11 08:29:17 [INFO] __main__: Перехвачено и извлечено 20 отелей. Всего: 100
2026-03-11 08:30:00 [INFO] __main__: Добавлено 20 отелей со страницы 5. Переход на следующую страницу...
2026-03-11 08:30:03 [INFO] __main__: --- Страница 6 ---
2026-03-11 08:30:06 [INFO] __main__: Перехвачено и извлечено 20 отелей. Всего: 120
2026-03-11 08:30:10 [INFO] __main__: Добавлено 20 отелей со страницы 6. Переход на следующую страницу...
2026-03-11 08:30:12 [INFO] __main__: --- Страница 7 ---
2026-03-11 08:30:16 [INFO] __main__: Перехвачено и извлечено 20 отелей. Всего: 140
2026-03-11 08:31:03 [INFO] __main__: Добавлено 20 отелей со страницы 7. Переход на следующую страницу...
2026-03-11 08:31:05 [INFO] __main__: --- Страница 8 ---
2026-03-11 08:31:08 [INFO] __main__: Перехвачено и извлечено 16 отелей. Всего: 156
2026-03-11 08:31:54 [INFO] __main__: Добавлено 16 отелей со страницы 8. Переход на следующую страницу...
2026-03-11 08:31:57 [INFO] __main__: --- Страница 9 ---
2026-03-11 08:33:31 [WARNING] __main__: На странице 9 отелей не получено. Конец списка.
2026-03-11 08:33:31 [INFO] __main__: === Всего собрано отелей со всех страниц: 156 ===
2026-03-11 08:33:46 [INFO] __main__: Убрано дубликатов: 1. Уникальных отелей: 155
2026-03-11 08:33:46 [INFO] __main__: Сохранено 155 отелей в /home/runner/work/ostrovok_parser/ostrovok_parser/tables/hotels/2026-03-11.csv
2026-03-11 08:33:46 [INFO] __main__: Парсинг завершён. Всего обработано 155 отелей.
2026-03-11 08:33:47 [INFO] __main__: Даты бронирования: 12.03.2026 - 13.03.2026
2026-03-11 08:33:47 [INFO] __main__: Запуск браузера для получения куки...
2026-03-11 08:33:53 [INFO] __main__: Получено 55 куки
2026-03-11 08:33:53 [INFO] __main__: Запрашиваю vera_baikal (vera_baikal)
2026-03-11 08:33:54 [INFO] __main__: Сохранено 1 номеров для Отель Вера Байкал
2026-03-11 08:33:54 [INFO] __main__: Запрашиваю klubnyij_kvartal_apartments (klubnyij_kvartal_apartments)
2026-03-11 08:33:54 [INFO] __main__: Сохранено 1 номеров для Клубный Квартал
2026-03-11 08:33:54 [INFO] __main__: Запрашиваю dohodnyij_dom_listratvoj_butikhotel (dohodnyij_dom_listratvoj_butikhotel)
2026-03-11 08:33:55 [INFO] __main__: Сохранено 1 номеров для Отель Доходный дом Листратовой
2026-03-11 08:33:55 [INFO] __main__: Запрашиваю nochleg_i_zavtrak_bb_shambala (nochleg_i_zavtrak_bb_shambala)
2026-03-11 08:33:57 [INFO] __main__: Сохранено 1 номеров для Загородный отель Шамбала
2026-03-11 08:33:57 [INFO] __main__: Запрашиваю divobaykala_flat_1 (divobaykala_flat_1)
2026-03-11 08:33:57 [INFO] __main__: Сохранено 1 номеров для Диво Байкала 1
2026-03-11 08:33:57 [INFO] __main__: Запрашиваю empire_hotel_3 (empire_hotel_3)
2026-03-11 08:33:58 [INFO] __main__: Сохранено 1 номеров для Гостиница Империя
2026-03-11 08:33:58 [INFO] __main__: Запрашиваю irkutsk_city_center (irkutsk_city_center)
2026-03-11 08:33:58 [INFO] __main__: Сохранено 2 номеров для Отель Иркутск Сити Центр
2026-03-11 08:33:58 [INFO] __main__: Запрашиваю bajkal_hotel (bajkal_hotel)
2026-03-11 08:34:00 [INFO] __main__: Сохранено 2 номеров для Отель Байкал
2026-03-11 08:34:00 [INFO] __main__: Запрашиваю miniotel_good_hotel (miniotel_good_hotel)
2026-03-11 08:34:02 [INFO] __main__: Сохранено 2 номеров для Мини-Отель Good Hotel
2026-03-11 08:34:02 [INFO] __main__: Запрашиваю angara_hotel (angara_hotel)
2026-03-11 08:34:02 [INFO] __main__: Сохранено 6 номеров для Ангара Отель
2026-03-11 08:34:02 [INFO] __main__: Запрашиваю taiga_2 (taiga_2)
2026-03-11 08:34:07 [INFO] __main__: Сохранено 2 номеров для Отель Taiga
2026-03-11 08:34:07 [INFO] __main__: Запрашиваю rus_hotel_irkutsk (rus_hotel_irkutsk)
2026-03-11 08:34:09 [INFO] __main__: Сохранено 2 номеров для Гостиничный Комплекс Русь
2026-03-11 08:34:09 [INFO] __main__: Запрашиваю sobolinka_parkhotel_2 (sobolinka_parkhotel_2)
2026-03-11 08:34:23 [INFO] __main__: Сохранено 2 номеров для Парк-отель Соболинка
2026-03-11 08:34:23 [INFO] __main__: Запрашиваю otel_irkut (otel_irkut)
2026-03-11 08:34:23 [INFO] __main__: Сохранено 5 номеров для Отель Иркут
2026-03-11 08:34:23 [INFO] __main__: Запрашиваю gostevoy_dom_holiday_park_on_olkhon (gostevoy_dom_holiday_park_on_olkhon)
2026-03-11 08:34:23 [INFO] __main__: Сохранено 2 номеров для Holiday park on Olkhon
2026-03-11 08:34:23 [INFO] __main__: Запрашиваю guest_house_baykaliya (guest_house_baykaliya)
2026-03-11 08:34:24 [INFO] __main__: Сохранено 2 номеров для Байкалия
2026-03-11 08:34:24 [INFO] __main__: Запрашиваю hotel_nikola_2 (hotel_nikola_2)
2026-03-11 08:34:27 [INFO] __main__: Сохранено 9 номеров для Отель Никола
2026-03-11 08:34:27 [INFO] __main__: Запрашиваю podlemorie_hotel (podlemorie_hotel)
2026-03-11 08:34:28 [INFO] __main__: Сохранено 4 номеров для Отель Подлеморье
2026-03-11 08:34:28 [INFO] __main__: Запрашиваю baykal_shale_guest_house (baykal_shale_guest_house)
2026-03-11 08:34:31 [INFO] __main__: Сохранено 2 номеров для Байкал Шале
2026-03-11 08:34:31 [INFO] __main__: Запрашиваю archi_apt_apartments (archi_apt_apartments)
2026-03-11 08:34:32 [INFO] __main__: Сохранено 2 номеров для Отель Baikal Archi Apt
2026-03-11 08:34:32 [INFO] __main__: Запрашиваю gostinitsa_ustilim (gostinitsa_ustilim)
2026-03-11 08:34:35 [INFO] __main__: Сохранено 6 номеров для Усть-Илим
2026-03-11 08:34:35 [INFO] __main__: Запрашиваю international_hotel_sayen (international_hotel_sayen)
2026-03-11 08:34:35 [INFO] __main__: Сохранено 6 номеров для SAYEN
2026-03-11 08:34:35 [INFO] __main__: Запрашиваю azimut_aeroport_irkutsk_hotel (azimut_aeroport_irkutsk_hotel)
2026-03-11 08:34:35 [INFO] __main__: Сохранено 4 номеров для AZIMUT Отель Аэропорт Иркутск 4*
2026-03-11 08:34:35 [INFO] __main__: Запрашиваю baikal_forest_hotel (baikal_forest_hotel)
2026-03-11 08:34:37 [INFO] __main__: Сохранено 8 номеров для Отель Baikal Forest
2026-03-11 08:34:37 [INFO] __main__: Запрашиваю kheyvitsa_guest_house (kheyvitsa_guest_house)
2026-03-11 08:34:39 [INFO] __main__: Сохранено 2 номеров для Отель Гостевой Дом Хейвица
2026-03-11 08:34:39 [INFO] __main__: Запрашиваю minihotel_panda (minihotel_panda)
2026-03-11 08:34:39 [INFO] __main__: Сохранено 1 номеров для Отель ДиаДэй
2026-03-11 08:34:39 [INFO] __main__: Запрашиваю matreshka_hotel (matreshka_hotel)
2026-03-11 08:34:41 [INFO] __main__: Сохранено 3 номеров для Отель Матрешка
2026-03-11 08:34:41 [INFO] __main__: Запрашиваю malinovka_3 (malinovka_3)
2026-03-11 08:34:42 [INFO] __main__: Сохранено 3 номеров для Малиновка
2026-03-11 08:34:42 [INFO] __main__: Запрашиваю apartamentyi_v_irkutske (apartamentyi_v_irkutske)
2026-03-11 08:34:42 [INFO] __main__: Сохранено 1 номеров для Меблированные комнаты в Иркутске
2026-03-11 08:34:42 [INFO] __main__: Запрашиваю baykal_khan_listvyanka (baykal_khan_listvyanka)
2026-03-11 08:34:43 [INFO] __main__: Сохранено 5 номеров для Отель Ларч
2026-03-11 08:34:43 [INFO] __main__: Запрашиваю burduguz_hotel_2 (burduguz_hotel_2)
2026-03-11 08:34:43 [INFO] __main__: Сохранено 4 номеров для Парк-Отель Бурдугуз
2026-03-11 08:34:43 [INFO] __main__: Запрашиваю baikal_business_center_hotel (baikal_business_center_hotel)
2026-03-11 08:34:43 [INFO] __main__: Сохранено 2 номеров для Отель Байкал Бизнес Центр
2026-03-11 08:34:43 [INFO] __main__: Запрашиваю best_eastern_hotel_zvezda (best_eastern_hotel_zvezda)
2026-03-11 08:34:46 [INFO] __main__: Сохранено 2 номеров для Отель Звезда
2026-03-11 08:34:46 [INFO] __main__: Запрашиваю mayak_hotel_listvyanka (mayak_hotel_listvyanka)
2026-03-11 08:34:48 [INFO] __main__: Сохранено 2 номеров для Отель Маяк
2026-03-11 08:34:48 [INFO] __main__: Запрашиваю kalina_house_olkhon_baikal_guest_house (kalina_house_olkhon_baikal_guest_house)
2026-03-11 08:34:49 [INFO] __main__: Сохранено 1 номеров для Конкордия
2026-03-11 08:34:49 [INFO] __main__: Запрашиваю arena_g_irkutsk (arena_g_irkutsk)
2026-03-11 08:34:51 [INFO] __main__: Сохранено 3 номеров для Отель Арена Иркутск
2026-03-11 08:34:51 [INFO] __main__: Запрашиваю inn_business_hall (inn_business_hall)
2026-03-11 08:34:52 [INFO] __main__: Сохранено 4 номеров для Отель Business Hall
2026-03-11 08:34:52 [INFO] __main__: Запрашиваю grand_baikal (grand_baikal)
2026-03-11 08:34:56 [INFO] __main__: Сохранено 3 номеров для Отель Гранд Байкал
2026-03-11 08:34:56 [INFO] __main__: Запрашиваю kupechesky_dvor_hotel (kupechesky_dvor_hotel)
2026-03-11 08:34:57 [INFO] __main__: Сохранено 2 номеров для Отель Купеческий Дворъ
2026-03-11 08:34:57 [INFO] __main__: Запрашиваю amurskiy (amurskiy)
2026-03-11 08:34:57 [INFO] __main__: Сохранено 6 номеров для Отель Амурский
2026-03-11 08:34:57 [INFO] __main__: Запрашиваю less_guest_house (less_guest_house)
2026-03-11 08:34:58 [INFO] __main__: Сохранено 2 номеров для Меблированные комнаты Лесс
2026-03-11 08:34:58 [INFO] __main__: Запрашиваю city_park_hotel_13 (city_park_hotel_13)
2026-03-11 08:34:58 [INFO] __main__: Сохранено 3 номеров для Меблированные комнаты City Park
2026-03-11 08:34:58 [INFO] __main__: Запрашиваю hotel_aziyayevropa (hotel_aziyayevropa)
2026-03-11 08:34:59 [INFO] __main__: Сохранено 3 номеров для Отель Азия-Европа
2026-03-11 08:34:59 [INFO] __main__: Запрашиваю hotel_khotej (hotel_khotej)
2026-03-11 08:34:59 [INFO] __main__: Сохранено 1 номеров для Отель Хотэй
2026-03-11 08:34:59 [INFO] __main__: Запрашиваю v_samom_tsentre_irkutska_minihotel (v_samom_tsentre_irkutska_minihotel)
2026-03-11 08:35:00 [INFO] __main__: Сохранено 3 номеров для Отель В Сердце Иркутска
2026-03-11 08:35:00 [INFO] __main__: Запрашиваю miniotel_medveditsa (miniotel_medveditsa)
2026-03-11 08:35:00 [INFO] __main__: Сохранено 2 номеров для Меблированные комнаты Медведица
2026-03-11 08:35:00 [INFO] __main__: Запрашиваю irkutsk_city_lodge (irkutsk_city_lodge)
2026-03-11 08:35:01 [INFO] __main__: Сохранено 1 номеров для Отель Иркутск Сити Лодж
2026-03-11 08:35:01 [INFO] __main__: Запрашиваю baykal_guest_house_3 (baykal_guest_house_3)
2026-03-11 08:35:01 [INFO] __main__: Сохранено 4 номеров для Меблированные комнаты Байкал
2026-03-11 08:35:01 [INFO] __main__: Запрашиваю solnechny_guest_house_7 (solnechny_guest_house_7)
2026-03-11 08:35:02 [INFO] __main__: Сохранено 1 номеров для Cолнечный
2026-03-11 08:35:02 [INFO] __main__: Запрашиваю vesta_hotel_3 (vesta_hotel_3)
2026-03-11 08:35:03 [INFO] __main__: Сохранено 3 номеров для Отель Веста
2026-03-11 08:35:03 [INFO] __main__: Запрашиваю nebo_baykala_guest_house (nebo_baykala_guest_house)
2026-03-11 08:35:03 [INFO] __main__: Сохранено 3 номеров для Небо Байкала
2026-03-11 08:35:03 [INFO] __main__: Запрашиваю green_hotel_ (green_hotel_)
2026-03-11 08:35:06 [INFO] __main__: Сохранено 4 номеров для Грин Отель
2026-03-11 08:35:06 [INFO] __main__: Запрашиваю hotel_soyuz_2 (hotel_soyuz_2)
2026-03-11 08:35:06 [INFO] __main__: Сохранено 8 номеров для Жилое помещение Союз
2026-03-11 08:35:06 [INFO] __main__: Запрашиваю hotel_flagman_olkhona (hotel_flagman_olkhona)
2026-03-11 08:35:09 [INFO] __main__: Сохранено 1 номеров для Отель Флагман Ольхона
2026-03-11 08:35:09 [INFO] __main__: Запрашиваю lotos_hotel (lotos_hotel)
2026-03-11 08:35:10 [INFO] __main__: Сохранено 7 номеров для Отель Лотос
2026-03-11 08:35:10 [INFO] __main__: Запрашиваю otel_tsentral (otel_tsentral)
2026-03-11 08:35:10 [INFO] __main__: Сохранено 7 номеров для Отель Централь
2026-03-11 08:35:10 [INFO] __main__: Запрашиваю legend_of_baikal (legend_of_baikal)
2026-03-11 08:35:10 [INFO] __main__: Сохранено 6 номеров для Отель Легенда Байкала
2026-03-11 08:35:10 [INFO] __main__: Запрашиваю baikalskie_prostory (baikalskie_prostory)
2026-03-11 08:35:11 [INFO] __main__: Сохранено 5 номеров для Байкальские просторы
2026-03-11 08:35:11 [INFO] __main__: Запрашиваю yakovlev_hotel (yakovlev_hotel)
2026-03-11 08:35:12 [INFO] __main__: Сохранено 1 номеров для Отель Яковлевъ
2026-03-11 08:35:12 [INFO] __main__: Запрашиваю parus_18 (parus_18)
2026-03-11 08:35:13 [INFO] __main__: Сохранено 5 номеров для Курортный отель Парус
2026-03-11 08:35:13 [INFO] __main__: Запрашиваю lada_8 (lada_8)
2026-03-11 08:35:14 [INFO] __main__: Сохранено 5 номеров для Отель Гостиница ЛАДА
2026-03-11 08:35:14 [INFO] __main__: Запрашиваю hotel_kurshavel_ (hotel_kurshavel_)
2026-03-11 08:35:16 [INFO] __main__: Сохранено 5 номеров для Отель Куршавель
2026-03-11 08:35:16 [INFO] __main__: Запрашиваю dom_baykal_guest_house (dom_baykal_guest_house)
2026-03-11 08:35:19 [INFO] __main__: Сохранено 4 номеров для Меблированные комнаты Дом Байкал
2026-03-11 08:35:19 [INFO] __main__: Запрашиваю hotel_rodina_grand_hotel_spa_irkutsk_5 (hotel_rodina_grand_hotel_spa_irkutsk_5)
2026-03-11 08:35:19 [INFO] __main__: Сохранено 12 номеров для Отель RODINA Grand Hotel & SPA Irkutsk 5*
2026-03-11 08:35:19 [INFO] __main__: Запрашиваю hotel_kosmos_5 (hotel_kosmos_5)
2026-03-11 08:35:19 [INFO] __main__: Сохранено 5 номеров для Отель Космос
2026-03-11 08:35:19 [INFO] __main__: Запрашиваю baykal_khan_hotel_olkhon (baykal_khan_hotel_olkhon)
2026-03-11 08:35:22 [INFO] __main__: Сохранено 4 номеров для Отель Байкал-Хан Ольхон
2026-03-11 08:35:22 [INFO] __main__: Запрашиваю gostinitsa_undina (gostinitsa_undina)
2026-03-11 08:35:22 [INFO] __main__: Сохранено 4 номеров для Отель Ундина
2026-03-11 08:35:22 [INFO] __main__: Запрашиваю armat_hotel (armat_hotel)
2026-03-11 08:35:23 [INFO] __main__: Сохранено 12 номеров для Отель Armat
2026-03-11 08:35:23 [INFO] __main__: Запрашиваю mini_hotel_vizit (mini_hotel_vizit)
2026-03-11 08:35:23 [INFO] __main__: Сохранено 2 номеров для Гостиница Визит
2026-03-11 08:35:23 [INFO] __main__: Запрашиваю royal_hotel_33 (royal_hotel_33)
2026-03-11 08:35:23 [INFO] __main__: Сохранено 5 номеров для Отель Рояль
2026-03-11 08:35:23 [INFO] __main__: Запрашиваю hotel_gostinitsa_dinamo (hotel_gostinitsa_dinamo)
2026-03-11 08:35:24 [INFO] __main__: Сохранено 5 номеров для Отель Динамо
2026-03-11 08:35:24 [INFO] __main__: Запрашиваю krestovaya_pad_hotel (krestovaya_pad_hotel)
2026-03-11 08:35:25 [INFO] __main__: Сохранено 4 номеров для Гостиница Крестовая падь
2026-03-11 08:35:25 [INFO] __main__: Запрашиваю miniotel_serdtse_baykala (miniotel_serdtse_baykala)
2026-03-11 08:35:25 [INFO] __main__: Сохранено 1 номеров для Сердце Байкала
2026-03-11 08:35:25 [INFO] __main__: Запрашиваю olkhon_house_guest_family_house (olkhon_house_guest_family_house)
2026-03-11 08:35:25 [INFO] __main__: Сохранено 3 номеров для Olkhon Family House
2026-03-11 08:35:25 [INFO] __main__: Запрашиваю shelest (shelest)
2026-03-11 08:35:26 [INFO] __main__: Сохранено 2 номеров для Shelest
2026-03-11 08:35:26 [INFO] __main__: Запрашиваю gostevoj_dom_na_zvezdinskoj (gostevoj_dom_na_zvezdinskoj)
2026-03-11 08:35:28 [INFO] __main__: Сохранено 3 номеров для Отель на Звездинской
2026-03-11 08:35:28 [INFO] __main__: Запрашиваю bolshoe_puteshestvie_hotel (bolshoe_puteshestvie_hotel)
2026-03-11 08:35:30 [INFO] __main__: Сохранено 2 номеров для Ольхон
2026-03-11 08:35:30 [INFO] __main__: Запрашиваю lazurny_bereg_hotel_ (lazurny_bereg_hotel_)
2026-03-11 08:35:31 [INFO] __main__: Сохранено 2 номеров для Гостиница Лазурный берег
2026-03-11 08:35:31 [INFO] __main__: Запрашиваю marx_hotel (marx_hotel)
2026-03-11 08:35:32 [INFO] __main__: Сохранено 1 номеров для Отель Marx Hotel
2026-03-11 08:35:32 [INFO] __main__: Запрашиваю hotel_sozvezdie_baikala (hotel_sozvezdie_baikala)
2026-03-11 08:35:34 [INFO] __main__: Сохранено 6 номеров для Отель Созвездие Байкала
2026-03-11 08:35:34 [INFO] __main__: Запрашиваю gostevoy_dom_briz_3 (gostevoy_dom_briz_3)
2026-03-11 08:35:34 [INFO] __main__: Сохранено 2 номеров для Меблированные комнаты БРИЗ
2026-03-11 08:35:34 [INFO] __main__: Запрашиваю flagman_hotel_4 (flagman_hotel_4)
2026-03-11 08:35:35 [INFO] __main__: Сохранено 4 номеров для Отель Флагман
2026-03-11 08:35:35 [INFO] __main__: Запрашиваю history_boutiquehotel (history_boutiquehotel)
2026-03-11 08:35:37 [INFO] __main__: Сохранено 8 номеров для Отель History Boutique Hotel & SPA
2026-03-11 08:35:37 [INFO] __main__: Запрашиваю baikal_view_hotel (baikal_view_hotel)
2026-03-11 08:35:39 [INFO] __main__: Сохранено 7 номеров для Baikal View Hotel
2026-03-11 08:35:39 [INFO] __main__: Запрашиваю bely_bereg (bely_bereg)
2026-03-11 08:35:39 [INFO] __main__: Сохранено 2 номеров для Отель Белый берег
2026-03-11 08:35:39 [INFO] __main__: Запрашиваю eko_baikalwood_hotel (eko_baikalwood_hotel)
2026-03-11 08:35:43 [INFO] __main__: Сохранено 6 номеров для Отель Байкальский лес (BaikalWood Hotel&SPA)
2026-03-11 08:35:43 [INFO] __main__: Запрашиваю hotel_baikal_best_edelweiss (hotel_baikal_best_edelweiss)
2026-03-11 08:35:44 [INFO] __main__: Сохранено 8 номеров для Baikal Best Edelweiss
2026-03-11 08:35:44 [INFO] __main__: Запрашиваю gostevoy_dom_forest_home (gostevoy_dom_forest_home)
2026-03-11 08:35:44 [INFO] __main__: Сохранено 1 номеров для Forest Home
2026-03-11 08:35:44 [INFO] __main__: Запрашиваю ozerny_tulun_sports_complex_na_karbysheva_185_apartment (ozerny_tulun_sports_complex_na_karbysheva_185_apartment)
2026-03-11 08:35:45 [INFO] __main__: Сохранено 1 номеров для Спорткомплекс Озерный Тулун на Карбышева 185
2026-03-11 08:35:45 [INFO] __main__: Запрашиваю guest_house_vremena_goda (guest_house_vremena_goda)
2026-03-11 08:35:45 [INFO] __main__: Сохранено 0 номеров для Времена Года
2026-03-11 08:35:45 [INFO] __main__: Запрашиваю riderside (riderside)
2026-03-11 08:35:46 [INFO] __main__: Сохранено 1 номеров для Гостиница Riverside
2026-03-11 08:35:46 [INFO] __main__: Запрашиваю yolochka (yolochka)
2026-03-11 08:35:49 [INFO] __main__: Сохранено 9 номеров для Меблированные комнаты Ёлочка
2026-03-11 08:35:49 [INFO] __main__: Запрашиваю gostevoj_dom_otdyih_na_bajkale (gostevoj_dom_otdyih_na_bajkale)
2026-03-11 08:35:49 [INFO] __main__: Сохранено 0 номеров для Отель Отдых на Байкале
2026-03-11 08:35:49 [INFO] __main__: Запрашиваю domik_na_kholme_guest_house (domik_na_kholme_guest_house)
2026-03-11 08:35:49 [INFO] __main__: Сохранено 0 номеров для Меблированные комнаты Домик на холме
2026-03-11 08:35:49 [INFO] __main__: Запрашиваю u_istoka_hotel (u_istoka_hotel)
2026-03-11 08:35:50 [INFO] __main__: Сохранено 0 номеров для Гостиница У Истока
2026-03-11 08:35:50 [INFO] __main__: Запрашиваю alaniya (alaniya)
2026-03-11 08:35:50 [INFO] __main__: Сохранено 3 номеров для Алания
2026-03-11 08:35:50 [INFO] __main__: Запрашиваю private_house_uedinenny_dom_na_beregu_zhivopisnoy_zavodi (private_house_uedinenny_dom_na_beregu_zhivopisnoy_zavodi)
2026-03-11 08:35:51 [INFO] __main__: Сохранено 1 номеров для Байкал 51
2026-03-11 08:35:51 [INFO] __main__: Запрашиваю lenatour (lenatour)
2026-03-11 08:35:52 [INFO] __main__: Сохранено 4 номеров для Отель  Ленатур
2026-03-11 08:35:52 [INFO] __main__: Запрашиваю montana_hostel (montana_hostel)
2026-03-11 08:35:53 [INFO] __main__: Сохранено 2 номеров для Меблированные комнаты Montana
2026-03-11 08:35:53 [INFO] __main__: Запрашиваю uda_2 (uda_2)
2026-03-11 08:35:55 [INFO] __main__: Сохранено 6 номеров для Отель УДА
2026-03-11 08:35:55 [INFO] __main__: Запрашиваю lyuks_hotel_4 (lyuks_hotel_4)
2026-03-11 08:35:56 [INFO] __main__: Сохранено 1 номеров для Отель Люкс
2026-03-11 08:35:56 [INFO] __main__: Запрашиваю pribaikalskaya_hotel (pribaikalskaya_hotel)
2026-03-11 08:35:57 [INFO] __main__: Сохранено 3 номеров для Гостиница Прибайкальская
2026-03-11 08:35:57 [INFO] __main__: Запрашиваю dream_of_baikal_hotel (dream_of_baikal_hotel)
2026-03-11 08:35:57 [INFO] __main__: Сохранено 0 номеров для Отель Dream of Baikal
2026-03-11 08:35:57 [INFO] __main__: Запрашиваю gostinitsa_akademicheskaya (gostinitsa_akademicheskaya)
2026-03-11 08:35:57 [INFO] __main__: Сохранено 5 номеров для Отель Гостиница Академическая
2026-03-11 08:35:57 [INFO] __main__: Запрашиваю dauria_hotel_2 (dauria_hotel_2)
2026-03-11 08:35:58 [INFO] __main__: Сохранено 1 номеров для Отель Даурия
2026-03-11 08:35:58 [INFO] __main__: Запрашиваю recreation_complex_altan (recreation_complex_altan)
2026-03-11 08:36:00 [INFO] __main__: Сохранено 0 номеров для Парк-Отель Алтан
2026-03-11 08:36:00 [INFO] __main__: Запрашиваю brusinka (brusinka)
2026-03-11 08:36:01 [INFO] __main__: Сохранено 2 номеров для Меблированные комнаты Брусника
2026-03-11 08:36:01 [INFO] __main__: Запрашиваю hotel_shvedka (hotel_shvedka)
2026-03-11 08:36:02 [INFO] __main__: Сохранено 1 номеров для Отель ШВЕДКА
2026-03-11 08:36:02 [INFO] __main__: Запрашиваю vostochnaia (vostochnaia)
2026-03-11 08:36:03 [INFO] __main__: Сохранено 0 номеров для Гостиница Восточная
2026-03-11 08:36:03 [INFO] __main__: Запрашиваю hotel_nataly_2 (hotel_nataly_2)
2026-03-11 08:36:03 [INFO] __main__: Сохранено 4 номеров для Отель Натали
2026-03-11 08:36:03 [INFO] __main__: Запрашиваю u_lukomorya_4 (u_lukomorya_4)
2026-03-11 08:36:03 [INFO] __main__: Сохранено 0 номеров для У Лукоморья
2026-03-11 08:36:03 [INFO] __main__: Запрашиваю aura_living_quarters (aura_living_quarters)
2026-03-11 08:36:04 [INFO] __main__: Сохранено 0 номеров для Меблированные комнаты Аура
2026-03-11 08:36:04 [INFO] __main__: Запрашиваю tikhaya_gavan_4 (tikhaya_gavan_4)
2026-03-11 08:36:05 [INFO] __main__: Сохранено 1 номеров для Отель "Тихая Гавань"
2026-03-11 08:36:05 [INFO] __main__: Запрашиваю hotel_olimpiada (hotel_olimpiada)
2026-03-11 08:36:07 [INFO] __main__: Сохранено 5 номеров для Олимпиада
2026-03-11 08:36:07 [INFO] __main__: Запрашиваю bajkal_severnoe_more_hotel (bajkal_severnoe_more_hotel)
2026-03-11 08:36:08 [INFO] __main__: Сохранено 8 номеров для Отель Байкал - Северное Море
2026-03-11 08:36:08 [INFO] __main__: Запрашиваю hotel_yubileinaya__2 (hotel_yubileinaya__2)
2026-03-11 08:36:11 [INFO] __main__: Сохранено 4 номеров для Гостиница Юбилейная
2026-03-11 08:36:11 [INFO] __main__: Запрашиваю smart_hotel_kdo_irkutsk_hotel (smart_hotel_kdo_irkutsk_hotel)
2026-03-11 08:36:13 [INFO] __main__: Сохранено 3 номеров для Отель Smart Hotel Иркутск
2026-03-11 08:36:13 [INFO] __main__: Запрашиваю zvezda_kochevnika (zvezda_kochevnika)
2026-03-11 08:36:14 [INFO] __main__: Сохранено 3 номеров для Звезда Кочевника
2026-03-11 08:36:14 [INFO] __main__: Запрашиваю hotel_angara (hotel_angara)
2026-03-11 08:36:16 [INFO] __main__: Сохранено 6 номеров для Отель Ангара-Приоритет
2026-03-11 08:36:16 [INFO] __main__: Запрашиваю hotel_pushkin_2 (hotel_pushkin_2)
2026-03-11 08:36:18 [INFO] __main__: Сохранено 6 номеров для Отель ПушкинЪ
2026-03-11 08:36:18 [INFO] __main__: Запрашиваю flagman_hotel (flagman_hotel)
2026-03-11 08:36:18 [INFO] __main__: Сохранено 0 номеров для Отель Флагман
2026-03-11 08:36:18 [INFO] __main__: Запрашиваю momant_house_recreation_camp (momant_house_recreation_camp)
2026-03-11 08:36:18 [INFO] __main__: Сохранено 0 номеров для Momant house
2026-03-11 08:36:18 [INFO] __main__: Запрашиваю sportkompleks_ozerny_tulun_hotel (sportkompleks_ozerny_tulun_hotel)
2026-03-11 08:36:19 [INFO] __main__: Сохранено 1 номеров для Спорткомплекс Озерный Тулун
2026-03-11 08:36:19 [INFO] __main__: Запрашиваю gostevoy_dom_melodiya_baykala (gostevoy_dom_melodiya_baykala)
2026-03-11 08:36:19 [INFO] __main__: Сохранено 1 номеров для Гостевой дом Мелодия Байкала
2026-03-11 08:36:19 [INFO] __main__: Запрашиваю artrezidentsiya_port_olhon (artrezidentsiya_port_olhon)
2026-03-11 08:36:20 [INFO] __main__: Сохранено 0 номеров для Арт-отель Порт Ольхон
2026-03-11 08:36:20 [INFO] __main__: Запрашиваю the_hotel_on_volzhskaya (the_hotel_on_volzhskaya)
2026-03-11 08:36:21 [INFO] __main__: Сохранено 3 номеров для Гостиница на Волжской
2026-03-11 08:36:21 [INFO] __main__: Запрашиваю yupiter (yupiter)
2026-03-11 08:36:22 [INFO] __main__: Сохранено 2 номеров для Юпитер
2026-03-11 08:36:22 [INFO] __main__: Запрашиваю modul (modul)
2026-03-11 08:36:22 [INFO] __main__: Сохранено 0 номеров для Гостиница Комфорт
2026-03-11 08:36:22 [INFO] __main__: Запрашиваю meridian_7 (meridian_7)
2026-03-11 08:36:24 [INFO] __main__: Сохранено 2 номеров для Отель Меридиан
2026-03-11 08:36:24 [INFO] __main__: Запрашиваю hotelclub_ice (hotelclub_ice)
2026-03-11 08:36:26 [INFO] __main__: Сохранено 1 номеров для Отель Сибирская резиденция Лёд Байкала
2026-03-11 08:36:26 [INFO] __main__: Запрашиваю glemping_hygge_barn (glemping_hygge_barn)
2026-03-11 08:36:27 [INFO] __main__: Сохранено 1 номеров для Hygge Barn
2026-03-11 08:36:27 [INFO] __main__: Запрашиваю katantsa_hotel (katantsa_hotel)
2026-03-11 08:36:27 [INFO] __main__: Сохранено 0 номеров для Отель Катанца
2026-03-11 08:36:27 [INFO] __main__: Запрашиваю hotel_anastasiya_2 (hotel_anastasiya_2)
2026-03-11 08:36:28 [INFO] __main__: Сохранено 6 номеров для Отель ГК Анастасия
2026-03-11 08:36:28 [INFO] __main__: Запрашиваю magnetit (magnetit)
2026-03-11 08:36:28 [INFO] __main__: Сохранено 4 номеров для Отель Магнетит
2026-03-11 08:36:28 [INFO] __main__: Запрашиваю praskovya_guest_house (praskovya_guest_house)
2026-03-11 08:36:31 [INFO] __main__: Сохранено 4 номеров для Отель Прасковья
2026-03-11 08:36:31 [INFO] __main__: Запрашиваю gostevoi_dom_margobai (gostevoi_dom_margobai)
2026-03-11 08:36:34 [INFO] __main__: Сохранено 6 номеров для Отель Маргобай
2026-03-11 08:36:34 [INFO] __main__: Запрашиваю oktyabrskaya_minihotel (oktyabrskaya_minihotel)
2026-03-11 08:36:36 [INFO] __main__: Сохранено 2 номеров для Октябрьская
2026-03-11 08:36:36 [INFO] __main__: Запрашиваю metelitsa_6 (metelitsa_6)
2026-03-11 08:36:37 [INFO] __main__: Сохранено 2 номеров для Отель Метелица
2026-03-11 08:36:37 [INFO] __main__: Запрашиваю trakstop_38_2 (trakstop_38_2)
2026-03-11 08:36:39 [INFO] __main__: Сохранено 1 номеров для Trakstop 38
2026-03-11 08:36:39 [INFO] __main__: Запрашиваю luna_hotel_9 (luna_hotel_9)
2026-03-11 08:36:40 [INFO] __main__: Сохранено 3 номеров для Отель Луна
2026-03-11 08:36:40 [INFO] __main__: Запрашиваю mir_baykala_hotel (mir_baykala_hotel)
2026-03-11 08:36:42 [INFO] __main__: Сохранено 2 номеров для Отель Мир Байкала
2026-03-11 08:36:42 [INFO] __main__: Запрашиваю planeta_9 (planeta_9)
2026-03-11 08:36:43 [INFO] __main__: Сохранено 4 номеров для Планета
2026-03-11 08:36:43 [INFO] __main__: Запрашиваю baikal_capsule_hostel (baikal_capsule_hostel)
2026-03-11 08:36:44 [INFO] __main__: Сохранено 1 номеров для Байкал Капсул (Байкальская капсула)
2026-03-11 08:36:44 [INFO] __main__: Запрашиваю vitim (vitim)
2026-03-11 08:36:45 [INFO] __main__: Сохранено 1 номеров для Витим
2026-03-11 08:36:45 [INFO] __main__: Запрашиваю tochka_baykala_hotel (tochka_baykala_hotel)
2026-03-11 08:36:46 [INFO] __main__: Сохранено 0 номеров для Отель Точка Байкала
2026-03-11 08:36:46 [INFO] __main__: Запрашиваю home_hotel_apartments_home_wanted_on_piskunov_street (home_hotel_apartments_home_wanted_on_piskunov_street)
2026-03-11 08:36:47 [INFO] __main__: Сохранено 2 номеров для Апартаменты Home Hotel (Хоум Хотел) на улице Пискунова
2026-03-11 08:36:47 [INFO] __main__: Запрашиваю gostevoy_dom_isiger_baikal (gostevoy_dom_isiger_baikal)
2026-03-11 08:36:47 [INFO] __main__: Сохранено 0 номеров для Гостевой дом ISIGER BAIKAL
2026-03-11 08:36:47 [INFO] __main__: Запрашиваю gostevoy_dom_mandarkhan_obaykal (gostevoy_dom_mandarkhan_obaykal)
2026-03-11 08:36:48 [INFO] __main__: Сохранено 1 номеров для Мандархан, о.Байкал
2026-03-11 08:36:48 [INFO] __main__: Запрашиваю na_gornoy_ulitse_5_private_house (na_gornoy_ulitse_5_private_house)
2026-03-11 08:36:48 [INFO] __main__: Сохранено 0 номеров для Меблированные комнаты на Горной Улице 7Б
2026-03-11 08:36:48 [INFO] __main__: Запрашиваю izumrud_hotel_7 (izumrud_hotel_7)
2026-03-11 08:36:50 [INFO] __main__: Сохранено 4 номеров для Отель Изумруд
2026-03-11 08:36:50 [INFO] __main__: Запрашиваю v_russkom_stile_guest_house (v_russkom_stile_guest_house)
2026-03-11 08:36:51 [INFO] __main__: Сохранено 0 номеров для Меблированные комнаты в Русском Стиле
2026-03-11 08:36:51 [INFO] __main__: Запрашиваю komilfo_2 (komilfo_2)
2026-03-11 08:36:52 [INFO] __main__: Сохранено 5 номеров для Отель Комильфо
2026-03-11 08:36:52 [INFO] __main__: Запрашиваю barnkhaus_guest_house_4 (barnkhaus_guest_house_4)
2026-03-11 08:36:53 [INFO] __main__: Сохранено 0 номеров для Барнхаус
2026-03-11 08:36:53 [INFO] __main__: Запрашиваю loft_house_38_guest_house (loft_house_38_guest_house)
2026-03-11 08:36:53 [INFO] __main__: Сохранено 0 номеров для Loft House 38
2026-03-11 08:36:53 [INFO] __main__: Запрашиваю pekin_hotel (pekin_hotel)
2026-03-11 08:36:53 [INFO] __main__: Сохранено 2 номеров для Отель Пекин
2026-03-11 08:36:53 [INFO] __main__: Сохранено 474 номеров в /home/runner/work/ostrovok_parser/ostrovok_parser/tables/rooms/2026-03-11.csv
2026-03-11 08:36:53 [INFO] __main__: Парсинг завершён. Всего обработано 474 номеров.
2026-03-11 08:36:54 [INFO] __main__: Статистика сохранена в /home/runner/work/ostrovok_parser/ostrovok_parser/tables/statistics/2026-03-11.csv
2026-03-11 08:36:54 [INFO] __main__: Обработано 155 отелей
