2026-05-13 10:11:15 [INFO] __main__: Режим CI: увеличенные таймауты и ожидание networkidle.
2026-05-13 10:11:15 [INFO] __main__: Запуск парсера отелей...
2026-05-13 10:11:15 [INFO] __main__: Даты бронирования: 14.05.2026 - 15.05.2026
2026-05-13 10:11:17 [INFO] __main__: --- Страница 1 ---
2026-05-13 10:11:23 [INFO] __main__: Перехвачено и извлечено 20 отелей. Всего: 20
2026-05-13 10:12:08 [INFO] __main__: Добавлено 20 отелей со страницы 1. Переход на следующую страницу...
2026-05-13 10:12:11 [INFO] __main__: --- Страница 2 ---
2026-05-13 10:12:14 [INFO] __main__: Перехвачено и извлечено 20 отелей. Всего: 40
2026-05-13 10:13:00 [INFO] __main__: Добавлено 20 отелей со страницы 2. Переход на следующую страницу...
2026-05-13 10:13:02 [INFO] __main__: --- Страница 3 ---
2026-05-13 10:13:04 [INFO] __main__: Перехвачено и извлечено 20 отелей. Всего: 60
2026-05-13 10:13:09 [INFO] __main__: Добавлено 20 отелей со страницы 3. Переход на следующую страницу...
2026-05-13 10:13:12 [INFO] __main__: --- Страница 4 ---
2026-05-13 10:13:14 [INFO] __main__: Перехвачено и извлечено 20 отелей. Всего: 80
2026-05-13 10:14:03 [INFO] __main__: Добавлено 20 отелей со страницы 4. Переход на следующую страницу...
2026-05-13 10:14:05 [INFO] __main__: --- Страница 5 ---
2026-05-13 10:14:10 [INFO] __main__: Перехвачено и извлечено 20 отелей. Всего: 100
2026-05-13 10:14:55 [INFO] __main__: Добавлено 20 отелей со страницы 5. Переход на следующую страницу...
2026-05-13 10:14:57 [INFO] __main__: --- Страница 6 ---
2026-05-13 10:15:00 [INFO] __main__: Перехвачено и извлечено 20 отелей. Всего: 120
2026-05-13 10:15:06 [INFO] __main__: Добавлено 20 отелей со страницы 6. Переход на следующую страницу...
2026-05-13 10:15:08 [INFO] __main__: --- Страница 7 ---
2026-05-13 10:15:11 [INFO] __main__: Перехвачено и извлечено 20 отелей. Всего: 140
2026-05-13 10:16:00 [INFO] __main__: Добавлено 20 отелей со страницы 7. Переход на следующую страницу...
2026-05-13 10:16:02 [INFO] __main__: --- Страница 8 ---
2026-05-13 10:16:05 [INFO] __main__: Перехвачено и извлечено 20 отелей. Всего: 160
2026-05-13 10:16:53 [INFO] __main__: Добавлено 20 отелей со страницы 8. Переход на следующую страницу...
2026-05-13 10:16:55 [INFO] __main__: --- Страница 9 ---
2026-05-13 10:16:59 [INFO] __main__: Перехвачено и извлечено 20 отелей. Всего: 180
2026-05-13 10:17:45 [INFO] __main__: Добавлено 20 отелей со страницы 9. Переход на следующую страницу...
2026-05-13 10:17:47 [INFO] __main__: --- Страница 10 ---
2026-05-13 10:17:51 [INFO] __main__: Перехвачено и извлечено 6 отелей. Всего: 186
2026-05-13 10:17:55 [INFO] __main__: Добавлено 6 отелей со страницы 10. Переход на следующую страницу...
2026-05-13 10:17:58 [INFO] __main__: --- Страница 11 ---
2026-05-13 10:18:48 [WARNING] __main__: На странице 11 отелей не получено. Конец списка.
2026-05-13 10:18:48 [INFO] __main__: === Всего собрано отелей со всех страниц: 186 ===
2026-05-13 10:19:03 [INFO] __main__: Убрано дубликатов: 9. Уникальных отелей: 177
2026-05-13 10:19:03 [INFO] __main__: Сохранено 177 отелей в /home/runner/work/ostrovok_parser/ostrovok_parser/daily/hotels/2026-05-13.csv
2026-05-13 10:19:03 [INFO] __main__: Парсинг завершён. Всего обработано 177 отелей.
2026-05-13 10:19:03 [INFO] __main__: Каталог сохранён: 214 отелей → /home/runner/work/ostrovok_parser/ostrovok_parser/catalog/hotels.csv
2026-05-13 10:19:03 [INFO] __main__: Каталог обновлён: всего 214, новых 0
2026-05-13 10:19:06 [INFO] __main__: Даты бронирования: 14.05.2026 - 15.05.2026
2026-05-13 10:19:06 [INFO] __main__: Запуск браузера для получения куки...
2026-05-13 10:19:11 [INFO] __main__: Получено 56 куки
2026-05-13 10:19:11 [INFO] __main__: Запрашиваю irkutsk_city_center (irkutsk_city_center)
2026-05-13 10:19:12 [INFO] __main__: Сохранено 6 номеров для Отель Иркутск Сити Центр
2026-05-13 10:19:12 [INFO] __main__: Запрашиваю evropa_hotel (evropa_hotel)
2026-05-13 10:19:12 [INFO] __main__: Сохранено 7 номеров для Отель Европа
2026-05-13 10:19:12 [INFO] __main__: Запрашиваю tajga_hotel (tajga_hotel)
2026-05-13 10:19:13 [INFO] __main__: Сохранено 7 номеров для Отель Тайга
2026-05-13 10:19:13 [INFO] __main__: Запрашиваю best_eastern_hotel_zvezda (best_eastern_hotel_zvezda)
2026-05-13 10:19:14 [INFO] __main__: Сохранено 4 номеров для Отель Звезда
2026-05-13 10:19:14 [INFO] __main__: Запрашиваю yakovlev_hotel (yakovlev_hotel)
2026-05-13 10:19:15 [INFO] __main__: Сохранено 3 номеров для Отель Яковлевъ
2026-05-13 10:19:15 [INFO] __main__: Запрашиваю hotel_premium_hotel_pushkin (hotel_premium_hotel_pushkin)
2026-05-13 10:19:16 [INFO] __main__: Сохранено 6 номеров для Премиум-отель Пушкин
2026-05-13 10:19:16 [INFO] __main__: Запрашиваю grand_baikal (grand_baikal)
2026-05-13 10:19:24 [INFO] __main__: Сохранено 4 номеров для Отель Гранд Байкал
2026-05-13 10:19:24 [INFO] __main__: Запрашиваю rus_hotel_irkutsk (rus_hotel_irkutsk)
2026-05-13 10:19:25 [INFO] __main__: Сохранено 6 номеров для Гостиничный Комплекс Русь
2026-05-13 10:19:25 [INFO] __main__: Запрашиваю empire_hotel_3 (empire_hotel_3)
2026-05-13 10:19:25 [INFO] __main__: Сохранено 9 номеров для Гостиница Империя
2026-05-13 10:19:25 [INFO] __main__: Запрашиваю dohodnyij_dom_listratvoj_butikhotel (dohodnyij_dom_listratvoj_butikhotel)
2026-05-13 10:19:26 [INFO] __main__: Сохранено 5 номеров для Отель Доходный дом Листратовой
2026-05-13 10:19:26 [INFO] __main__: Запрашиваю hotel_nuur_hotel (hotel_nuur_hotel)
2026-05-13 10:19:27 [INFO] __main__: Сохранено 5 номеров для Отель Nuur Hotel
2026-05-13 10:19:27 [INFO] __main__: Запрашиваю apartamentyi_v_irkutske (apartamentyi_v_irkutske)
2026-05-13 10:19:27 [INFO] __main__: Сохранено 3 номеров для Меблированные комнаты в Иркутске
2026-05-13 10:19:27 [INFO] __main__: Запрашиваю miniotel_good_hotel (miniotel_good_hotel)
2026-05-13 10:19:29 [INFO] __main__: Сохранено 3 номеров для Мини-Отель Good Hotel
2026-05-13 10:19:29 [INFO] __main__: Запрашиваю otel_irkut (otel_irkut)
2026-05-13 10:19:29 [INFO] __main__: Сохранено 6 номеров для Отель Иркут
2026-05-13 10:19:29 [INFO] __main__: Запрашиваю bajkal_hotel (bajkal_hotel)
2026-05-13 10:19:30 [INFO] __main__: Сохранено 5 номеров для Отель Байкал
2026-05-13 10:19:30 [INFO] __main__: Запрашиваю azimut_aeroport_irkutsk_hotel (azimut_aeroport_irkutsk_hotel)
2026-05-13 10:19:30 [INFO] __main__: Сохранено 6 номеров для AZIMUT Отель Аэропорт Иркутск 4*
2026-05-13 10:19:30 [INFO] __main__: Запрашиваю atlas_hotel_3 (atlas_hotel_3)
2026-05-13 10:19:31 [INFO] __main__: Сохранено 5 номеров для Гостиница Атлас
2026-05-13 10:19:31 [INFO] __main__: Запрашиваю angara_hotel (angara_hotel)
2026-05-13 10:19:32 [INFO] __main__: Сохранено 6 номеров для Ангара Отель
2026-05-13 10:19:32 [INFO] __main__: Запрашиваю podlemorie_hotel (podlemorie_hotel)
2026-05-13 10:19:34 [INFO] __main__: Сохранено 4 номеров для Отель Подлеморье
2026-05-13 10:19:34 [INFO] __main__: Запрашиваю archi_apt_apartments (archi_apt_apartments)
2026-05-13 10:19:35 [INFO] __main__: Сохранено 2 номеров для Отель Baikal Archi Apt
2026-05-13 10:19:35 [INFO] __main__: Запрашиваю flagman_hotel_4 (flagman_hotel_4)
2026-05-13 10:19:36 [INFO] __main__: Сохранено 4 номеров для Отель Флагман
2026-05-13 10:19:36 [INFO] __main__: Запрашиваю flagman_hotel (flagman_hotel)
2026-05-13 10:19:37 [INFO] __main__: Сохранено 3 номеров для Отель Флагман
2026-05-13 10:19:37 [INFO] __main__: Запрашиваю mihail_strogov (mihail_strogov)
2026-05-13 10:19:39 [INFO] __main__: Сохранено 5 номеров для Отель Михаил Строгов
2026-05-13 10:19:39 [INFO] __main__: Запрашиваю chastny_dom_na_peskakh_guest_house (chastny_dom_na_peskakh_guest_house)
2026-05-13 10:19:40 [INFO] __main__: Сохранено 5 номеров для Частный Дом На Песках
2026-05-13 10:19:40 [INFO] __main__: Запрашиваю inn_business_hall (inn_business_hall)
2026-05-13 10:19:41 [INFO] __main__: Сохранено 4 номеров для Отель Business Hall
2026-05-13 10:19:41 [INFO] __main__: Запрашиваю artrezidentsiya_port_olhon (artrezidentsiya_port_olhon)
2026-05-13 10:19:42 [INFO] __main__: Сохранено 8 номеров для Арт-отель Порт Ольхон
2026-05-13 10:19:42 [INFO] __main__: Запрашиваю baykal_guest_house_3 (baykal_guest_house_3)
2026-05-13 10:19:43 [INFO] __main__: Сохранено 6 номеров для Меблированные комнаты Байкал
2026-05-13 10:19:43 [INFO] __main__: Запрашиваю dom_baykal_guest_house (dom_baykal_guest_house)
2026-05-13 10:19:44 [INFO] __main__: Сохранено 4 номеров для Меблированные комнаты Дом Байкал
2026-05-13 10:19:44 [INFO] __main__: Запрашиваю history_boutiquehotel (history_boutiquehotel)
2026-05-13 10:19:46 [INFO] __main__: Сохранено 8 номеров для Отель HISTORY Бутик-отель и СПА
2026-05-13 10:19:46 [INFO] __main__: Запрашиваю minihotel_albatros (minihotel_albatros)
2026-05-13 10:19:47 [INFO] __main__: Сохранено 3 номеров для Гостиница Альбатрос
2026-05-13 10:19:47 [INFO] __main__: Запрашиваю hotel_nataly_2 (hotel_nataly_2)
2026-05-13 10:20:01 [INFO] __main__: Сохранено 4 номеров для Отель Натали
2026-05-13 10:20:01 [INFO] __main__: Запрашиваю guest_house_baykaliya (guest_house_baykaliya)
2026-05-13 10:20:01 [INFO] __main__: Сохранено 2 номеров для Байкалия
2026-05-13 10:20:01 [INFO] __main__: Запрашиваю gostinitsa_solntse (gostinitsa_solntse)
2026-05-13 10:20:02 [INFO] __main__: Сохранено 4 номеров для Гостиница Солнце
2026-05-13 10:20:02 [INFO] __main__: Запрашиваю lotos_hotel (lotos_hotel)
2026-05-13 10:20:03 [INFO] __main__: Сохранено 5 номеров для Отель Лотос
2026-05-13 10:20:03 [INFO] __main__: Запрашиваю baikal_view_hotel (baikal_view_hotel)
2026-05-13 10:20:06 [INFO] __main__: Сохранено 7 номеров для Baikal View Hotel
2026-05-13 10:20:06 [INFO] __main__: Запрашиваю aura_living_quarters (aura_living_quarters)
2026-05-13 10:20:07 [INFO] __main__: Сохранено 1 номеров для Меблированные комнаты Аура
2026-05-13 10:20:07 [INFO] __main__: Запрашиваю montana_hostel (montana_hostel)
2026-05-13 10:20:07 [INFO] __main__: Сохранено 2 номеров для Меблированные комнаты Montana
2026-05-13 10:20:07 [INFO] __main__: Запрашиваю miniotel_medveditsa (miniotel_medveditsa)
2026-05-13 10:20:08 [INFO] __main__: Сохранено 2 номеров для Меблированные комнаты Медведица
2026-05-13 10:20:08 [INFO] __main__: Запрашиваю hotel_harats_inn (hotel_harats_inn)
2026-05-13 10:20:08 [INFO] __main__: Сохранено 4 номеров для Отель Harat's inn
2026-05-13 10:20:08 [INFO] __main__: Запрашиваю hotel_yubileinaya__2 (hotel_yubileinaya__2)
2026-05-13 10:20:10 [INFO] __main__: Сохранено 6 номеров для Гостиница Юбилейная
2026-05-13 10:20:10 [INFO] __main__: Запрашиваю alaniya (alaniya)
2026-05-13 10:20:10 [INFO] __main__: Сохранено 3 номеров для Алания
2026-05-13 10:20:10 [INFO] __main__: Запрашиваю aristokrat_hotel (aristokrat_hotel)
2026-05-13 10:20:12 [INFO] __main__: Сохранено 5 номеров для Отель Аристократ
2026-05-13 10:20:12 [INFO] __main__: Запрашиваю lenatour (lenatour)
2026-05-13 10:20:13 [INFO] __main__: Сохранено 4 номеров для Отель  Ленатур
2026-05-13 10:20:13 [INFO] __main__: Запрашиваю matreshka_hotel (matreshka_hotel)
2026-05-13 10:20:15 [INFO] __main__: Сохранено 10 номеров для Отель Матрешка
2026-05-13 10:20:15 [INFO] __main__: Запрашиваю hotel_sozvezdie_baikala (hotel_sozvezdie_baikala)
2026-05-13 10:20:17 [INFO] __main__: Сохранено 6 номеров для Отель Созвездие Байкала
2026-05-13 10:20:17 [INFO] __main__: Запрашиваю ibis_irkutsk_center (ibis_irkutsk_center)
2026-05-13 10:20:17 [INFO] __main__: Сохранено 3 номеров для Отель Ибис Иркутск Центр
2026-05-13 10:20:17 [INFO] __main__: Запрашиваю malinovka_3 (malinovka_3)
2026-05-13 10:20:18 [INFO] __main__: Сохранено 5 номеров для Малиновка
2026-05-13 10:20:18 [INFO] __main__: Запрашиваю legend_of_baikal (legend_of_baikal)
2026-05-13 10:20:18 [INFO] __main__: Сохранено 6 номеров для Отель Легенда Байкала
2026-05-13 10:20:18 [INFO] __main__: Запрашиваю mayak_hotel_listvyanka (mayak_hotel_listvyanka)
2026-05-13 10:20:19 [INFO] __main__: Сохранено 16 номеров для Отель Маяк
2026-05-13 10:20:19 [INFO] __main__: Запрашиваю city_park_hotel_13 (city_park_hotel_13)
2026-05-13 10:20:20 [INFO] __main__: Сохранено 5 номеров для Меблированные комнаты City Park
2026-05-13 10:20:20 [INFO] __main__: Запрашиваю baza_otdykha_olkhon (baza_otdykha_olkhon)
2026-05-13 10:20:20 [INFO] __main__: Сохранено 3 номеров для База отдыха Ольхон
2026-05-13 10:20:20 [INFO] __main__: Запрашиваю apartments_viking_khaus (apartments_viking_khaus)
2026-05-13 10:20:21 [INFO] __main__: Сохранено 2 номеров для Викинг Хаус
2026-05-13 10:20:21 [INFO] __main__: Запрашиваю praskovya_guest_house (praskovya_guest_house)
2026-05-13 10:20:22 [INFO] __main__: Сохранено 4 номеров для Отель Прасковья
2026-05-13 10:20:22 [INFO] __main__: Запрашиваю baykal_shale_guest_house (baykal_shale_guest_house)
2026-05-13 10:20:24 [INFO] __main__: Сохранено 2 номеров для Байкал Шале
2026-05-13 10:20:24 [INFO] __main__: Запрашиваю minihotel_panda (minihotel_panda)
2026-05-13 10:20:24 [INFO] __main__: Сохранено 5 номеров для Отель ДиаДэй
2026-05-13 10:20:24 [INFO] __main__: Запрашиваю eko_baikalwood_hotel (eko_baikalwood_hotel)
2026-05-13 10:20:25 [INFO] __main__: Сохранено 10 номеров для Отель Байкальский лес (BaikalWood Hotel&SPA)
2026-05-13 10:20:25 [INFO] __main__: Запрашиваю miniotel_serdtse_baykala (miniotel_serdtse_baykala)
2026-05-13 10:20:25 [INFO] __main__: Сохранено 2 номеров для Сердце Байкала
2026-05-13 10:20:25 [INFO] __main__: Запрашиваю olkhon_inn (olkhon_inn)
2026-05-13 10:20:28 [INFO] __main__: Сохранено 1 номеров для Ольхон Инн
2026-05-13 10:20:28 [INFO] __main__: Запрашиваю lyuks_hotel_4 (lyuks_hotel_4)
2026-05-13 10:20:28 [INFO] __main__: Сохранено 3 номеров для Отель Люкс
2026-05-13 10:20:28 [INFO] __main__: Запрашиваю hotel_pushkin_2 (hotel_pushkin_2)
2026-05-13 10:20:30 [INFO] __main__: Сохранено 6 номеров для Отель ПушкинЪ
2026-05-13 10:20:30 [INFO] __main__: Запрашиваю hotel_soyuz_2 (hotel_soyuz_2)
2026-05-13 10:20:31 [INFO] __main__: Сохранено 7 номеров для Жилое помещение Союз
2026-05-13 10:20:31 [INFO] __main__: Запрашиваю taiga_2 (taiga_2)
2026-05-13 10:20:32 [INFO] __main__: Сохранено 3 номеров для Отель Taiga
2026-05-13 10:20:32 [INFO] __main__: Запрашиваю baikal_business_center_hotel (baikal_business_center_hotel)
2026-05-13 10:20:32 [INFO] __main__: Сохранено 6 номеров для Отель Байкал Бизнес Центр
2026-05-13 10:20:32 [INFO] __main__: Запрашиваю burduguz_hotel_2 (burduguz_hotel_2)
2026-05-13 10:20:33 [INFO] __main__: Сохранено 8 номеров для Парк-Отель Бурдугуз
2026-05-13 10:20:33 [INFO] __main__: Запрашиваю tsentr_otdykha_dashi (tsentr_otdykha_dashi)
2026-05-13 10:20:33 [INFO] __main__: Сохранено 4 номеров для Центр отдыха Да-ши
2026-05-13 10:20:33 [INFO] __main__: Запрашиваю gostinitsa_akademicheskaya (gostinitsa_akademicheskaya)
2026-05-13 10:20:34 [INFO] __main__: Сохранено 5 номеров для Отель Гостиница Академическая
2026-05-13 10:20:34 [INFO] __main__: Запрашиваю azatai_park_hotel (azatai_park_hotel)
2026-05-13 10:20:37 [INFO] __main__: Сохранено 5 номеров для Парк-отель "Азатай"
2026-05-13 10:20:37 [INFO] __main__: Запрашиваю alpari (alpari)
2026-05-13 10:20:38 [INFO] __main__: Сохранено 2 номеров для Гостиница Альпари
2026-05-13 10:20:38 [INFO] __main__: Запрашиваю lazurny_bereg_hotel_ (lazurny_bereg_hotel_)
2026-05-13 10:20:40 [INFO] __main__: Сохранено 3 номеров для Гостиница Лазурный берег
2026-05-13 10:20:40 [INFO] __main__: Запрашиваю magas (magas)
2026-05-13 10:20:41 [INFO] __main__: Сохранено 7 номеров для Отель на Перроне
2026-05-13 10:20:41 [INFO] __main__: Запрашиваю uda_2 (uda_2)
2026-05-13 10:20:43 [INFO] __main__: Сохранено 6 номеров для Отель УДА
2026-05-13 10:20:43 [INFO] __main__: Запрашиваю mini_hotel_vizit (mini_hotel_vizit)
2026-05-13 10:20:44 [INFO] __main__: Сохранено 2 номеров для Гостиница Визит
2026-05-13 10:20:44 [INFO] __main__: Запрашиваю kheyvitsa_guest_house (kheyvitsa_guest_house)
2026-05-13 10:20:46 [INFO] __main__: Сохранено 6 номеров для Отель Гостевой Дом Хейвица
2026-05-13 10:20:46 [INFO] __main__: Запрашиваю baykal_khan_hotel_olkhon (baykal_khan_hotel_olkhon)
2026-05-13 10:20:48 [INFO] __main__: Сохранено 2 номеров для Отель Байкал-Хан Ольхон
2026-05-13 10:20:48 [INFO] __main__: Запрашиваю dauria_hotel_2 (dauria_hotel_2)
2026-05-13 10:20:48 [INFO] __main__: Сохранено 5 номеров для Отель Даурия
2026-05-13 10:20:48 [INFO] __main__: Запрашиваю hotel_barguzin (hotel_barguzin)
2026-05-13 10:20:49 [INFO] __main__: Сохранено 4 номеров для Меблированные комнаты Баргузин
2026-05-13 10:20:49 [INFO] __main__: Запрашиваю baykkalina_guest_house (baykkalina_guest_house)
2026-05-13 10:20:49 [INFO] __main__: Сохранено 3 номеров для БайкКалина
2026-05-13 10:20:49 [INFO] __main__: Запрашиваю tri_kita_2 (tri_kita_2)
2026-05-13 10:20:50 [INFO] __main__: Сохранено 2 номеров для Отель Три Кита
2026-05-13 10:20:50 [INFO] __main__: Запрашиваю legendy_baykala (legendy_baykala)
2026-05-13 10:20:50 [INFO] __main__: Сохранено 4 номеров для Гостиница Легенды Байкала
2026-05-13 10:20:50 [INFO] __main__: Запрашиваю hotel_anastasiya_2 (hotel_anastasiya_2)
2026-05-13 10:20:51 [INFO] __main__: Сохранено 12 номеров для Отель ГК Анастасия
2026-05-13 10:20:51 [INFO] __main__: Запрашиваю gostinitsa_ustilim (gostinitsa_ustilim)
2026-05-13 10:20:54 [INFO] __main__: Сохранено 7 номеров для Усть-Илим
2026-05-13 10:20:54 [INFO] __main__: Запрашиваю royal_hotel_33 (royal_hotel_33)
2026-05-13 10:20:54 [INFO] __main__: Сохранено 4 номеров для Отель Рояль
2026-05-13 10:20:54 [INFO] __main__: Запрашиваю bajkal_severnoe_more_hotel (bajkal_severnoe_more_hotel)
2026-05-13 10:20:56 [INFO] __main__: Сохранено 8 номеров для Отель Байкал - Северное Море
2026-05-13 10:20:56 [INFO] __main__: Запрашиваю hotel_olimpiada (hotel_olimpiada)
2026-05-13 10:20:59 [INFO] __main__: Сохранено 5 номеров для Олимпиада
2026-05-13 10:20:59 [INFO] __main__: Запрашиваю beliy_sobol_parkhotel (beliy_sobol_parkhotel)
2026-05-13 10:21:00 [INFO] __main__: Сохранено 4 номеров для Парк-отель Белый Соболь
2026-05-13 10:21:00 [INFO] __main__: Запрашиваю kupechesky_dvor_hotel (kupechesky_dvor_hotel)
2026-05-13 10:21:03 [INFO] __main__: Сохранено 7 номеров для Отель Купеческий Дворъ
2026-05-13 10:21:03 [INFO] __main__: Запрашиваю domik_na_kholme_guest_house (domik_na_kholme_guest_house)
2026-05-13 10:21:04 [INFO] __main__: Сохранено 1 номеров для Меблированные комнаты Домик на холме
2026-05-13 10:21:04 [INFO] __main__: Запрашиваю saturn_8 (saturn_8)
2026-05-13 10:21:06 [INFO] __main__: Сохранено 2 номеров для Сатурн
2026-05-13 10:21:06 [INFO] __main__: Запрашиваю svetly_aparthotel (svetly_aparthotel)
2026-05-13 10:21:07 [INFO] __main__: Сохранено 2 номеров для Отель Светлый
2026-05-13 10:21:07 [INFO] __main__: Запрашиваю bely_bereg (bely_bereg)
2026-05-13 10:21:08 [INFO] __main__: Сохранено 2 номеров для Отель Белый берег
2026-05-13 10:21:08 [INFO] __main__: Запрашиваю luna_hotel_9 (luna_hotel_9)
2026-05-13 10:21:11 [INFO] __main__: Сохранено 2 номеров для Отель Луна
2026-05-13 10:21:11 [INFO] __main__: Запрашиваю 7_dorog (7_dorog)
2026-05-13 10:21:12 [INFO] __main__: Сохранено 4 номеров для Гостиница 7 дорог
2026-05-13 10:21:12 [INFO] __main__: Запрашиваю hotel_kurshavel_ (hotel_kurshavel_)
2026-05-13 10:21:13 [INFO] __main__: Сохранено 5 номеров для Отель Куршавель
2026-05-13 10:21:13 [INFO] __main__: Запрашиваю nochleg_i_zavtrak_bb_shambala (nochleg_i_zavtrak_bb_shambala)
2026-05-13 10:21:16 [INFO] __main__: Сохранено 1 номеров для Загородный отель Шамбала
2026-05-13 10:21:16 [INFO] __main__: Запрашиваю smart_hotel_kdo_irkutsk_hotel (smart_hotel_kdo_irkutsk_hotel)
2026-05-13 10:21:17 [INFO] __main__: Сохранено 3 номеров для Отель Smart Hotel Иркутск
2026-05-13 10:21:17 [INFO] __main__: Запрашиваю larus (larus)
2026-05-13 10:21:18 [INFO] __main__: Сохранено 0 номеров для Отель Ларус
2026-05-13 10:21:18 [INFO] __main__: Запрашиваю profsoyuznaya_hotel_4 (profsoyuznaya_hotel_4)
2026-05-13 10:21:18 [INFO] __main__: Сохранено 1 номеров для Отель Профсоюзная
2026-05-13 10:21:18 [INFO] __main__: Запрашиваю tikhaya_gavan_4 (tikhaya_gavan_4)
2026-05-13 10:21:19 [INFO] __main__: Сохранено 2 номеров для Отель "Тихая Гавань"
2026-05-13 10:21:19 [INFO] __main__: Запрашиваю armat_hotel (armat_hotel)
2026-05-13 10:21:20 [INFO] __main__: Сохранено 10 номеров для Отель Армат
2026-05-13 10:21:20 [INFO] __main__: Запрашиваю momant_house_recreation_camp (momant_house_recreation_camp)
2026-05-13 10:21:21 [INFO] __main__: Сохранено 0 номеров для Momant house
2026-05-13 10:21:21 [INFO] __main__: Запрашиваю solnechny_guest_house_7 (solnechny_guest_house_7)
2026-05-13 10:21:21 [INFO] __main__: Сохранено 0 номеров для Cолнечный
2026-05-13 10:21:21 [INFO] __main__: Запрашиваю marx_hotel (marx_hotel)
2026-05-13 10:21:22 [INFO] __main__: Сохранено 0 номеров для Отель Маркс
2026-05-13 10:21:22 [INFO] __main__: Запрашиваю vostochnaia (vostochnaia)
2026-05-13 10:21:23 [INFO] __main__: Сохранено 0 номеров для Гостиница Восточная
2026-05-13 10:21:23 [INFO] __main__: Запрашиваю gostevoj_dom_na_zvezdinskoj (gostevoj_dom_na_zvezdinskoj)
2026-05-13 10:21:25 [INFO] __main__: Сохранено 3 номеров для Отель на Звездинской
2026-05-13 10:21:25 [INFO] __main__: Запрашиваю planeta_9 (planeta_9)
2026-05-13 10:21:27 [INFO] __main__: Сохранено 4 номеров для Планета
2026-05-13 10:21:27 [INFO] __main__: Запрашиваю hotel_angara (hotel_angara)
2026-05-13 10:21:29 [INFO] __main__: Сохранено 6 номеров для Отель Ангара-Приоритет
2026-05-13 10:21:29 [INFO] __main__: Запрашиваю hotel_complex_baikalov_ostrog (hotel_complex_baikalov_ostrog)
2026-05-13 10:21:29 [INFO] __main__: Сохранено 5 номеров для Гостиница Байкалов Острог
2026-05-13 10:21:29 [INFO] __main__: Запрашиваю oktyabrskaya_minihotel (oktyabrskaya_minihotel)
2026-05-13 10:21:31 [INFO] __main__: Сохранено 4 номеров для Октябрьская
2026-05-13 10:21:31 [INFO] __main__: Запрашиваю dream_of_baikal_hotel (dream_of_baikal_hotel)
2026-05-13 10:21:31 [INFO] __main__: Сохранено 0 номеров для Отель Dream of Baikal
2026-05-13 10:21:31 [INFO] __main__: Запрашиваю vitim (vitim)
2026-05-13 10:21:33 [INFO] __main__: Сохранено 3 номеров для Витим
2026-05-13 10:21:33 [INFO] __main__: Запрашиваю olkhonstory_guest_house (olkhonstory_guest_house)
2026-05-13 10:21:33 [INFO] __main__: Сохранено 2 номеров для Ольхон стори
2026-05-13 10:21:33 [INFO] __main__: Запрашиваю wind_lake_guest_house (wind_lake_guest_house)
2026-05-13 10:21:34 [INFO] __main__: Сохранено 5 номеров для Wind Lake
2026-05-13 10:21:34 [INFO] __main__: Запрашиваю international_hotel_sayen (international_hotel_sayen)
2026-05-13 10:21:34 [INFO] __main__: Сохранено 7 номеров для SAYEN
2026-05-13 10:21:34 [INFO] __main__: Запрашиваю katantsa_hotel (katantsa_hotel)
2026-05-13 10:21:34 [INFO] __main__: Сохранено 0 номеров для Отель Катанца
2026-05-13 10:21:34 [INFO] __main__: Запрашиваю hotel_rodina_grand_hotel_spa_irkutsk_5 (hotel_rodina_grand_hotel_spa_irkutsk_5)
2026-05-13 10:21:35 [INFO] __main__: Сохранено 11 номеров для Отель RODINA Grand Hotel & SPA Irkutsk 5*
2026-05-13 10:21:35 [INFO] __main__: Запрашиваю hotel_u_ruchyya (hotel_u_ruchyya)
2026-05-13 10:21:35 [INFO] __main__: Сохранено 0 номеров для Отель У ручья
2026-05-13 10:21:35 [INFO] __main__: Запрашиваю gostevoy_dom_melodiya_baykala (gostevoy_dom_melodiya_baykala)
2026-05-13 10:21:36 [INFO] __main__: Сохранено 1 номеров для Гостевой дом Мелодия Байкала
2026-05-13 10:21:36 [INFO] __main__: Запрашиваю modul (modul)
2026-05-13 10:21:36 [INFO] __main__: Сохранено 0 номеров для Гостиница Комфорт
2026-05-13 10:21:36 [INFO] __main__: Запрашиваю v_samom_tsentre_irkutska_minihotel (v_samom_tsentre_irkutska_minihotel)
2026-05-13 10:21:36 [INFO] __main__: Сохранено 3 номеров для Отель В Сердце Иркутска
2026-05-13 10:21:36 [INFO] __main__: Запрашиваю irkutsk_city_lodge (irkutsk_city_lodge)
2026-05-13 10:21:37 [INFO] __main__: Сохранено 0 номеров для Отель Иркутск Сити Лодж
2026-05-13 10:21:37 [INFO] __main__: Запрашиваю gostevoy_dom_holiday_park_on_olkhon (gostevoy_dom_holiday_park_on_olkhon)
2026-05-13 10:21:37 [INFO] __main__: Сохранено 2 номеров для Holiday park on Olkhon
2026-05-13 10:21:37 [INFO] __main__: Запрашиваю gostevoy_dom_chilla_villa_baikal (gostevoy_dom_chilla_villa_baikal)
2026-05-13 10:21:39 [INFO] __main__: Сохранено 0 номеров для Гостевой дом Chilla_villa_baikal
2026-05-13 10:21:39 [INFO] __main__: Запрашиваю guesthouse_dudeevukh (guesthouse_dudeevukh)
2026-05-13 10:21:39 [INFO] __main__: Сохранено 0 номеров для Меблированные комнаты Дудеевых
2026-05-13 10:21:39 [INFO] __main__: Запрашиваю lada_8 (lada_8)
2026-05-13 10:21:39 [INFO] __main__: Сохранено 0 номеров для Отель Гостиница ЛАДА
2026-05-13 10:21:39 [INFO] __main__: Запрашиваю less_guest_house (less_guest_house)
2026-05-13 10:21:40 [INFO] __main__: Сохранено 2 номеров для Меблированные комнаты Лесс
2026-05-13 10:21:40 [INFO] __main__: Запрашиваю parus_18 (parus_18)
2026-05-13 10:21:40 [INFO] __main__: Сохранено 0 номеров для Курортный отель Парус
2026-05-13 10:21:40 [INFO] __main__: Запрашиваю geser_recreation_center (geser_recreation_center)
2026-05-13 10:21:41 [INFO] __main__: Сохранено 0 номеров для База отдыха ГЭСЭР
2026-05-13 10:21:41 [INFO] __main__: Запрашиваю u_lukomorya_4 (u_lukomorya_4)
2026-05-13 10:21:41 [INFO] __main__: Сохранено 0 номеров для У Лукоморья
2026-05-13 10:21:41 [INFO] __main__: Запрашиваю amurskiy (amurskiy)
2026-05-13 10:21:42 [INFO] __main__: Сохранено 4 номеров для Отель Амурский
2026-05-13 10:21:42 [INFO] __main__: Запрашиваю riderside (riderside)
2026-05-13 10:21:44 [INFO] __main__: Сохранено 1 номеров для Гостиница Riverside
2026-05-13 10:21:44 [INFO] __main__: Запрашиваю bajkalskie_sezonyi (bajkalskie_sezonyi)
2026-05-13 10:21:47 [INFO] __main__: Сохранено 5 номеров для Отель Парк Байкальские сезоны
2026-05-13 10:21:47 [INFO] __main__: Запрашиваю recreation_centre_baikal_rainbow (recreation_centre_baikal_rainbow)
2026-05-13 10:21:49 [INFO] __main__: Сохранено 2 номеров для База отдыха Байкальская Радуга
2026-05-13 10:21:49 [INFO] __main__: Запрашиваю the_hotel_on_volzhskaya (the_hotel_on_volzhskaya)
2026-05-13 10:21:51 [INFO] __main__: Сохранено 3 номеров для Гостиница на Волжской
2026-05-13 10:21:51 [INFO] __main__: Запрашиваю green_hotel_ (green_hotel_)
2026-05-13 10:21:53 [INFO] __main__: Сохранено 5 номеров для Грин Отель
2026-05-13 10:21:53 [INFO] __main__: Запрашиваю arena_g_irkutsk (arena_g_irkutsk)
2026-05-13 10:21:55 [INFO] __main__: Сохранено 3 номеров для Отель Арена Иркутск
2026-05-13 10:21:55 [INFO] __main__: Запрашиваю baza_otdykha_village_hvoy (baza_otdykha_village_hvoy)
2026-05-13 10:21:55 [INFO] __main__: Сохранено 4 номеров для Вилладж Хвоя
2026-05-13 10:21:55 [INFO] __main__: Запрашиваю hotel_khotej (hotel_khotej)
2026-05-13 10:21:56 [INFO] __main__: Сохранено 0 номеров для Отель Хотэй
2026-05-13 10:21:56 [INFO] __main__: Запрашиваю u_istoka_hotel (u_istoka_hotel)
2026-05-13 10:21:56 [INFO] __main__: Сохранено 0 номеров для Гостиница У Истока
2026-05-13 10:21:56 [INFO] __main__: Запрашиваю recreation_complex_altan (recreation_complex_altan)
2026-05-13 10:21:59 [INFO] __main__: Сохранено 0 номеров для Парк-Отель Алтан
2026-05-13 10:21:59 [INFO] __main__: Запрашиваю gostevoi_dom_margobai (gostevoi_dom_margobai)
2026-05-13 10:22:00 [INFO] __main__: Сохранено 6 номеров для Отель Маргобай
2026-05-13 10:22:00 [INFO] __main__: Запрашиваю metelitsa_6 (metelitsa_6)
2026-05-13 10:22:01 [INFO] __main__: Сохранено 2 номеров для Отель Метелица
2026-05-13 10:22:01 [INFO] __main__: Запрашиваю hotel_baikal_best_edelweiss (hotel_baikal_best_edelweiss)
2026-05-13 10:22:02 [INFO] __main__: Сохранено 0 номеров для Baikal Best Edelweiss
2026-05-13 10:22:02 [INFO] __main__: Запрашиваю pribaikalskaya_hotel (pribaikalskaya_hotel)
2026-05-13 10:22:04 [INFO] __main__: Сохранено 4 номеров для Гостиница Прибайкальская
2026-05-13 10:22:04 [INFO] __main__: Запрашиваю gloria_20 (gloria_20)
2026-05-13 10:22:05 [INFO] __main__: Сохранено 0 номеров для Отель Глория
2026-05-13 10:22:05 [INFO] __main__: Запрашиваю hotel_kosmos_5 (hotel_kosmos_5)
2026-05-13 10:22:05 [INFO] __main__: Сохранено 5 номеров для Отель Космос
2026-05-13 10:22:05 [INFO] __main__: Запрашиваю bajkalkemp (bajkalkemp)
2026-05-13 10:22:06 [INFO] __main__: Сохранено 1 номеров для Байкал-кэмп
2026-05-13 10:22:06 [INFO] __main__: Запрашиваю vesta_hotel_3 (vesta_hotel_3)
2026-05-13 10:22:07 [INFO] __main__: Сохранено 3 номеров для Отель Веста
2026-05-13 10:22:07 [INFO] __main__: Запрашиваю gostevoj_dom_otdyih_na_bajkale (gostevoj_dom_otdyih_na_bajkale)
2026-05-13 10:22:08 [INFO] __main__: Сохранено 0 номеров для Отель Отдых на Байкале
2026-05-13 10:22:08 [INFO] __main__: Запрашиваю yupiter (yupiter)
2026-05-13 10:22:09 [INFO] __main__: Сохранено 2 номеров для Юпитер
2026-05-13 10:22:09 [INFO] __main__: Запрашиваю olkhon_house_guest_family_house (olkhon_house_guest_family_house)
2026-05-13 10:22:09 [INFO] __main__: Сохранено 0 номеров для Olkhon Family House
2026-05-13 10:22:09 [INFO] __main__: Запрашиваю hotel_gostinitsa_avtovokzal (hotel_gostinitsa_avtovokzal)
2026-05-13 10:22:10 [INFO] __main__: Сохранено 2 номеров для Отель Автовокзал
2026-05-13 10:22:10 [INFO] __main__: Запрашиваю trakstop_38_2 (trakstop_38_2)
2026-05-13 10:22:12 [INFO] __main__: Сохранено 1 номеров для Тракстоп 38
2026-05-13 10:22:12 [INFO] __main__: Запрашиваю khoromy_recreation_camp (khoromy_recreation_camp)
2026-05-13 10:22:12 [INFO] __main__: Сохранено 4 номеров для Хоромы
2026-05-13 10:22:12 [INFO] __main__: Запрашиваю hotel_gostinitsa_dinamo (hotel_gostinitsa_dinamo)
2026-05-13 10:22:12 [INFO] __main__: Сохранено 5 номеров для Отель Динамо
2026-05-13 10:22:12 [INFO] __main__: Запрашиваю zvezda_kochevnika (zvezda_kochevnika)
2026-05-13 10:22:14 [INFO] __main__: Сохранено 4 номеров для Отель Звезда Кочевника
2026-05-13 10:22:14 [INFO] __main__: Запрашиваю mir_baykala_hotel (mir_baykala_hotel)
2026-05-13 10:22:16 [INFO] __main__: Сохранено 2 номеров для Отель Мир Байкала
2026-05-13 10:22:16 [INFO] __main__: Запрашиваю baikal_capsule_hostel (baikal_capsule_hostel)
2026-05-13 10:22:18 [INFO] __main__: Сохранено 1 номеров для Байкал Капсул (Байкальская капсула)
2026-05-13 10:22:18 [INFO] __main__: Запрашиваю gostevoy_dom_isiger_baikal (gostevoy_dom_isiger_baikal)
2026-05-13 10:22:19 [INFO] __main__: Сохранено 0 номеров для Гостевой дом ISIGER BAIKAL
2026-05-13 10:22:19 [INFO] __main__: Запрашиваю gostevoy_dom_mandarkhan_obaykal (gostevoy_dom_mandarkhan_obaykal)
2026-05-13 10:22:19 [INFO] __main__: Сохранено 1 номеров для Мандархан, о.Байкал
2026-05-13 10:22:19 [INFO] __main__: Запрашиваю hotel_aziyayevropa (hotel_aziyayevropa)
2026-05-13 10:22:21 [INFO] __main__: Сохранено 3 номеров для Отель Азия-Европа
2026-05-13 10:22:21 [INFO] __main__: Запрашиваю na_gornoy_ulitse_5_private_house (na_gornoy_ulitse_5_private_house)
2026-05-13 10:22:21 [INFO] __main__: Сохранено 0 номеров для Меблированные комнаты на Горной Улице 7Б
2026-05-13 10:22:21 [INFO] __main__: Запрашиваю rezidentsii_rodina_irkutsk (rezidentsii_rodina_irkutsk)
2026-05-13 10:22:22 [INFO] __main__: Сохранено 3 номеров для Резиденции Rodina Irkutsk
2026-05-13 10:22:22 [INFO] __main__: Запрашиваю olkhon_village_guest_house (olkhon_village_guest_house)
2026-05-13 10:22:22 [INFO] __main__: Сохранено 1 номеров для Меблированные комнаты Olkhon Village
2026-05-13 10:22:22 [INFO] __main__: Запрашиваю izumrud_hotel_7 (izumrud_hotel_7)
2026-05-13 10:22:24 [INFO] __main__: Сохранено 4 номеров для Отель Изумруд
2026-05-13 10:22:24 [INFO] __main__: Запрашиваю dlya_kompanii_guest_house (dlya_kompanii_guest_house)
2026-05-13 10:22:25 [INFO] __main__: Сохранено 1 номеров для Для компании
2026-05-13 10:22:25 [INFO] __main__: Запрашиваю v_russkom_stile_guest_house (v_russkom_stile_guest_house)
2026-05-13 10:22:25 [INFO] __main__: Сохранено 0 номеров для Меблированные комнаты в Русском Стиле
2026-05-13 10:22:25 [INFO] __main__: Запрашиваю komilfo_2 (komilfo_2)
2026-05-13 10:22:27 [INFO] __main__: Сохранено 6 номеров для Отель Комильфо
2026-05-13 10:22:27 [INFO] __main__: Запрашиваю hotelclub_ice (hotelclub_ice)
2026-05-13 10:22:30 [INFO] __main__: Сохранено 1 номеров для Отель Сибирская резиденция Лёд Байкала
2026-05-13 10:22:30 [INFO] __main__: Запрашиваю barnkhaus_guest_house_4 (barnkhaus_guest_house_4)
2026-05-13 10:22:30 [INFO] __main__: Сохранено 0 номеров для Барнхаус
2026-05-13 10:22:30 [INFO] __main__: Запрашиваю loft_house_38_guest_house (loft_house_38_guest_house)
2026-05-13 10:22:31 [INFO] __main__: Сохранено 0 номеров для Loft House 38
2026-05-13 10:22:31 [INFO] __main__: Запрашиваю olkhon_2 (olkhon_2)
2026-05-13 10:22:32 [INFO] __main__: Сохранено 4 номеров для Ольхон
2026-05-13 10:22:32 [INFO] __main__: Запрашиваю siberia_9 (siberia_9)
2026-05-13 10:22:34 [INFO] __main__: Сохранено 2 номеров для Сибирь
2026-05-13 10:22:34 [INFO] __main__: Запрашиваю spektr_2 (spektr_2)
2026-05-13 10:22:34 [INFO] __main__: Сохранено 0 номеров для Спектр
2026-05-13 10:22:34 [INFO] __main__: Запрашиваю private_house_uedinenny_dom_na_beregu_zhivopisnoy_zavodi (private_house_uedinenny_dom_na_beregu_zhivopisnoy_zavodi)
2026-05-13 10:22:35 [INFO] __main__: Сохранено 1 номеров для Байкал 51
2026-05-13 10:22:35 [INFO] __main__: Запрашиваю pekin_hotel (pekin_hotel)
2026-05-13 10:22:35 [INFO] __main__: Сохранено 2 номеров для Отель Пекин
2026-05-13 10:22:35 [INFO] __main__: Запрашиваю maksi_hotel (maksi_hotel)
2026-05-13 10:22:36 [INFO] __main__: Сохранено 1 номеров для Отель Макси
2026-05-13 10:22:36 [INFO] __main__: Запрашиваю camping_yelochka_kempinghotel (camping_yelochka_kempinghotel)
2026-05-13 10:22:36 [INFO] __main__: Сохранено 4 номеров для Отель Елочка
2026-05-13 10:22:36 [INFO] __main__: Сохранено 646 номеров в /home/runner/work/ostrovok_parser/ostrovok_parser/daily/rooms/2026-05-13.csv
2026-05-13 10:22:36 [INFO] __main__: Парсинг завершён. Всего обработано 646 номеров.
2026-05-13 10:22:39 [WARNING] __main__: free_rooms_amount (48) > rooms_num (40) для history_boutiquehotel — используем effective_rooms_num=48
2026-05-13 10:22:39 [WARNING] __main__: free_rooms_amount (13) > rooms_num (9) для montana_hostel — используем effective_rooms_num=13
2026-05-13 10:22:39 [WARNING] __main__: free_rooms_amount (41) > rooms_num (35) для matreshka_hotel — используем effective_rooms_num=41
2026-05-13 10:22:39 [WARNING] __main__: free_rooms_amount (71) > rooms_num (54) для mayak_hotel_listvyanka — используем effective_rooms_num=71
2026-05-13 10:22:39 [WARNING] __main__: free_rooms_amount (27) > rooms_num (4) для dauria_hotel_2 — используем effective_rooms_num=27
2026-05-13 10:22:39 [WARNING] __main__: free_rooms_amount (31) > rooms_num (26) для hotel_anastasiya_2 — используем effective_rooms_num=31
2026-05-13 10:22:39 [WARNING] __main__: free_rooms_amount (15) > rooms_num (14) для kupechesky_dvor_hotel — используем effective_rooms_num=15
2026-05-13 10:22:39 [WARNING] __main__: free_rooms_amount (64) > rooms_num (40) для armat_hotel — используем effective_rooms_num=64
2026-05-13 10:22:39 [WARNING] __main__: free_rooms_amount (33) > rooms_num (25) для gostevoj_dom_na_zvezdinskoj — используем effective_rooms_num=33
2026-05-13 10:22:39 [WARNING] __main__: free_rooms_amount (12) > rooms_num (6) для olkhonstory_guest_house — используем effective_rooms_num=12
2026-05-13 10:22:39 [WARNING] __main__: free_rooms_amount (11) > rooms_num (6) для v_samom_tsentre_irkutska_minihotel — используем effective_rooms_num=11
2026-05-13 10:22:39 [WARNING] __main__: free_rooms_amount (17) > rooms_num (15) для arena_g_irkutsk — используем effective_rooms_num=17
2026-05-13 10:22:39 [WARNING] __main__: free_rooms_amount (29) > rooms_num (14) для gostevoi_dom_margobai — используем effective_rooms_num=29
2026-05-13 10:22:39 [INFO] __main__: Статистика сохранена в /home/runner/work/ostrovok_parser/ostrovok_parser/daily/statistics/2026-05-13.csv
2026-05-13 10:22:39 [INFO] __main__: Обработано 177 отелей
