2026-03-21 08:18:37 [INFO] __main__: Режим CI: увеличенные таймауты и ожидание networkidle.
2026-03-21 08:18:37 [INFO] __main__: Запуск парсера отелей...
2026-03-21 08:18:37 [INFO] __main__: Даты бронирования: 22.03.2026 - 23.03.2026
2026-03-21 08:18:39 [INFO] __main__: --- Страница 1 ---
2026-03-21 08:18:45 [INFO] __main__: Перехвачено и извлечено 20 отелей. Всего: 20
2026-03-21 08:19:30 [INFO] __main__: Добавлено 20 отелей со страницы 1. Переход на следующую страницу...
2026-03-21 08:19:32 [INFO] __main__: --- Страница 2 ---
2026-03-21 08:19:36 [INFO] __main__: Перехвачено и извлечено 20 отелей. Всего: 40
2026-03-21 08:19:40 [INFO] __main__: Добавлено 20 отелей со страницы 2. Переход на следующую страницу...
2026-03-21 08:19:42 [INFO] __main__: --- Страница 3 ---
2026-03-21 08:19:47 [INFO] __main__: Перехвачено и извлечено 20 отелей. Всего: 60
2026-03-21 08:19:50 [INFO] __main__: Добавлено 20 отелей со страницы 3. Переход на следующую страницу...
2026-03-21 08:19:53 [INFO] __main__: --- Страница 4 ---
2026-03-21 08:19:58 [INFO] __main__: Перехвачено и извлечено 20 отелей. Всего: 80
2026-03-21 08:20:42 [INFO] __main__: Добавлено 20 отелей со страницы 4. Переход на следующую страницу...
2026-03-21 08:20:44 [INFO] __main__: --- Страница 5 ---
2026-03-21 08:20:49 [INFO] __main__: Перехвачено и извлечено 20 отелей. Всего: 100
2026-03-21 08:21:33 [INFO] __main__: Добавлено 20 отелей со страницы 5. Переход на следующую страницу...
2026-03-21 08:21:35 [INFO] __main__: --- Страница 6 ---
2026-03-21 08:21:39 [INFO] __main__: Перехвачено и извлечено 20 отелей. Всего: 120
2026-03-21 08:21:44 [INFO] __main__: Добавлено 20 отелей со страницы 6. Переход на следующую страницу...
2026-03-21 08:21:46 [INFO] __main__: --- Страница 7 ---
2026-03-21 08:21:50 [INFO] __main__: Перехвачено и извлечено 20 отелей. Всего: 140
2026-03-21 08:22:37 [INFO] __main__: Добавлено 20 отелей со страницы 7. Переход на следующую страницу...
2026-03-21 08:22:40 [INFO] __main__: --- Страница 8 ---
2026-03-21 08:22:45 [INFO] __main__: Перехвачено и извлечено 20 отелей. Всего: 160
2026-03-21 08:23:29 [INFO] __main__: Добавлено 20 отелей со страницы 8. Переход на следующую страницу...
2026-03-21 08:23:31 [INFO] __main__: --- Страница 9 ---
2026-03-21 08:23:37 [INFO] __main__: Перехвачено и извлечено 10 отелей. Всего: 170
2026-03-21 08:24:20 [INFO] __main__: Добавлено 10 отелей со страницы 9. Переход на следующую страницу...
2026-03-21 08:24:23 [INFO] __main__: --- Страница 10 ---
2026-03-21 08:25:15 [WARNING] __main__: На странице 10 отелей не получено. Конец списка.
2026-03-21 08:25:15 [INFO] __main__: === Всего собрано отелей со всех страниц: 170 ===
2026-03-21 08:25:30 [INFO] __main__: Сохранено 170 отелей в /home/runner/work/ostrovok_parser/ostrovok_parser/daily/hotels/2026-03-21.csv
2026-03-21 08:25:30 [INFO] __main__: Парсинг завершён. Всего обработано 170 отелей.
2026-03-21 08:25:30 [INFO] __main__: Каталог сохранён: 182 отелей → /home/runner/work/ostrovok_parser/ostrovok_parser/catalog/hotels.csv
2026-03-21 08:25:30 [INFO] __main__: Каталог обновлён: всего 182, новых 6
2026-03-21 08:25:30 [INFO] __main__: Даты бронирования: 22.03.2026 - 23.03.2026
2026-03-21 08:25:30 [INFO] __main__: Запуск браузера для получения куки...
2026-03-21 08:25:34 [INFO] __main__: Получено 53 куки
2026-03-21 08:25:34 [INFO] __main__: Запрашиваю angara_hotel (angara_hotel)
2026-03-21 08:25:34 [INFO] __main__: Сохранено 7 номеров для Ангара Отель
2026-03-21 08:25:34 [INFO] __main__: Запрашиваю victory_hotel_4 (victory_hotel_4)
2026-03-21 08:25:35 [INFO] __main__: Сохранено 5 номеров для Гостиница Виктория
2026-03-21 08:25:35 [INFO] __main__: Запрашиваю evropa_hotel (evropa_hotel)
2026-03-21 08:25:35 [INFO] __main__: Сохранено 11 номеров для Отель Европа
2026-03-21 08:25:35 [INFO] __main__: Запрашиваю podlemorie_hotel (podlemorie_hotel)
2026-03-21 08:25:37 [INFO] __main__: Сохранено 4 номеров для Отель Подлеморье
2026-03-21 08:25:37 [INFO] __main__: Запрашиваю irkutsk_city_center (irkutsk_city_center)
2026-03-21 08:25:37 [INFO] __main__: Сохранено 5 номеров для Отель Иркутск Сити Центр
2026-03-21 08:25:37 [INFO] __main__: Запрашиваю vozdushnaya_gavan (vozdushnaya_gavan)
2026-03-21 08:25:40 [INFO] __main__: Сохранено 3 номеров для Отель Воздушная Гавань
2026-03-21 08:25:40 [INFO] __main__: Запрашиваю best_eastern_hotel_zvezda (best_eastern_hotel_zvezda)
2026-03-21 08:25:42 [INFO] __main__: Сохранено 5 номеров для Отель Звезда
2026-03-21 08:25:42 [INFO] __main__: Запрашиваю vera_baikal (vera_baikal)
2026-03-21 08:25:42 [INFO] __main__: Сохранено 5 номеров для Отель Вера Байкал
2026-03-21 08:25:42 [INFO] __main__: Запрашиваю tajga_hotel (tajga_hotel)
2026-03-21 08:25:43 [INFO] __main__: Сохранено 8 номеров для Отель Тайга
2026-03-21 08:25:43 [INFO] __main__: Запрашиваю hotel_premium_hotel_pushkin (hotel_premium_hotel_pushkin)
2026-03-21 08:25:43 [INFO] __main__: Сохранено 5 номеров для Премиум-отель Пушкин
2026-03-21 08:25:43 [INFO] __main__: Запрашиваю miniotel_good_hotel (miniotel_good_hotel)
2026-03-21 08:25:45 [INFO] __main__: Сохранено 3 номеров для Мини-Отель Good Hotel
2026-03-21 08:25:45 [INFO] __main__: Запрашиваю sobolinka_parkhotel_2 (sobolinka_parkhotel_2)
2026-03-21 08:25:46 [INFO] __main__: Сохранено 2 номеров для Парк-отель Соболинка
2026-03-21 08:25:46 [INFO] __main__: Запрашиваю azimut_aeroport_irkutsk_hotel (azimut_aeroport_irkutsk_hotel)
2026-03-21 08:25:47 [INFO] __main__: Сохранено 5 номеров для AZIMUT Отель Аэропорт Иркутск 4*
2026-03-21 08:25:47 [INFO] __main__: Запрашиваю otel_tsentral (otel_tsentral)
2026-03-21 08:25:47 [INFO] __main__: Сохранено 7 номеров для Отель Централь
2026-03-21 08:25:47 [INFO] __main__: Запрашиваю rus_hotel_irkutsk (rus_hotel_irkutsk)
2026-03-21 08:25:48 [INFO] __main__: Сохранено 6 номеров для Гостиничный Комплекс Русь
2026-03-21 08:25:48 [INFO] __main__: Запрашиваю hotel_nuur_hotel (hotel_nuur_hotel)
2026-03-21 08:25:49 [INFO] __main__: Сохранено 8 номеров для Отель Nuur Hotel
2026-03-21 08:25:49 [INFO] __main__: Запрашиваю mayak_hotel_listvyanka (mayak_hotel_listvyanka)
2026-03-21 08:25:52 [INFO] __main__: Сохранено 16 номеров для Отель Маяк
2026-03-21 08:25:52 [INFO] __main__: Запрашиваю yakovlev_hotel (yakovlev_hotel)
2026-03-21 08:25:55 [INFO] __main__: Сохранено 3 номеров для Отель Яковлевъ
2026-03-21 08:25:55 [INFO] __main__: Запрашиваю montana_hostel (montana_hostel)
2026-03-21 08:25:55 [INFO] __main__: Сохранено 2 номеров для Меблированные комнаты Montana
2026-03-21 08:25:55 [INFO] __main__: Запрашиваю archi_apt_apartments (archi_apt_apartments)
2026-03-21 08:25:55 [INFO] __main__: Сохранено 2 номеров для Отель Baikal Archi Apt
2026-03-21 08:25:55 [INFO] __main__: Запрашиваю grand_baikal (grand_baikal)
2026-03-21 08:25:58 [INFO] __main__: Сохранено 2 номеров для Отель Гранд Байкал
2026-03-21 08:25:58 [INFO] __main__: Запрашиваю empire_hotel_3 (empire_hotel_3)
2026-03-21 08:25:59 [INFO] __main__: Сохранено 10 номеров для Гостиница Империя
2026-03-21 08:25:59 [INFO] __main__: Запрашиваю dohodnyij_dom_listratvoj_butikhotel (dohodnyij_dom_listratvoj_butikhotel)
2026-03-21 08:25:59 [INFO] __main__: Сохранено 4 номеров для Отель Доходный дом Листратовой
2026-03-21 08:25:59 [INFO] __main__: Запрашиваю north_star_hotel_9 (north_star_hotel_9)
2026-03-21 08:25:59 [INFO] __main__: Сохранено 6 номеров для Отель North Star
2026-03-21 08:25:59 [INFO] __main__: Запрашиваю otel_irkut (otel_irkut)
2026-03-21 08:26:00 [INFO] __main__: Сохранено 6 номеров для Отель Иркут
2026-03-21 08:26:00 [INFO] __main__: Запрашиваю ibis_irkutsk_center (ibis_irkutsk_center)
2026-03-21 08:26:00 [INFO] __main__: Сохранено 5 номеров для Отель Ибис Иркутск Центр
2026-03-21 08:26:00 [INFO] __main__: Запрашиваю minihotel_panda (minihotel_panda)
2026-03-21 08:26:01 [INFO] __main__: Сохранено 2 номеров для Отель ДиаДэй
2026-03-21 08:26:01 [INFO] __main__: Запрашиваю guest_house_baykaliya (guest_house_baykaliya)
2026-03-21 08:26:04 [INFO] __main__: Сохранено 2 номеров для Байкалия
2026-03-21 08:26:04 [INFO] __main__: Запрашиваю 7_dorog (7_dorog)
2026-03-21 08:26:04 [INFO] __main__: Сохранено 6 номеров для Гостиница 7 дорог
2026-03-21 08:26:04 [INFO] __main__: Запрашиваю nebo_baykala_guest_house (nebo_baykala_guest_house)
2026-03-21 08:26:05 [INFO] __main__: Сохранено 4 номеров для Небо Байкала
2026-03-21 08:26:05 [INFO] __main__: Запрашиваю malinovka_3 (malinovka_3)
2026-03-21 08:26:05 [INFO] __main__: Сохранено 7 номеров для Малиновка
2026-03-21 08:26:05 [INFO] __main__: Запрашиваю baykal_guest_house_3 (baykal_guest_house_3)
2026-03-21 08:26:05 [INFO] __main__: Сохранено 3 номеров для Меблированные комнаты Байкал
2026-03-21 08:26:05 [INFO] __main__: Запрашиваю burduguz_hotel_2 (burduguz_hotel_2)
2026-03-21 08:26:06 [INFO] __main__: Сохранено 7 номеров для Парк-Отель Бурдугуз
2026-03-21 08:26:06 [INFO] __main__: Запрашиваю bajkal_hotel (bajkal_hotel)
2026-03-21 08:26:07 [INFO] __main__: Сохранено 3 номеров для Отель Байкал
2026-03-21 08:26:07 [INFO] __main__: Запрашиваю baikal_forest_hotel (baikal_forest_hotel)
2026-03-21 08:26:11 [INFO] __main__: Сохранено 12 номеров для Отель Baikal Forest
2026-03-21 08:26:11 [INFO] __main__: Запрашиваю arena_g_irkutsk (arena_g_irkutsk)
2026-03-21 08:26:15 [INFO] __main__: Сохранено 3 номеров для Отель Арена Иркутск
2026-03-21 08:26:15 [INFO] __main__: Запрашиваю inn_business_hall (inn_business_hall)
2026-03-21 08:26:16 [INFO] __main__: Сохранено 5 номеров для Отель Business Hall
2026-03-21 08:26:16 [INFO] __main__: Запрашиваю apartamentyi_v_irkutske (apartamentyi_v_irkutske)
2026-03-21 08:26:17 [INFO] __main__: Сохранено 2 номеров для Меблированные комнаты в Иркутске
2026-03-21 08:26:17 [INFO] __main__: Запрашиваю baikalskie_prostory (baikalskie_prostory)
2026-03-21 08:26:17 [INFO] __main__: Сохранено 5 номеров для Байкальские просторы
2026-03-21 08:26:17 [INFO] __main__: Запрашиваю gostevoy_dom_sunrise (gostevoy_dom_sunrise)
2026-03-21 08:26:17 [INFO] __main__: Сохранено 4 номеров для Sunrise
2026-03-21 08:26:17 [INFO] __main__: Запрашиваю lotos_hotel (lotos_hotel)
2026-03-21 08:26:18 [INFO] __main__: Сохранено 5 номеров для Отель Лотос
2026-03-21 08:26:18 [INFO] __main__: Запрашиваю aristokrat_hotel (aristokrat_hotel)
2026-03-21 08:26:19 [INFO] __main__: Сохранено 5 номеров для Отель Аристократ
2026-03-21 08:26:19 [INFO] __main__: Запрашиваю baikal_business_center_hotel (baikal_business_center_hotel)
2026-03-21 08:26:19 [INFO] __main__: Сохранено 3 номеров для Отель Байкал Бизнес Центр
2026-03-21 08:26:19 [INFO] __main__: Запрашиваю mini_hotel_vizit (mini_hotel_vizit)
2026-03-21 08:26:20 [INFO] __main__: Сохранено 2 номеров для Гостиница Визит
2026-03-21 08:26:20 [INFO] __main__: Запрашиваю matreshka_hotel (matreshka_hotel)
2026-03-21 08:26:24 [INFO] __main__: Сохранено 9 номеров для Отель Матрешка
2026-03-21 08:26:24 [INFO] __main__: Запрашиваю baykal_khan_listvyanka (baykal_khan_listvyanka)
2026-03-21 08:26:24 [INFO] __main__: Сохранено 4 номеров для Отель Ларч
2026-03-21 08:26:24 [INFO] __main__: Запрашиваю miniotel_medveditsa (miniotel_medveditsa)
2026-03-21 08:26:24 [INFO] __main__: Сохранено 3 номеров для Меблированные комнаты Медведица
2026-03-21 08:26:24 [INFO] __main__: Запрашиваю less_guest_house (less_guest_house)
2026-03-21 08:26:25 [INFO] __main__: Сохранено 3 номеров для Меблированные комнаты Лесс
2026-03-21 08:26:25 [INFO] __main__: Запрашиваю nochleg_i_zavtrak_bb_shambala (nochleg_i_zavtrak_bb_shambala)
2026-03-21 08:26:27 [INFO] __main__: Сохранено 1 номеров для Загородный отель Шамбала
2026-03-21 08:26:27 [INFO] __main__: Запрашиваю international_hotel_sayen (international_hotel_sayen)
2026-03-21 08:26:27 [INFO] __main__: Сохранено 6 номеров для SAYEN
2026-03-21 08:26:27 [INFO] __main__: Запрашиваю hotel_nikola_2 (hotel_nikola_2)
2026-03-21 08:26:29 [INFO] __main__: Сохранено 9 номеров для Отель Никола
2026-03-21 08:26:29 [INFO] __main__: Запрашиваю mihail_strogov (mihail_strogov)
2026-03-21 08:26:31 [INFO] __main__: Сохранено 5 номеров для Отель Михаил Строгов
2026-03-21 08:26:31 [INFO] __main__: Запрашиваю minihotel_albatros (minihotel_albatros)
2026-03-21 08:26:33 [INFO] __main__: Сохранено 5 номеров для Гостиница Альбатрос
2026-03-21 08:26:33 [INFO] __main__: Запрашиваю gostevoj_dom_na_zvezdinskoj (gostevoj_dom_na_zvezdinskoj)
2026-03-21 08:26:35 [INFO] __main__: Сохранено 3 номеров для Отель на Звездинской
2026-03-21 08:26:35 [INFO] __main__: Запрашиваю legend_of_baikal (legend_of_baikal)
2026-03-21 08:26:35 [INFO] __main__: Сохранено 6 номеров для Отель Легенда Байкала
2026-03-21 08:26:35 [INFO] __main__: Запрашиваю hotel_aziyayevropa (hotel_aziyayevropa)
2026-03-21 08:26:37 [INFO] __main__: Сохранено 4 номеров для Отель Азия-Европа
2026-03-21 08:26:37 [INFO] __main__: Запрашиваю olkhonstory_guest_house (olkhonstory_guest_house)
2026-03-21 08:26:37 [INFO] __main__: Сохранено 2 номеров для Ольхон стори
2026-03-21 08:26:37 [INFO] __main__: Запрашиваю parus_18 (parus_18)
2026-03-21 08:26:37 [INFO] __main__: Сохранено 0 номеров для Курортный отель Парус
2026-03-21 08:26:37 [INFO] __main__: Запрашиваю alpari (alpari)
2026-03-21 08:26:38 [INFO] __main__: Сохранено 3 номеров для Гостиница Альпари
2026-03-21 08:26:38 [INFO] __main__: Запрашиваю hotel_khotej (hotel_khotej)
2026-03-21 08:26:38 [INFO] __main__: Сохранено 0 номеров для Отель Хотэй
2026-03-21 08:26:38 [INFO] __main__: Запрашиваю gostinitsa_undina (gostinitsa_undina)
2026-03-21 08:26:38 [INFO] __main__: Сохранено 0 номеров для Отель Ундина
2026-03-21 08:26:38 [INFO] __main__: Запрашиваю baikal_view_hotel (baikal_view_hotel)
2026-03-21 08:26:41 [INFO] __main__: Сохранено 5 номеров для Baikal View Hotel
2026-03-21 08:26:41 [INFO] __main__: Запрашиваю klubnyij_kvartal_apartments (klubnyij_kvartal_apartments)
2026-03-21 08:26:41 [INFO] __main__: Сохранено 3 номеров для Клубный Квартал
2026-03-21 08:26:41 [INFO] __main__: Запрашиваю hotel_rodina_grand_hotel_spa_irkutsk_5 (hotel_rodina_grand_hotel_spa_irkutsk_5)
2026-03-21 08:26:42 [INFO] __main__: Сохранено 10 номеров для Отель RODINA Grand Hotel & SPA Irkutsk 5*
2026-03-21 08:26:42 [INFO] __main__: Запрашиваю miniotel_serdtse_baykala (miniotel_serdtse_baykala)
2026-03-21 08:26:42 [INFO] __main__: Сохранено 2 номеров для Сердце Байкала
2026-03-21 08:26:42 [INFO] __main__: Запрашиваю dom_baykal_guest_house (dom_baykal_guest_house)
2026-03-21 08:26:43 [INFO] __main__: Сохранено 3 номеров для Меблированные комнаты Дом Байкал
2026-03-21 08:26:43 [INFO] __main__: Запрашиваю kupechesky_dvor_hotel (kupechesky_dvor_hotel)
2026-03-21 08:26:44 [INFO] __main__: Сохранено 6 номеров для Отель Купеческий Дворъ
2026-03-21 08:26:44 [INFO] __main__: Запрашиваю vesta_hotel_3 (vesta_hotel_3)
2026-03-21 08:26:46 [INFO] __main__: Сохранено 1 номеров для Отель Веста
2026-03-21 08:26:46 [INFO] __main__: Запрашиваю city_park_hotel_13 (city_park_hotel_13)
2026-03-21 08:26:46 [INFO] __main__: Сохранено 5 номеров для Меблированные комнаты City Park
2026-03-21 08:26:46 [INFO] __main__: Запрашиваю beliy_sobol_parkhotel (beliy_sobol_parkhotel)
2026-03-21 08:26:47 [INFO] __main__: Сохранено 4 номеров для Парк-отель Белый Соболь
2026-03-21 08:26:47 [INFO] __main__: Запрашиваю kheyvitsa_guest_house (kheyvitsa_guest_house)
2026-03-21 08:26:48 [INFO] __main__: Сохранено 4 номеров для Отель Гостевой Дом Хейвица
2026-03-21 08:26:48 [INFO] __main__: Запрашиваю baykal_khan_hotel_olkhon (baykal_khan_hotel_olkhon)
2026-03-21 08:26:49 [INFO] __main__: Сохранено 1 номеров для Отель Байкал-Хан Ольхон
2026-03-21 08:26:49 [INFO] __main__: Запрашиваю irkutsk_city_lodge (irkutsk_city_lodge)
2026-03-21 08:26:50 [INFO] __main__: Сохранено 0 номеров для Отель Иркутск Сити Лодж
2026-03-21 08:26:50 [INFO] __main__: Запрашиваю bajkalkemp (bajkalkemp)
2026-03-21 08:26:51 [INFO] __main__: Сохранено 1 номеров для Байкал-кэмп
2026-03-21 08:26:51 [INFO] __main__: Запрашиваю amurskiy (amurskiy)
2026-03-21 08:26:51 [INFO] __main__: Сохранено 5 номеров для Отель Амурский
2026-03-21 08:26:51 [INFO] __main__: Запрашиваю alaniya (alaniya)
2026-03-21 08:26:51 [INFO] __main__: Сохранено 3 номеров для Алания
2026-03-21 08:26:51 [INFO] __main__: Запрашиваю hotel_barguzin (hotel_barguzin)
2026-03-21 08:26:52 [INFO] __main__: Сохранено 2 номеров для Меблированные комнаты Баргузин
2026-03-21 08:26:52 [INFO] __main__: Запрашиваю marx_hotel (marx_hotel)
2026-03-21 08:26:52 [INFO] __main__: Сохранено 0 номеров для Отель Marx Hotel
2026-03-21 08:26:52 [INFO] __main__: Запрашиваю hotel_soyuz_2 (hotel_soyuz_2)
2026-03-21 08:26:53 [INFO] __main__: Сохранено 8 номеров для Жилое помещение Союз
2026-03-21 08:26:53 [INFO] __main__: Запрашиваю solnechny_guest_house_7 (solnechny_guest_house_7)
2026-03-21 08:26:53 [INFO] __main__: Сохранено 0 номеров для Cолнечный
2026-03-21 08:26:53 [INFO] __main__: Запрашиваю armat_hotel (armat_hotel)
2026-03-21 08:26:53 [INFO] __main__: Сохранено 10 номеров для Отель Armat
2026-03-21 08:26:53 [INFO] __main__: Запрашиваю hotel_kurshavel_ (hotel_kurshavel_)
2026-03-21 08:26:56 [INFO] __main__: Сохранено 4 номеров для Отель Куршавель
2026-03-21 08:26:56 [INFO] __main__: Запрашиваю bajkal_severnoe_more_hotel (bajkal_severnoe_more_hotel)
2026-03-21 08:26:58 [INFO] __main__: Сохранено 8 номеров для Отель Байкал - Северное Море
2026-03-21 08:26:58 [INFO] __main__: Запрашиваю hotel_nataly_2 (hotel_nataly_2)
2026-03-21 08:26:58 [INFO] __main__: Сохранено 4 номеров для Отель Натали
2026-03-21 08:26:58 [INFO] __main__: Запрашиваю hotel_gostinitsa_dinamo (hotel_gostinitsa_dinamo)
2026-03-21 08:26:59 [INFO] __main__: Сохранено 5 номеров для Отель Динамо
2026-03-21 08:26:59 [INFO] __main__: Запрашиваю krestovaya_pad_hotel (krestovaya_pad_hotel)
2026-03-21 08:26:59 [INFO] __main__: Сохранено 0 номеров для Гостиница Крестовая падь
2026-03-21 08:26:59 [INFO] __main__: Запрашиваю gostinitsa_ustilim (gostinitsa_ustilim)
2026-03-21 08:27:02 [INFO] __main__: Сохранено 8 номеров для Усть-Илим
2026-03-21 08:27:02 [INFO] __main__: Запрашиваю kalina_house_olkhon_baikal_guest_house (kalina_house_olkhon_baikal_guest_house)
2026-03-21 08:27:05 [INFO] __main__: Сохранено 2 номеров для Конкордия
2026-03-21 08:27:05 [INFO] __main__: Запрашиваю gostevoy_dom_briz_3 (gostevoy_dom_briz_3)
2026-03-21 08:27:05 [INFO] __main__: Сохранено 2 номеров для Меблированные комнаты БРИЗ
2026-03-21 08:27:05 [INFO] __main__: Запрашиваю taiga_2 (taiga_2)
2026-03-21 08:27:06 [INFO] __main__: Сохранено 3 номеров для Отель Taiga
2026-03-21 08:27:06 [INFO] __main__: Запрашиваю yolochka (yolochka)
2026-03-21 08:27:08 [INFO] __main__: Сохранено 8 номеров для Меблированные комнаты Ёлочка
2026-03-21 08:27:08 [INFO] __main__: Запрашиваю baykal_shale_guest_house (baykal_shale_guest_house)
2026-03-21 08:27:10 [INFO] __main__: Сохранено 2 номеров для Байкал Шале
2026-03-21 08:27:10 [INFO] __main__: Запрашиваю eko_baikalwood_hotel (eko_baikalwood_hotel)
2026-03-21 08:27:10 [INFO] __main__: Сохранено 0 номеров для Отель Байкальский лес (BaikalWood Hotel&SPA)
2026-03-21 08:27:10 [INFO] __main__: Запрашиваю hotel_sozvezdie_baikala (hotel_sozvezdie_baikala)
2026-03-21 08:27:11 [INFO] __main__: Сохранено 6 номеров для Отель Созвездие Байкала
2026-03-21 08:27:11 [INFO] __main__: Запрашиваю hotel_baikal_best_edelweiss (hotel_baikal_best_edelweiss)
2026-03-21 08:27:12 [INFO] __main__: Сохранено 2 номеров для Baikal Best Edelweiss
2026-03-21 08:27:12 [INFO] __main__: Запрашиваю lazurny_bereg_hotel_ (lazurny_bereg_hotel_)
2026-03-21 08:27:14 [INFO] __main__: Сохранено 2 номеров для Гостиница Лазурный берег
2026-03-21 08:27:14 [INFO] __main__: Запрашиваю hotel_kosmos_5 (hotel_kosmos_5)
2026-03-21 08:27:14 [INFO] __main__: Сохранено 3 номеров для Отель Космос
2026-03-21 08:27:14 [INFO] __main__: Запрашиваю lada_8 (lada_8)
2026-03-21 08:27:14 [INFO] __main__: Сохранено 0 номеров для Отель Гостиница ЛАДА
2026-03-21 08:27:14 [INFO] __main__: Запрашиваю green_hotel_ (green_hotel_)
2026-03-21 08:27:16 [INFO] __main__: Сохранено 7 номеров для Грин Отель
2026-03-21 08:27:16 [INFO] __main__: Запрашиваю private_house_uedinenny_dom_na_beregu_zhivopisnoy_zavodi (private_house_uedinenny_dom_na_beregu_zhivopisnoy_zavodi)
2026-03-21 08:27:17 [INFO] __main__: Сохранено 1 номеров для Байкал 51
2026-03-21 08:27:17 [INFO] __main__: Запрашиваю ozerny_tulun_sports_complex_na_karbysheva_185_apartment (ozerny_tulun_sports_complex_na_karbysheva_185_apartment)
2026-03-21 08:27:17 [INFO] __main__: Сохранено 1 номеров для Спорткомплекс Озерный Тулун на Карбышева 185
2026-03-21 08:27:17 [INFO] __main__: Запрашиваю gostinitsa_solntse (gostinitsa_solntse)
2026-03-21 08:27:19 [INFO] __main__: Сохранено 6 номеров для Гостиница Солнце
2026-03-21 08:27:19 [INFO] __main__: Запрашиваю bely_bereg (bely_bereg)
2026-03-21 08:27:22 [INFO] __main__: Сохранено 2 номеров для Отель Белый берег
2026-03-21 08:27:22 [INFO] __main__: Запрашиваю domik_na_kholme_guest_house (domik_na_kholme_guest_house)
2026-03-21 08:27:22 [INFO] __main__: Сохранено 0 номеров для Меблированные комнаты Домик на холме
2026-03-21 08:27:22 [INFO] __main__: Запрашиваю riderside (riderside)
2026-03-21 08:27:24 [INFO] __main__: Сохранено 1 номеров для Гостиница Riverside
2026-03-21 08:27:24 [INFO] __main__: Запрашиваю hotel_flagman_olkhona (hotel_flagman_olkhona)
2026-03-21 08:27:25 [INFO] __main__: Сохранено 5 номеров для Отель Флагман Ольхона
2026-03-21 08:27:25 [INFO] __main__: Запрашиваю hotel_yubileinaya__2 (hotel_yubileinaya__2)
2026-03-21 08:27:28 [INFO] __main__: Сохранено 3 номеров для Гостиница Юбилейная
2026-03-21 08:27:28 [INFO] __main__: Запрашиваю lenatour (lenatour)
2026-03-21 08:27:31 [INFO] __main__: Сохранено 3 номеров для Отель  Ленатур
2026-03-21 08:27:31 [INFO] __main__: Запрашиваю uda_2 (uda_2)
2026-03-21 08:27:35 [INFO] __main__: Сохранено 6 номеров для Отель УДА
2026-03-21 08:27:35 [INFO] __main__: Запрашиваю brusinka (brusinka)
2026-03-21 08:27:35 [INFO] __main__: Сохранено 1 номеров для Меблированные комнаты Брусника
2026-03-21 08:27:35 [INFO] __main__: Запрашиваю gostinitsa_akademicheskaya (gostinitsa_akademicheskaya)
2026-03-21 08:27:35 [INFO] __main__: Сохранено 4 номеров для Отель Гостиница Академическая
2026-03-21 08:27:35 [INFO] __main__: Запрашиваю dream_of_baikal_hotel (dream_of_baikal_hotel)
2026-03-21 08:27:36 [INFO] __main__: Сохранено 0 номеров для Отель Dream of Baikal
2026-03-21 08:27:36 [INFO] __main__: Запрашиваю recreation_complex_altan (recreation_complex_altan)
2026-03-21 08:27:37 [INFO] __main__: Сохранено 0 номеров для Парк-Отель Алтан
2026-03-21 08:27:37 [INFO] __main__: Запрашиваю hotel_pushkin_2 (hotel_pushkin_2)
2026-03-21 08:27:40 [INFO] __main__: Сохранено 6 номеров для Отель ПушкинЪ
2026-03-21 08:27:40 [INFO] __main__: Запрашиваю royal_hotel_33 (royal_hotel_33)
2026-03-21 08:27:41 [INFO] __main__: Сохранено 0 номеров для Отель Рояль
2026-03-21 08:27:41 [INFO] __main__: Запрашиваю artrezidentsiya_port_olhon (artrezidentsiya_port_olhon)
2026-03-21 08:27:41 [INFO] __main__: Сохранено 0 номеров для Арт-отель Порт Ольхон
2026-03-21 08:27:41 [INFO] __main__: Запрашиваю lyuks_hotel_4 (lyuks_hotel_4)
2026-03-21 08:27:41 [INFO] __main__: Сохранено 3 номеров для Отель Люкс
2026-03-21 08:27:41 [INFO] __main__: Запрашиваю flagman_hotel (flagman_hotel)
2026-03-21 08:27:42 [INFO] __main__: Сохранено 3 номеров для Отель Флагман
2026-03-21 08:27:42 [INFO] __main__: Запрашиваю u_lukomorya_4 (u_lukomorya_4)
2026-03-21 08:27:42 [INFO] __main__: Сохранено 0 номеров для У Лукоморья
2026-03-21 08:27:42 [INFO] __main__: Запрашиваю aura_living_quarters (aura_living_quarters)
2026-03-21 08:27:42 [INFO] __main__: Сохранено 0 номеров для Меблированные комнаты Аура
2026-03-21 08:27:42 [INFO] __main__: Запрашиваю hotel_anastasiya_2 (hotel_anastasiya_2)
2026-03-21 08:27:43 [INFO] __main__: Сохранено 12 номеров для Отель ГК Анастасия
2026-03-21 08:27:43 [INFO] __main__: Запрашиваю praskovya_guest_house (praskovya_guest_house)
2026-03-21 08:27:44 [INFO] __main__: Сохранено 4 номеров для Отель Прасковья
2026-03-21 08:27:44 [INFO] __main__: Запрашиваю sportkompleks_ozerny_tulun_hotel (sportkompleks_ozerny_tulun_hotel)
2026-03-21 08:27:45 [INFO] __main__: Сохранено 1 номеров для Спорткомплекс Озерный Тулун
2026-03-21 08:27:45 [INFO] __main__: Запрашиваю guest_house_vremena_goda (guest_house_vremena_goda)
2026-03-21 08:27:45 [INFO] __main__: Сохранено 0 номеров для Времена Года
2026-03-21 08:27:45 [INFO] __main__: Запрашиваю gostevoy_dom_forest_home (gostevoy_dom_forest_home)
2026-03-21 08:27:45 [INFO] __main__: Сохранено 0 номеров для Forest Home
2026-03-21 08:27:45 [INFO] __main__: Запрашиваю luna_hotel_9 (luna_hotel_9)
2026-03-21 08:27:47 [INFO] __main__: Сохранено 3 номеров для Отель Луна
2026-03-21 08:27:47 [INFO] __main__: Запрашиваю tri_kita_2 (tri_kita_2)
2026-03-21 08:27:48 [INFO] __main__: Сохранено 4 номеров для Отель Три Кита
2026-03-21 08:27:48 [INFO] __main__: Запрашиваю hotel_olimpiada (hotel_olimpiada)
2026-03-21 08:27:51 [INFO] __main__: Сохранено 3 номеров для Олимпиада
2026-03-21 08:27:51 [INFO] __main__: Запрашиваю smart_hotel_kdo_irkutsk_hotel (smart_hotel_kdo_irkutsk_hotel)
2026-03-21 08:27:52 [INFO] __main__: Сохранено 5 номеров для Отель Smart Hotel Иркутск
2026-03-21 08:27:52 [INFO] __main__: Запрашиваю gostevoy_dom_melodiya_baykala (gostevoy_dom_melodiya_baykala)
2026-03-21 08:27:53 [INFO] __main__: Сохранено 1 номеров для Гостевой дом Мелодия Байкала
2026-03-21 08:27:53 [INFO] __main__: Запрашиваю olkhon_house_guest_family_house (olkhon_house_guest_family_house)
2026-03-21 08:27:53 [INFO] __main__: Сохранено 0 номеров для Olkhon Family House
2026-03-21 08:27:53 [INFO] __main__: Запрашиваю momant_house_recreation_camp (momant_house_recreation_camp)
2026-03-21 08:27:53 [INFO] __main__: Сохранено 0 номеров для Momant house
2026-03-21 08:27:53 [INFO] __main__: Запрашиваю pekin_hotel (pekin_hotel)
2026-03-21 08:27:54 [INFO] __main__: Сохранено 2 номеров для Отель Пекин
2026-03-21 08:27:54 [INFO] __main__: Запрашиваю vostochnaia (vostochnaia)
2026-03-21 08:27:54 [INFO] __main__: Сохранено 0 номеров для Гостиница Восточная
2026-03-21 08:27:54 [INFO] __main__: Запрашиваю tikhaya_gavan_4 (tikhaya_gavan_4)
2026-03-21 08:27:57 [INFO] __main__: Сохранено 2 номеров для Отель "Тихая Гавань"
2026-03-21 08:27:57 [INFO] __main__: Запрашиваю the_hotel_on_volzhskaya (the_hotel_on_volzhskaya)
2026-03-21 08:27:59 [INFO] __main__: Сохранено 3 номеров для Гостиница на Волжской
2026-03-21 08:27:59 [INFO] __main__: Запрашиваю yupiter (yupiter)
2026-03-21 08:28:02 [INFO] __main__: Сохранено 2 номеров для Юпитер
2026-03-21 08:28:02 [INFO] __main__: Запрашиваю hotel_dacha_baikaleco (hotel_dacha_baikaleco)
2026-03-21 08:28:03 [INFO] __main__: Сохранено 0 номеров для Семейный отель Дача БайкалЭко
2026-03-21 08:28:03 [INFO] __main__: Запрашиваю flagman_hotel_4 (flagman_hotel_4)
2026-03-21 08:28:05 [INFO] __main__: Сохранено 2 номеров для Отель Флагман
2026-03-21 08:28:05 [INFO] __main__: Запрашиваю katantsa_hotel (katantsa_hotel)
2026-03-21 08:28:05 [INFO] __main__: Сохранено 0 номеров для Отель Катанца
2026-03-21 08:28:05 [INFO] __main__: Запрашиваю oktyabrskaya_minihotel (oktyabrskaya_minihotel)
2026-03-21 08:28:07 [INFO] __main__: Сохранено 2 номеров для Октябрьская
2026-03-21 08:28:07 [INFO] __main__: Запрашиваю loft_house_38_guest_house (loft_house_38_guest_house)
2026-03-21 08:28:08 [INFO] __main__: Сохранено 0 номеров для Loft House 38
2026-03-21 08:28:08 [INFO] __main__: Запрашиваю hotelclub_ice (hotelclub_ice)
2026-03-21 08:28:10 [INFO] __main__: Сохранено 1 номеров для Отель Сибирская резиденция Лёд Байкала
2026-03-21 08:28:10 [INFO] __main__: Запрашиваю hotel_shishki (hotel_shishki)
2026-03-21 08:28:10 [INFO] __main__: Сохранено 0 номеров для Меблированные комнаты Шишки
2026-03-21 08:28:10 [INFO] __main__: Запрашиваю history_boutiquehotel (history_boutiquehotel)
2026-03-21 08:28:12 [INFO] __main__: Сохранено 8 номеров для Отель History Бутик-отель и Спа
2026-03-21 08:28:12 [INFO] __main__: Запрашиваю dauria_hotel_2 (dauria_hotel_2)
2026-03-21 08:28:12 [INFO] __main__: Сохранено 1 номеров для Отель Даурия
2026-03-21 08:28:12 [INFO] __main__: Запрашиваю modul (modul)
2026-03-21 08:28:13 [INFO] __main__: Сохранено 0 номеров для Гостиница Комфорт
2026-03-21 08:28:13 [INFO] __main__: Запрашиваю magnetit (magnetit)
2026-03-21 08:28:13 [INFO] __main__: Сохранено 3 номеров для Отель Магнетит
2026-03-21 08:28:13 [INFO] __main__: Запрашиваю bajkalskie_sezonyi (bajkalskie_sezonyi)
2026-03-21 08:28:14 [INFO] __main__: Сохранено 5 номеров для Отель Парк Байкальские сезоны
2026-03-21 08:28:14 [INFO] __main__: Запрашиваю gostevoi_dom_margobai (gostevoi_dom_margobai)
2026-03-21 08:28:16 [INFO] __main__: Сохранено 7 номеров для Отель Маргобай
2026-03-21 08:28:16 [INFO] __main__: Запрашиваю metelitsa_6 (metelitsa_6)
2026-03-21 08:28:17 [INFO] __main__: Сохранено 2 номеров для Отель Метелица
2026-03-21 08:28:17 [INFO] __main__: Запрашиваю pribaikalskaya_hotel (pribaikalskaya_hotel)
2026-03-21 08:28:18 [INFO] __main__: Сохранено 2 номеров для Гостиница Прибайкальская
2026-03-21 08:28:18 [INFO] __main__: Запрашиваю gloria_20 (gloria_20)
2026-03-21 08:28:19 [INFO] __main__: Сохранено 1 номеров для Отель Глория
2026-03-21 08:28:19 [INFO] __main__: Запрашиваю gostevoj_dom_otdyih_na_bajkale (gostevoj_dom_otdyih_na_bajkale)
2026-03-21 08:28:19 [INFO] __main__: Сохранено 0 номеров для Отель Отдых на Байкале
2026-03-21 08:28:19 [INFO] __main__: Запрашиваю trakstop_38_2 (trakstop_38_2)
2026-03-21 08:28:21 [INFO] __main__: Сохранено 1 номеров для Trakstop 38
2026-03-21 08:28:21 [INFO] __main__: Запрашиваю zvezda_kochevnika (zvezda_kochevnika)
2026-03-21 08:28:22 [INFO] __main__: Сохранено 4 номеров для Звезда Кочевника
2026-03-21 08:28:22 [INFO] __main__: Запрашиваю planeta_9 (planeta_9)
2026-03-21 08:28:25 [INFO] __main__: Сохранено 4 номеров для Планета
2026-03-21 08:28:25 [INFO] __main__: Запрашиваю mir_baykala_hotel (mir_baykala_hotel)
2026-03-21 08:28:26 [INFO] __main__: Сохранено 1 номеров для Отель Мир Байкала
2026-03-21 08:28:26 [INFO] __main__: Запрашиваю baikal_capsule_hostel (baikal_capsule_hostel)
2026-03-21 08:28:27 [INFO] __main__: Сохранено 1 номеров для Байкал Капсул (Байкальская капсула)
2026-03-21 08:28:27 [INFO] __main__: Запрашиваю vitim (vitim)
2026-03-21 08:28:29 [INFO] __main__: Сохранено 2 номеров для Витим
2026-03-21 08:28:29 [INFO] __main__: Запрашиваю home_hotel_apartments_home_wanted_on_piskunov_street (home_hotel_apartments_home_wanted_on_piskunov_street)
2026-03-21 08:28:30 [INFO] __main__: Сохранено 2 номеров для Апартаменты Home Hotel (Хоум Хотел) на улице Пискунова
2026-03-21 08:28:30 [INFO] __main__: Запрашиваю gostevoy_dom_isiger_baikal (gostevoy_dom_isiger_baikal)
2026-03-21 08:28:31 [INFO] __main__: Сохранено 0 номеров для Гостевой дом ISIGER BAIKAL
2026-03-21 08:28:31 [INFO] __main__: Запрашиваю gostevoy_dom_mandarkhan_obaykal (gostevoy_dom_mandarkhan_obaykal)
2026-03-21 08:28:31 [INFO] __main__: Сохранено 1 номеров для Мандархан, о.Байкал
2026-03-21 08:28:31 [INFO] __main__: Запрашиваю glemping_hygge_barn (glemping_hygge_barn)
2026-03-21 08:28:31 [INFO] __main__: Сохранено 2 номеров для Hygge Barn
2026-03-21 08:28:31 [INFO] __main__: Запрашиваю na_gornoy_ulitse_5_private_house (na_gornoy_ulitse_5_private_house)
2026-03-21 08:28:32 [INFO] __main__: Сохранено 0 номеров для Меблированные комнаты на Горной Улице 7Б
2026-03-21 08:28:32 [INFO] __main__: Запрашиваю dlya_kompanii_guest_house (dlya_kompanii_guest_house)
2026-03-21 08:28:32 [INFO] __main__: Сохранено 1 номеров для Для компании
2026-03-21 08:28:32 [INFO] __main__: Запрашиваю v_russkom_stile_guest_house (v_russkom_stile_guest_house)
2026-03-21 08:28:33 [INFO] __main__: Сохранено 0 номеров для Меблированные комнаты в Русском Стиле
2026-03-21 08:28:33 [INFO] __main__: Запрашиваю barnkhaus_guest_house_4 (barnkhaus_guest_house_4)
2026-03-21 08:28:33 [INFO] __main__: Сохранено 0 номеров для Барнхаус
2026-03-21 08:28:33 [INFO] __main__: Запрашиваю hotel_harats_inn (hotel_harats_inn)
2026-03-21 08:28:33 [INFO] __main__: Сохранено 4 номеров для Отель Harat's inn
2026-03-21 08:28:33 [INFO] __main__: Запрашиваю hotel_gostinitsa_avtovokzal (hotel_gostinitsa_avtovokzal)
2026-03-21 08:28:34 [INFO] __main__: Сохранено 4 номеров для Отель гостиница Автовокзал
2026-03-21 08:28:34 [INFO] __main__: Сохранено 606 номеров в /home/runner/work/ostrovok_parser/ostrovok_parser/daily/rooms/2026-03-21.csv
2026-03-21 08:28:34 [INFO] __main__: Парсинг завершён. Всего обработано 606 номеров.
2026-03-21 08:28:34 [INFO] __main__: Статистика сохранена в /home/runner/work/ostrovok_parser/ostrovok_parser/daily/statistics/2026-03-21.csv
2026-03-21 08:28:34 [INFO] __main__: Обработано 170 отелей
2026-03-21 14:27:44 [INFO] __main__: Режим CI: увеличенные таймауты и ожидание networkidle.
2026-03-21 14:27:44 [INFO] __main__: Запуск парсера отелей...
2026-03-21 14:27:44 [INFO] __main__: Даты бронирования: 22.03.2026 - 23.03.2026
2026-03-21 14:27:46 [INFO] __main__: --- Страница 1 ---
2026-03-21 14:27:52 [INFO] __main__: Перехвачено и извлечено 20 отелей. Всего: 20
2026-03-21 14:28:38 [INFO] __main__: Добавлено 20 отелей со страницы 1. Переход на следующую страницу...
2026-03-21 14:28:41 [INFO] __main__: --- Страница 2 ---
2026-03-21 14:28:47 [INFO] __main__: Перехвачено и извлечено 20 отелей. Всего: 40
2026-03-21 14:28:51 [INFO] __main__: Добавлено 20 отелей со страницы 2. Переход на следующую страницу...
2026-03-21 14:28:53 [INFO] __main__: --- Страница 3 ---
2026-03-21 14:28:58 [INFO] __main__: Перехвачено и извлечено 20 отелей. Всего: 60
2026-03-21 14:29:02 [INFO] __main__: Добавлено 20 отелей со страницы 3. Переход на следующую страницу...
2026-03-21 14:29:04 [INFO] __main__: --- Страница 4 ---
2026-03-21 14:29:09 [INFO] __main__: Перехвачено и извлечено 20 отелей. Всего: 80
2026-03-21 14:29:53 [INFO] __main__: Добавлено 20 отелей со страницы 4. Переход на следующую страницу...
2026-03-21 14:29:56 [INFO] __main__: --- Страница 5 ---
2026-03-21 14:30:02 [INFO] __main__: Перехвачено и извлечено 20 отелей. Всего: 100
2026-03-21 14:30:46 [INFO] __main__: Добавлено 20 отелей со страницы 5. Переход на следующую страницу...
2026-03-21 14:30:48 [INFO] __main__: --- Страница 6 ---
2026-03-21 14:30:54 [INFO] __main__: Перехвачено и извлечено 20 отелей. Всего: 120
2026-03-21 14:30:58 [INFO] __main__: Добавлено 20 отелей со страницы 6. Переход на следующую страницу...
2026-03-21 14:31:00 [INFO] __main__: --- Страница 7 ---
2026-03-21 14:31:05 [INFO] __main__: Перехвачено и извлечено 20 отелей. Всего: 140
2026-03-21 14:31:49 [INFO] __main__: Добавлено 20 отелей со страницы 7. Переход на следующую страницу...
2026-03-21 14:31:52 [INFO] __main__: --- Страница 8 ---
2026-03-21 14:31:58 [INFO] __main__: Перехвачено и извлечено 20 отелей. Всего: 160
2026-03-21 14:32:42 [INFO] __main__: Добавлено 20 отелей со страницы 8. Переход на следующую страницу...
2026-03-21 14:32:45 [INFO] __main__: --- Страница 9 ---
2026-03-21 14:32:51 [INFO] __main__: Перехвачено и извлечено 5 отелей. Всего: 165
2026-03-21 14:33:35 [INFO] __main__: Добавлено 5 отелей со страницы 9. Переход на следующую страницу...
2026-03-21 14:33:38 [INFO] __main__: --- Страница 10 ---
2026-03-21 14:34:30 [WARNING] __main__: На странице 10 отелей не получено. Конец списка.
2026-03-21 14:34:30 [INFO] __main__: === Всего собрано отелей со всех страниц: 165 ===
2026-03-21 14:34:45 [INFO] __main__: Сохранено 165 отелей в /home/runner/work/ostrovok_parser/ostrovok_parser/daily/hotels/2026-03-21.csv
2026-03-21 14:34:45 [INFO] __main__: Парсинг завершён. Всего обработано 165 отелей.
2026-03-21 14:34:45 [INFO] __main__: Каталог сохранён: 182 отелей → /home/runner/work/ostrovok_parser/ostrovok_parser/catalog/hotels.csv
2026-03-21 14:34:45 [INFO] __main__: Каталог обновлён: всего 182, новых 0
2026-03-21 14:34:46 [INFO] __main__: Даты бронирования: 22.03.2026 - 23.03.2026
2026-03-21 14:34:46 [INFO] __main__: Запуск браузера для получения куки...
2026-03-21 14:34:56 [INFO] __main__: Получено 53 куки
2026-03-21 14:34:56 [INFO] __main__: Запрашиваю angara_hotel (angara_hotel)
2026-03-21 14:34:56 [INFO] __main__: Сохранено 6 номеров для Ангара Отель
2026-03-21 14:34:56 [INFO] __main__: Запрашиваю victory_hotel_4 (victory_hotel_4)
2026-03-21 14:34:56 [INFO] __main__: Сохранено 5 номеров для Гостиница Виктория
2026-03-21 14:34:56 [INFO] __main__: Запрашиваю evropa_hotel (evropa_hotel)
2026-03-21 14:34:57 [INFO] __main__: Сохранено 11 номеров для Отель Европа
2026-03-21 14:34:57 [INFO] __main__: Запрашиваю podlemorie_hotel (podlemorie_hotel)
2026-03-21 14:34:58 [INFO] __main__: Сохранено 4 номеров для Отель Подлеморье
2026-03-21 14:34:58 [INFO] __main__: Запрашиваю irkutsk_city_center (irkutsk_city_center)
2026-03-21 14:34:59 [INFO] __main__: Сохранено 5 номеров для Отель Иркутск Сити Центр
2026-03-21 14:34:59 [INFO] __main__: Запрашиваю vozdushnaya_gavan (vozdushnaya_gavan)
2026-03-21 14:35:01 [INFO] __main__: Сохранено 3 номеров для Отель Воздушная Гавань
2026-03-21 14:35:01 [INFO] __main__: Запрашиваю best_eastern_hotel_zvezda (best_eastern_hotel_zvezda)
2026-03-21 14:35:05 [INFO] __main__: Сохранено 5 номеров для Отель Звезда
2026-03-21 14:35:05 [INFO] __main__: Запрашиваю vera_baikal (vera_baikal)
2026-03-21 14:35:06 [INFO] __main__: Сохранено 5 номеров для Отель Вера Байкал
2026-03-21 14:35:06 [INFO] __main__: Запрашиваю tajga_hotel (tajga_hotel)
2026-03-21 14:35:11 [INFO] __main__: Сохранено 8 номеров для Отель Тайга
2026-03-21 14:35:11 [INFO] __main__: Запрашиваю hotel_premium_hotel_pushkin (hotel_premium_hotel_pushkin)
2026-03-21 14:35:11 [INFO] __main__: Сохранено 5 номеров для Премиум-отель Пушкин
2026-03-21 14:35:11 [INFO] __main__: Запрашиваю miniotel_good_hotel (miniotel_good_hotel)
2026-03-21 14:35:13 [INFO] __main__: Сохранено 3 номеров для Мини-Отель Good Hotel
2026-03-21 14:35:13 [INFO] __main__: Запрашиваю sobolinka_parkhotel_2 (sobolinka_parkhotel_2)
2026-03-21 14:35:14 [INFO] __main__: Сохранено 2 номеров для Парк-отель Соболинка
2026-03-21 14:35:14 [INFO] __main__: Запрашиваю azimut_aeroport_irkutsk_hotel (azimut_aeroport_irkutsk_hotel)
2026-03-21 14:35:15 [INFO] __main__: Сохранено 5 номеров для AZIMUT Отель Аэропорт Иркутск 4*
2026-03-21 14:35:15 [INFO] __main__: Запрашиваю otel_tsentral (otel_tsentral)
2026-03-21 14:35:16 [INFO] __main__: Сохранено 7 номеров для Отель Централь
2026-03-21 14:35:16 [INFO] __main__: Запрашиваю rus_hotel_irkutsk (rus_hotel_irkutsk)
2026-03-21 14:35:20 [INFO] __main__: Сохранено 6 номеров для Гостиничный Комплекс Русь
2026-03-21 14:35:20 [INFO] __main__: Запрашиваю hotel_nuur_hotel (hotel_nuur_hotel)
2026-03-21 14:35:20 [INFO] __main__: Сохранено 8 номеров для Отель Nuur Hotel
2026-03-21 14:35:20 [INFO] __main__: Запрашиваю mayak_hotel_listvyanka (mayak_hotel_listvyanka)
2026-03-21 14:35:22 [INFO] __main__: Сохранено 16 номеров для Отель Маяк
2026-03-21 14:35:22 [INFO] __main__: Запрашиваю yakovlev_hotel (yakovlev_hotel)
2026-03-21 14:35:24 [INFO] __main__: Сохранено 3 номеров для Отель Яковлевъ
2026-03-21 14:35:24 [INFO] __main__: Запрашиваю montana_hostel (montana_hostel)
2026-03-21 14:35:24 [INFO] __main__: Сохранено 2 номеров для Меблированные комнаты Montana
2026-03-21 14:35:24 [INFO] __main__: Запрашиваю archi_apt_apartments (archi_apt_apartments)
2026-03-21 14:35:24 [INFO] __main__: Сохранено 2 номеров для Отель Baikal Archi Apt
2026-03-21 14:35:24 [INFO] __main__: Запрашиваю grand_baikal (grand_baikal)
2026-03-21 14:35:28 [INFO] __main__: Сохранено 2 номеров для Отель Гранд Байкал
2026-03-21 14:35:28 [INFO] __main__: Запрашиваю otel_irkut (otel_irkut)
2026-03-21 14:35:28 [INFO] __main__: Сохранено 6 номеров для Отель Иркут
2026-03-21 14:35:28 [INFO] __main__: Запрашиваю dohodnyij_dom_listratvoj_butikhotel (dohodnyij_dom_listratvoj_butikhotel)
2026-03-21 14:35:29 [INFO] __main__: Сохранено 3 номеров для Отель Доходный дом Листратовой
2026-03-21 14:35:29 [INFO] __main__: Запрашиваю north_star_hotel_9 (north_star_hotel_9)
2026-03-21 14:35:29 [INFO] __main__: Сохранено 6 номеров для Отель North Star
2026-03-21 14:35:29 [INFO] __main__: Запрашиваю ibis_irkutsk_center (ibis_irkutsk_center)
2026-03-21 14:35:30 [INFO] __main__: Сохранено 5 номеров для Отель Ибис Иркутск Центр
2026-03-21 14:35:30 [INFO] __main__: Запрашиваю empire_hotel_3 (empire_hotel_3)
2026-03-21 14:35:30 [INFO] __main__: Сохранено 10 номеров для Гостиница Империя
2026-03-21 14:35:30 [INFO] __main__: Запрашиваю minihotel_panda (minihotel_panda)
2026-03-21 14:35:30 [INFO] __main__: Сохранено 2 номеров для Отель ДиаДэй
2026-03-21 14:35:30 [INFO] __main__: Запрашиваю 7_dorog (7_dorog)
2026-03-21 14:35:31 [INFO] __main__: Сохранено 5 номеров для Гостиница 7 дорог
2026-03-21 14:35:31 [INFO] __main__: Запрашиваю guest_house_baykaliya (guest_house_baykaliya)
2026-03-21 14:35:31 [INFO] __main__: Сохранено 2 номеров для Байкалия
2026-03-21 14:35:31 [INFO] __main__: Запрашиваю nebo_baykala_guest_house (nebo_baykala_guest_house)
2026-03-21 14:35:32 [INFO] __main__: Сохранено 4 номеров для Небо Байкала
2026-03-21 14:35:32 [INFO] __main__: Запрашиваю malinovka_3 (malinovka_3)
2026-03-21 14:35:32 [INFO] __main__: Сохранено 7 номеров для Малиновка
2026-03-21 14:35:32 [INFO] __main__: Запрашиваю baykal_guest_house_3 (baykal_guest_house_3)
2026-03-21 14:35:32 [INFO] __main__: Сохранено 3 номеров для Меблированные комнаты Байкал
2026-03-21 14:35:32 [INFO] __main__: Запрашиваю burduguz_hotel_2 (burduguz_hotel_2)
2026-03-21 14:35:33 [INFO] __main__: Сохранено 7 номеров для Парк-Отель Бурдугуз
2026-03-21 14:35:33 [INFO] __main__: Запрашиваю arena_g_irkutsk (arena_g_irkutsk)
2026-03-21 14:35:36 [INFO] __main__: Сохранено 3 номеров для Отель Арена Иркутск
2026-03-21 14:35:36 [INFO] __main__: Запрашиваю baikal_forest_hotel (baikal_forest_hotel)
2026-03-21 14:35:40 [INFO] __main__: Сохранено 12 номеров для Отель Baikal Forest
2026-03-21 14:35:40 [INFO] __main__: Запрашиваю inn_business_hall (inn_business_hall)
2026-03-21 14:35:42 [INFO] __main__: Сохранено 5 номеров для Отель Business Hall
2026-03-21 14:35:42 [INFO] __main__: Запрашиваю bajkal_hotel (bajkal_hotel)
2026-03-21 14:35:43 [INFO] __main__: Сохранено 3 номеров для Отель Байкал
2026-03-21 14:35:43 [INFO] __main__: Запрашиваю apartamentyi_v_irkutske (apartamentyi_v_irkutske)
2026-03-21 14:35:43 [INFO] __main__: Сохранено 2 номеров для Меблированные комнаты в Иркутске
2026-03-21 14:35:43 [INFO] __main__: Запрашиваю baikalskie_prostory (baikalskie_prostory)
2026-03-21 14:35:44 [INFO] __main__: Сохранено 5 номеров для Байкальские просторы
2026-03-21 14:35:44 [INFO] __main__: Запрашиваю gostevoy_dom_sunrise (gostevoy_dom_sunrise)
2026-03-21 14:35:44 [INFO] __main__: Сохранено 4 номеров для Sunrise
2026-03-21 14:35:44 [INFO] __main__: Запрашиваю lotos_hotel (lotos_hotel)
2026-03-21 14:35:44 [INFO] __main__: Сохранено 5 номеров для Отель Лотос
2026-03-21 14:35:44 [INFO] __main__: Запрашиваю aristokrat_hotel (aristokrat_hotel)
2026-03-21 14:35:46 [INFO] __main__: Сохранено 5 номеров для Отель Аристократ
2026-03-21 14:35:46 [INFO] __main__: Запрашиваю baikal_business_center_hotel (baikal_business_center_hotel)
2026-03-21 14:35:46 [INFO] __main__: Сохранено 3 номеров для Отель Байкал Бизнес Центр
2026-03-21 14:35:46 [INFO] __main__: Запрашиваю mini_hotel_vizit (mini_hotel_vizit)
2026-03-21 14:35:46 [INFO] __main__: Сохранено 2 номеров для Гостиница Визит
2026-03-21 14:35:46 [INFO] __main__: Запрашиваю matreshka_hotel (matreshka_hotel)
2026-03-21 14:35:48 [INFO] __main__: Сохранено 9 номеров для Отель Матрешка
2026-03-21 14:35:48 [INFO] __main__: Запрашиваю baykal_khan_listvyanka (baykal_khan_listvyanka)
2026-03-21 14:35:49 [INFO] __main__: Сохранено 4 номеров для Отель Ларч
2026-03-21 14:35:49 [INFO] __main__: Запрашиваю miniotel_medveditsa (miniotel_medveditsa)
2026-03-21 14:35:54 [INFO] __main__: Сохранено 3 номеров для Меблированные комнаты Медведица
2026-03-21 14:35:54 [INFO] __main__: Запрашиваю less_guest_house (less_guest_house)
2026-03-21 14:35:54 [INFO] __main__: Сохранено 3 номеров для Меблированные комнаты Лесс
2026-03-21 14:35:54 [INFO] __main__: Запрашиваю nochleg_i_zavtrak_bb_shambala (nochleg_i_zavtrak_bb_shambala)
2026-03-21 14:35:56 [INFO] __main__: Сохранено 1 номеров для Загородный отель Шамбала
2026-03-21 14:35:56 [INFO] __main__: Запрашиваю international_hotel_sayen (international_hotel_sayen)
2026-03-21 14:35:56 [INFO] __main__: Сохранено 6 номеров для SAYEN
2026-03-21 14:35:56 [INFO] __main__: Запрашиваю hotel_nikola_2 (hotel_nikola_2)
2026-03-21 14:35:58 [INFO] __main__: Сохранено 9 номеров для Отель Никола
2026-03-21 14:35:58 [INFO] __main__: Запрашиваю mihail_strogov (mihail_strogov)
2026-03-21 14:36:00 [INFO] __main__: Сохранено 5 номеров для Отель Михаил Строгов
2026-03-21 14:36:00 [INFO] __main__: Запрашиваю minihotel_albatros (minihotel_albatros)
2026-03-21 14:36:05 [INFO] __main__: Сохранено 5 номеров для Гостиница Альбатрос
2026-03-21 14:36:05 [INFO] __main__: Запрашиваю gostevoj_dom_na_zvezdinskoj (gostevoj_dom_na_zvezdinskoj)
2026-03-21 14:36:06 [INFO] __main__: Сохранено 3 номеров для Отель на Звездинской
2026-03-21 14:36:06 [INFO] __main__: Запрашиваю legend_of_baikal (legend_of_baikal)
2026-03-21 14:36:07 [INFO] __main__: Сохранено 6 номеров для Отель Легенда Байкала
2026-03-21 14:36:07 [INFO] __main__: Запрашиваю hotel_aziyayevropa (hotel_aziyayevropa)
2026-03-21 14:36:08 [INFO] __main__: Сохранено 4 номеров для Отель Азия-Европа
2026-03-21 14:36:08 [INFO] __main__: Запрашиваю olkhonstory_guest_house (olkhonstory_guest_house)
2026-03-21 14:36:08 [INFO] __main__: Сохранено 2 номеров для Ольхон стори
2026-03-21 14:36:08 [INFO] __main__: Запрашиваю parus_18 (parus_18)
2026-03-21 14:36:09 [INFO] __main__: Сохранено 6 номеров для Курортный отель Парус
2026-03-21 14:36:09 [INFO] __main__: Запрашиваю alpari (alpari)
2026-03-21 14:36:10 [INFO] __main__: Сохранено 3 номеров для Гостиница Альпари
2026-03-21 14:36:10 [INFO] __main__: Запрашиваю hotel_khotej (hotel_khotej)
2026-03-21 14:36:11 [INFO] __main__: Сохранено 2 номеров для Отель Хотэй
2026-03-21 14:36:11 [INFO] __main__: Запрашиваю gostinitsa_undina (gostinitsa_undina)
2026-03-21 14:36:11 [INFO] __main__: Сохранено 4 номеров для Отель Ундина
2026-03-21 14:36:11 [INFO] __main__: Запрашиваю baikal_view_hotel (baikal_view_hotel)
2026-03-21 14:36:13 [INFO] __main__: Сохранено 5 номеров для Baikal View Hotel
2026-03-21 14:36:13 [INFO] __main__: Запрашиваю klubnyij_kvartal_apartments (klubnyij_kvartal_apartments)
2026-03-21 14:36:14 [INFO] __main__: Сохранено 3 номеров для Клубный Квартал
2026-03-21 14:36:14 [INFO] __main__: Запрашиваю hotel_rodina_grand_hotel_spa_irkutsk_5 (hotel_rodina_grand_hotel_spa_irkutsk_5)
2026-03-21 14:36:14 [INFO] __main__: Сохранено 10 номеров для Отель RODINA Grand Hotel & SPA Irkutsk 5*
2026-03-21 14:36:14 [INFO] __main__: Запрашиваю miniotel_serdtse_baykala (miniotel_serdtse_baykala)
2026-03-21 14:36:15 [INFO] __main__: Сохранено 2 номеров для Сердце Байкала
2026-03-21 14:36:15 [INFO] __main__: Запрашиваю dom_baykal_guest_house (dom_baykal_guest_house)
2026-03-21 14:36:17 [INFO] __main__: Сохранено 3 номеров для Меблированные комнаты Дом Байкал
2026-03-21 14:36:17 [INFO] __main__: Запрашиваю kupechesky_dvor_hotel (kupechesky_dvor_hotel)
2026-03-21 14:36:19 [INFO] __main__: Сохранено 6 номеров для Отель Купеческий Дворъ
2026-03-21 14:36:19 [INFO] __main__: Запрашиваю vesta_hotel_3 (vesta_hotel_3)
2026-03-21 14:36:20 [INFO] __main__: Сохранено 1 номеров для Отель Веста
2026-03-21 14:36:20 [INFO] __main__: Запрашиваю city_park_hotel_13 (city_park_hotel_13)
2026-03-21 14:36:21 [INFO] __main__: Сохранено 5 номеров для Меблированные комнаты City Park
2026-03-21 14:36:21 [INFO] __main__: Запрашиваю beliy_sobol_parkhotel (beliy_sobol_parkhotel)
2026-03-21 14:36:21 [INFO] __main__: Сохранено 4 номеров для Парк-отель Белый Соболь
2026-03-21 14:36:21 [INFO] __main__: Запрашиваю kheyvitsa_guest_house (kheyvitsa_guest_house)
2026-03-21 14:36:23 [INFO] __main__: Сохранено 7 номеров для Отель Гостевой Дом Хейвица
2026-03-21 14:36:23 [INFO] __main__: Запрашиваю baykal_khan_hotel_olkhon (baykal_khan_hotel_olkhon)
2026-03-21 14:36:25 [INFO] __main__: Сохранено 1 номеров для Отель Байкал-Хан Ольхон
2026-03-21 14:36:25 [INFO] __main__: Запрашиваю irkutsk_city_lodge (irkutsk_city_lodge)
2026-03-21 14:36:26 [INFO] __main__: Сохранено 3 номеров для Отель Иркутск Сити Лодж
2026-03-21 14:36:26 [INFO] __main__: Запрашиваю bajkalkemp (bajkalkemp)
2026-03-21 14:36:27 [INFO] __main__: Сохранено 3 номеров для Байкал-кэмп
2026-03-21 14:36:27 [INFO] __main__: Запрашиваю amurskiy (amurskiy)
2026-03-21 14:36:28 [INFO] __main__: Сохранено 7 номеров для Отель Амурский
2026-03-21 14:36:28 [INFO] __main__: Запрашиваю alaniya (alaniya)
2026-03-21 14:36:29 [INFO] __main__: Сохранено 3 номеров для Алания
2026-03-21 14:36:29 [INFO] __main__: Запрашиваю hotel_barguzin (hotel_barguzin)
2026-03-21 14:36:30 [INFO] __main__: Сохранено 2 номеров для Меблированные комнаты Баргузин
2026-03-21 14:36:30 [INFO] __main__: Запрашиваю hotel_soyuz_2 (hotel_soyuz_2)
2026-03-21 14:36:30 [INFO] __main__: Сохранено 8 номеров для Жилое помещение Союз
2026-03-21 14:36:30 [INFO] __main__: Запрашиваю solnechny_guest_house_7 (solnechny_guest_house_7)
2026-03-21 14:36:31 [INFO] __main__: Сохранено 1 номеров для Cолнечный
2026-03-21 14:36:31 [INFO] __main__: Запрашиваю armat_hotel (armat_hotel)
2026-03-21 14:36:32 [INFO] __main__: Сохранено 10 номеров для Отель Armat
2026-03-21 14:36:32 [INFO] __main__: Запрашиваю hotel_kurshavel_ (hotel_kurshavel_)
2026-03-21 14:36:33 [INFO] __main__: Сохранено 4 номеров для Отель Куршавель
2026-03-21 14:36:33 [INFO] __main__: Запрашиваю bajkal_severnoe_more_hotel (bajkal_severnoe_more_hotel)
2026-03-21 14:36:35 [INFO] __main__: Сохранено 8 номеров для Отель Байкал - Северное Море
2026-03-21 14:36:35 [INFO] __main__: Запрашиваю hotel_nataly_2 (hotel_nataly_2)
2026-03-21 14:36:36 [INFO] __main__: Сохранено 4 номеров для Отель Натали
2026-03-21 14:36:36 [INFO] __main__: Запрашиваю hotel_gostinitsa_dinamo (hotel_gostinitsa_dinamo)
2026-03-21 14:36:37 [INFO] __main__: Сохранено 5 номеров для Отель Динамо
2026-03-21 14:36:37 [INFO] __main__: Запрашиваю krestovaya_pad_hotel (krestovaya_pad_hotel)
2026-03-21 14:36:37 [INFO] __main__: Сохранено 5 номеров для Гостиница Крестовая падь
2026-03-21 14:36:37 [INFO] __main__: Запрашиваю gostinitsa_ustilim (gostinitsa_ustilim)
2026-03-21 14:36:41 [INFO] __main__: Сохранено 8 номеров для Усть-Илим
2026-03-21 14:36:41 [INFO] __main__: Запрашиваю kalina_house_olkhon_baikal_guest_house (kalina_house_olkhon_baikal_guest_house)
2026-03-21 14:36:43 [INFO] __main__: Сохранено 2 номеров для Конкордия
2026-03-21 14:36:43 [INFO] __main__: Запрашиваю gostevoy_dom_briz_3 (gostevoy_dom_briz_3)
2026-03-21 14:36:43 [INFO] __main__: Сохранено 2 номеров для Меблированные комнаты БРИЗ
2026-03-21 14:36:43 [INFO] __main__: Запрашиваю taiga_2 (taiga_2)
2026-03-21 14:36:45 [INFO] __main__: Сохранено 4 номеров для Отель Taiga
2026-03-21 14:36:45 [INFO] __main__: Запрашиваю yolochka (yolochka)
2026-03-21 14:36:46 [INFO] __main__: Сохранено 9 номеров для Меблированные комнаты Ёлочка
2026-03-21 14:36:46 [INFO] __main__: Запрашиваю baykal_shale_guest_house (baykal_shale_guest_house)
2026-03-21 14:36:48 [INFO] __main__: Сохранено 2 номеров для Байкал Шале
2026-03-21 14:36:48 [INFO] __main__: Запрашиваю eko_baikalwood_hotel (eko_baikalwood_hotel)
2026-03-21 14:36:48 [INFO] __main__: Сохранено 12 номеров для Отель Байкальский лес (BaikalWood Hotel&SPA)
2026-03-21 14:36:48 [INFO] __main__: Запрашиваю hotel_sozvezdie_baikala (hotel_sozvezdie_baikala)
2026-03-21 14:36:49 [INFO] __main__: Сохранено 6 номеров для Отель Созвездие Байкала
2026-03-21 14:36:49 [INFO] __main__: Запрашиваю hotel_baikal_best_edelweiss (hotel_baikal_best_edelweiss)
2026-03-21 14:36:51 [INFO] __main__: Сохранено 8 номеров для Baikal Best Edelweiss
2026-03-21 14:36:51 [INFO] __main__: Запрашиваю lazurny_bereg_hotel_ (lazurny_bereg_hotel_)
2026-03-21 14:36:52 [INFO] __main__: Сохранено 2 номеров для Гостиница Лазурный берег
2026-03-21 14:36:52 [INFO] __main__: Запрашиваю hotel_kosmos_5 (hotel_kosmos_5)
2026-03-21 14:36:53 [INFO] __main__: Сохранено 3 номеров для Отель Космос
2026-03-21 14:36:53 [INFO] __main__: Запрашиваю lada_8 (lada_8)
2026-03-21 14:36:53 [INFO] __main__: Сохранено 8 номеров для Отель Гостиница ЛАДА
2026-03-21 14:36:53 [INFO] __main__: Запрашиваю green_hotel_ (green_hotel_)
2026-03-21 14:36:55 [INFO] __main__: Сохранено 7 номеров для Грин Отель
2026-03-21 14:36:55 [INFO] __main__: Запрашиваю private_house_uedinenny_dom_na_beregu_zhivopisnoy_zavodi (private_house_uedinenny_dom_na_beregu_zhivopisnoy_zavodi)
2026-03-21 14:36:56 [INFO] __main__: Сохранено 1 номеров для Байкал 51
2026-03-21 14:36:56 [INFO] __main__: Запрашиваю ozerny_tulun_sports_complex_na_karbysheva_185_apartment (ozerny_tulun_sports_complex_na_karbysheva_185_apartment)
2026-03-21 14:36:56 [INFO] __main__: Сохранено 1 номеров для Спорткомплекс Озерный Тулун на Карбышева 185
2026-03-21 14:36:56 [INFO] __main__: Запрашиваю gostinitsa_solntse (gostinitsa_solntse)
2026-03-21 14:36:59 [INFO] __main__: Сохранено 6 номеров для Гостиница Солнце
2026-03-21 14:36:59 [INFO] __main__: Запрашиваю bely_bereg (bely_bereg)
2026-03-21 14:37:00 [INFO] __main__: Сохранено 2 номеров для Отель Белый берег
2026-03-21 14:37:00 [INFO] __main__: Запрашиваю domik_na_kholme_guest_house (domik_na_kholme_guest_house)
2026-03-21 14:37:00 [INFO] __main__: Сохранено 0 номеров для Меблированные комнаты Домик на холме
2026-03-21 14:37:00 [INFO] __main__: Запрашиваю hotel_flagman_olkhona (hotel_flagman_olkhona)
2026-03-21 14:37:02 [INFO] __main__: Сохранено 5 номеров для Отель Флагман Ольхона
2026-03-21 14:37:02 [INFO] __main__: Запрашиваю hotel_yubileinaya__2 (hotel_yubileinaya__2)
2026-03-21 14:37:05 [INFO] __main__: Сохранено 3 номеров для Гостиница Юбилейная
2026-03-21 14:37:05 [INFO] __main__: Запрашиваю lenatour (lenatour)
2026-03-21 14:37:06 [INFO] __main__: Сохранено 3 номеров для Отель  Ленатур
2026-03-21 14:37:06 [INFO] __main__: Запрашиваю uda_2 (uda_2)
2026-03-21 14:37:10 [INFO] __main__: Сохранено 6 номеров для Отель УДА
2026-03-21 14:37:10 [INFO] __main__: Запрашиваю brusinka (brusinka)
2026-03-21 14:37:10 [INFO] __main__: Сохранено 1 номеров для Меблированные комнаты Брусника
2026-03-21 14:37:10 [INFO] __main__: Запрашиваю gostinitsa_akademicheskaya (gostinitsa_akademicheskaya)
2026-03-21 14:37:11 [INFO] __main__: Сохранено 4 номеров для Отель Гостиница Академическая
2026-03-21 14:37:11 [INFO] __main__: Запрашиваю dream_of_baikal_hotel (dream_of_baikal_hotel)
2026-03-21 14:37:11 [INFO] __main__: Сохранено 0 номеров для Отель Dream of Baikal
2026-03-21 14:37:11 [INFO] __main__: Запрашиваю recreation_complex_altan (recreation_complex_altan)
2026-03-21 14:37:13 [INFO] __main__: Сохранено 0 номеров для Парк-Отель Алтан
2026-03-21 14:37:13 [INFO] __main__: Запрашиваю hotel_pushkin_2 (hotel_pushkin_2)
2026-03-21 14:37:15 [INFO] __main__: Сохранено 6 номеров для Отель ПушкинЪ
2026-03-21 14:37:15 [INFO] __main__: Запрашиваю royal_hotel_33 (royal_hotel_33)
2026-03-21 14:37:16 [INFO] __main__: Сохранено 0 номеров для Отель Рояль
2026-03-21 14:37:16 [INFO] __main__: Запрашиваю artrezidentsiya_port_olhon (artrezidentsiya_port_olhon)
2026-03-21 14:37:17 [INFO] __main__: Сохранено 0 номеров для Арт-отель Порт Ольхон
2026-03-21 14:37:17 [INFO] __main__: Запрашиваю lyuks_hotel_4 (lyuks_hotel_4)
2026-03-21 14:37:17 [INFO] __main__: Сохранено 3 номеров для Отель Люкс
2026-03-21 14:37:17 [INFO] __main__: Запрашиваю flagman_hotel (flagman_hotel)
2026-03-21 14:37:18 [INFO] __main__: Сохранено 3 номеров для Отель Флагман
2026-03-21 14:37:18 [INFO] __main__: Запрашиваю u_lukomorya_4 (u_lukomorya_4)
2026-03-21 14:37:18 [INFO] __main__: Сохранено 0 номеров для У Лукоморья
2026-03-21 14:37:18 [INFO] __main__: Запрашиваю aura_living_quarters (aura_living_quarters)
2026-03-21 14:37:19 [INFO] __main__: Сохранено 0 номеров для Меблированные комнаты Аура
2026-03-21 14:37:19 [INFO] __main__: Запрашиваю hotel_anastasiya_2 (hotel_anastasiya_2)
2026-03-21 14:37:19 [INFO] __main__: Сохранено 12 номеров для Отель ГК Анастасия
2026-03-21 14:37:19 [INFO] __main__: Запрашиваю praskovya_guest_house (praskovya_guest_house)
2026-03-21 14:37:21 [INFO] __main__: Сохранено 4 номеров для Отель Прасковья
2026-03-21 14:37:21 [INFO] __main__: Запрашиваю sportkompleks_ozerny_tulun_hotel (sportkompleks_ozerny_tulun_hotel)
2026-03-21 14:37:21 [INFO] __main__: Сохранено 1 номеров для Спорткомплекс Озерный Тулун
2026-03-21 14:37:21 [INFO] __main__: Запрашиваю guest_house_vremena_goda (guest_house_vremena_goda)
2026-03-21 14:37:22 [INFO] __main__: Сохранено 0 номеров для Времена Года
2026-03-21 14:37:22 [INFO] __main__: Запрашиваю gostevoy_dom_forest_home (gostevoy_dom_forest_home)
2026-03-21 14:37:23 [INFO] __main__: Сохранено 0 номеров для Forest Home
2026-03-21 14:37:23 [INFO] __main__: Запрашиваю luna_hotel_9 (luna_hotel_9)
2026-03-21 14:37:24 [INFO] __main__: Сохранено 3 номеров для Отель Луна
2026-03-21 14:37:24 [INFO] __main__: Запрашиваю tri_kita_2 (tri_kita_2)
2026-03-21 14:37:25 [INFO] __main__: Сохранено 4 номеров для Отель Три Кита
2026-03-21 14:37:25 [INFO] __main__: Запрашиваю hotel_olimpiada (hotel_olimpiada)
2026-03-21 14:37:26 [INFO] __main__: Сохранено 3 номеров для Олимпиада
2026-03-21 14:37:26 [INFO] __main__: Запрашиваю smart_hotel_kdo_irkutsk_hotel (smart_hotel_kdo_irkutsk_hotel)
2026-03-21 14:37:27 [INFO] __main__: Сохранено 5 номеров для Отель Smart Hotel Иркутск
2026-03-21 14:37:27 [INFO] __main__: Запрашиваю gostevoy_dom_melodiya_baykala (gostevoy_dom_melodiya_baykala)
2026-03-21 14:37:28 [INFO] __main__: Сохранено 1 номеров для Гостевой дом Мелодия Байкала
2026-03-21 14:37:28 [INFO] __main__: Запрашиваю olkhon_house_guest_family_house (olkhon_house_guest_family_house)
2026-03-21 14:37:28 [INFO] __main__: Сохранено 0 номеров для Olkhon Family House
2026-03-21 14:37:28 [INFO] __main__: Запрашиваю momant_house_recreation_camp (momant_house_recreation_camp)
2026-03-21 14:37:29 [INFO] __main__: Сохранено 0 номеров для Momant house
2026-03-21 14:37:29 [INFO] __main__: Запрашиваю pekin_hotel (pekin_hotel)
2026-03-21 14:37:29 [INFO] __main__: Сохранено 2 номеров для Отель Пекин
2026-03-21 14:37:29 [INFO] __main__: Запрашиваю vostochnaia (vostochnaia)
2026-03-21 14:37:29 [INFO] __main__: Сохранено 0 номеров для Гостиница Восточная
2026-03-21 14:37:29 [INFO] __main__: Запрашиваю tikhaya_gavan_4 (tikhaya_gavan_4)
2026-03-21 14:37:31 [INFO] __main__: Сохранено 2 номеров для Отель "Тихая Гавань"
2026-03-21 14:37:31 [INFO] __main__: Запрашиваю the_hotel_on_volzhskaya (the_hotel_on_volzhskaya)
2026-03-21 14:37:32 [INFO] __main__: Сохранено 3 номеров для Гостиница на Волжской
2026-03-21 14:37:32 [INFO] __main__: Запрашиваю yupiter (yupiter)
2026-03-21 14:37:33 [INFO] __main__: Сохранено 2 номеров для Юпитер
2026-03-21 14:37:33 [INFO] __main__: Запрашиваю hotel_dacha_baikaleco (hotel_dacha_baikaleco)
2026-03-21 14:37:33 [INFO] __main__: Сохранено 0 номеров для Семейный отель Дача БайкалЭко
2026-03-21 14:37:33 [INFO] __main__: Запрашиваю flagman_hotel_4 (flagman_hotel_4)
2026-03-21 14:37:34 [INFO] __main__: Сохранено 2 номеров для Отель Флагман
2026-03-21 14:37:34 [INFO] __main__: Запрашиваю katantsa_hotel (katantsa_hotel)
2026-03-21 14:37:35 [INFO] __main__: Сохранено 0 номеров для Отель Катанца
2026-03-21 14:37:35 [INFO] __main__: Запрашиваю oktyabrskaya_minihotel (oktyabrskaya_minihotel)
2026-03-21 14:37:36 [INFO] __main__: Сохранено 2 номеров для Октябрьская
2026-03-21 14:37:36 [INFO] __main__: Запрашиваю loft_house_38_guest_house (loft_house_38_guest_house)
2026-03-21 14:37:36 [INFO] __main__: Сохранено 0 номеров для Loft House 38
2026-03-21 14:37:36 [INFO] __main__: Запрашиваю hotelclub_ice (hotelclub_ice)
2026-03-21 14:37:38 [INFO] __main__: Сохранено 1 номеров для Отель Сибирская резиденция Лёд Байкала
2026-03-21 14:37:38 [INFO] __main__: Запрашиваю hotel_shishki (hotel_shishki)
2026-03-21 14:37:39 [INFO] __main__: Сохранено 0 номеров для Меблированные комнаты Шишки
2026-03-21 14:37:39 [INFO] __main__: Запрашиваю history_boutiquehotel (history_boutiquehotel)
2026-03-21 14:37:40 [INFO] __main__: Сохранено 8 номеров для Отель History Бутик-отель и Спа
2026-03-21 14:37:40 [INFO] __main__: Запрашиваю dauria_hotel_2 (dauria_hotel_2)
2026-03-21 14:37:40 [INFO] __main__: Сохранено 1 номеров для Отель Даурия
2026-03-21 14:37:40 [INFO] __main__: Запрашиваю magnetit (magnetit)
2026-03-21 14:37:41 [INFO] __main__: Сохранено 3 номеров для Отель Магнетит
2026-03-21 14:37:41 [INFO] __main__: Запрашиваю bajkalskie_sezonyi (bajkalskie_sezonyi)
2026-03-21 14:37:42 [INFO] __main__: Сохранено 5 номеров для Отель Парк Байкальские сезоны
2026-03-21 14:37:42 [INFO] __main__: Запрашиваю gostevoi_dom_margobai (gostevoi_dom_margobai)
2026-03-21 14:37:44 [INFO] __main__: Сохранено 7 номеров для Отель Маргобай
2026-03-21 14:37:44 [INFO] __main__: Запрашиваю metelitsa_6 (metelitsa_6)
2026-03-21 14:37:45 [INFO] __main__: Сохранено 2 номеров для Отель Метелица
2026-03-21 14:37:45 [INFO] __main__: Запрашиваю pribaikalskaya_hotel (pribaikalskaya_hotel)
2026-03-21 14:37:45 [INFO] __main__: Сохранено 2 номеров для Гостиница Прибайкальская
2026-03-21 14:37:45 [INFO] __main__: Запрашиваю gloria_20 (gloria_20)
2026-03-21 14:37:48 [INFO] __main__: Сохранено 1 номеров для Отель Глория
2026-03-21 14:37:48 [INFO] __main__: Запрашиваю gostevoj_dom_otdyih_na_bajkale (gostevoj_dom_otdyih_na_bajkale)
2026-03-21 14:37:48 [INFO] __main__: Сохранено 0 номеров для Отель Отдых на Байкале
2026-03-21 14:37:48 [INFO] __main__: Запрашиваю trakstop_38_2 (trakstop_38_2)
2026-03-21 14:37:50 [INFO] __main__: Сохранено 1 номеров для Trakstop 38
2026-03-21 14:37:50 [INFO] __main__: Запрашиваю zvezda_kochevnika (zvezda_kochevnika)
2026-03-21 14:37:53 [INFO] __main__: Сохранено 4 номеров для Звезда Кочевника
2026-03-21 14:37:53 [INFO] __main__: Запрашиваю planeta_9 (planeta_9)
2026-03-21 14:37:54 [INFO] __main__: Сохранено 4 номеров для Планета
2026-03-21 14:37:54 [INFO] __main__: Запрашиваю mir_baykala_hotel (mir_baykala_hotel)
2026-03-21 14:37:56 [INFO] __main__: Сохранено 1 номеров для Отель Мир Байкала
2026-03-21 14:37:56 [INFO] __main__: Запрашиваю baikal_capsule_hostel (baikal_capsule_hostel)
2026-03-21 14:37:57 [INFO] __main__: Сохранено 1 номеров для Байкал Капсул (Байкальская капсула)
2026-03-21 14:37:57 [INFO] __main__: Запрашиваю vitim (vitim)
2026-03-21 14:37:58 [INFO] __main__: Сохранено 2 номеров для Витим
2026-03-21 14:37:58 [INFO] __main__: Запрашиваю gostevoy_dom_mandarkhan_obaykal (gostevoy_dom_mandarkhan_obaykal)
2026-03-21 14:37:58 [INFO] __main__: Сохранено 1 номеров для Мандархан, о.Байкал
2026-03-21 14:37:58 [INFO] __main__: Запрашиваю glemping_hygge_barn (glemping_hygge_barn)
2026-03-21 14:37:58 [INFO] __main__: Сохранено 2 номеров для Hygge Barn
2026-03-21 14:37:58 [INFO] __main__: Запрашиваю na_gornoy_ulitse_5_private_house (na_gornoy_ulitse_5_private_house)
2026-03-21 14:37:59 [INFO] __main__: Сохранено 0 номеров для Меблированные комнаты на Горной Улице 7Б
2026-03-21 14:37:59 [INFO] __main__: Запрашиваю dlya_kompanii_guest_house (dlya_kompanii_guest_house)
2026-03-21 14:37:59 [INFO] __main__: Сохранено 1 номеров для Для компании
2026-03-21 14:37:59 [INFO] __main__: Запрашиваю v_russkom_stile_guest_house (v_russkom_stile_guest_house)
2026-03-21 14:37:59 [INFO] __main__: Сохранено 0 номеров для Меблированные комнаты в Русском Стиле
2026-03-21 14:37:59 [INFO] __main__: Запрашиваю barnkhaus_guest_house_4 (barnkhaus_guest_house_4)
2026-03-21 14:38:00 [INFO] __main__: Сохранено 0 номеров для Барнхаус
2026-03-21 14:38:00 [INFO] __main__: Запрашиваю hotel_harats_inn (hotel_harats_inn)
2026-03-21 14:38:00 [INFO] __main__: Сохранено 4 номеров для Отель Harat's inn
2026-03-21 14:38:00 [INFO] __main__: Запрашиваю hotel_gostinitsa_avtovokzal (hotel_gostinitsa_avtovokzal)
2026-03-21 14:38:01 [INFO] __main__: Сохранено 4 номеров для Отель гостиница Автовокзал
2026-03-21 14:38:01 [INFO] __main__: Сохранено 645 номеров в /home/runner/work/ostrovok_parser/ostrovok_parser/daily/rooms/2026-03-21.csv
2026-03-21 14:38:01 [INFO] __main__: Парсинг завершён. Всего обработано 645 номеров.
2026-03-21 14:38:01 [INFO] __main__: Статистика сохранена в /home/runner/work/ostrovok_parser/ostrovok_parser/daily/statistics/2026-03-21.csv
2026-03-21 14:38:01 [INFO] __main__: Обработано 165 отелей
