2026-02-23 08:24:33 [INFO] __main__: Режим CI: увеличенные таймауты и ожидание networkidle.
2026-02-23 08:24:33 [INFO] __main__: Запуск парсера отелей...
2026-02-23 08:24:33 [INFO] __main__: Даты бронирования: 24.02.2026 - 25.02.2026
2026-02-23 08:24:34 [INFO] __main__: --- Страница 1 ---
2026-02-23 08:24:42 [INFO] __main__: Перехвачено и извлечено 20 отелей. Всего: 20
2026-02-23 08:25:28 [INFO] __main__: Добавлено 20 отелей со страницы 1. Переход на следующую страницу...
2026-02-23 08:25:30 [INFO] __main__: --- Страница 2 ---
2026-02-23 08:25:33 [INFO] __main__: Перехвачено и извлечено 20 отелей. Всего: 40
2026-02-23 08:25:37 [INFO] __main__: Добавлено 20 отелей со страницы 2. Переход на следующую страницу...
2026-02-23 08:25:40 [INFO] __main__: --- Страница 3 ---
2026-02-23 08:25:42 [INFO] __main__: Перехвачено и извлечено 20 отелей. Всего: 60
2026-02-23 08:25:46 [INFO] __main__: Добавлено 20 отелей со страницы 3. Переход на следующую страницу...
2026-02-23 08:25:49 [INFO] __main__: --- Страница 4 ---
2026-02-23 08:25:51 [INFO] __main__: Перехвачено и извлечено 20 отелей. Всего: 80
2026-02-23 08:26:38 [INFO] __main__: Добавлено 20 отелей со страницы 4. Переход на следующую страницу...
2026-02-23 08:26:40 [INFO] __main__: --- Страница 5 ---
2026-02-23 08:26:43 [INFO] __main__: Перехвачено и извлечено 20 отелей. Всего: 100
2026-02-23 08:27:30 [INFO] __main__: Добавлено 20 отелей со страницы 5. Переход на следующую страницу...
2026-02-23 08:27:32 [INFO] __main__: --- Страница 6 ---
2026-02-23 08:27:35 [INFO] __main__: Перехвачено и извлечено 20 отелей. Всего: 120
2026-02-23 08:27:39 [INFO] __main__: Добавлено 20 отелей со страницы 6. Переход на следующую страницу...
2026-02-23 08:27:41 [INFO] __main__: --- Страница 7 ---
2026-02-23 08:27:44 [INFO] __main__: Перехвачено и извлечено 20 отелей. Всего: 140
2026-02-23 08:28:30 [INFO] __main__: Добавлено 20 отелей со страницы 7. Переход на следующую страницу...
2026-02-23 08:28:33 [INFO] __main__: --- Страница 8 ---
2026-02-23 08:28:35 [INFO] __main__: Перехвачено и извлечено 6 отелей. Всего: 146
2026-02-23 08:29:23 [INFO] __main__: Добавлено 6 отелей со страницы 8. Переход на следующую страницу...
2026-02-23 08:29:25 [INFO] __main__: --- Страница 9 ---
2026-02-23 08:31:00 [WARNING] __main__: На странице 9 отелей не получено. Конец списка.
2026-02-23 08:31:00 [INFO] __main__: === Всего собрано отелей со всех страниц: 146 ===
2026-02-23 08:31:15 [INFO] __main__: Сохранено 146 отелей в /home/runner/work/ostrovok_parser/ostrovok_parser/tables/hotels/2026-02-23.csv
2026-02-23 08:31:15 [INFO] __main__: Парсинг завершён. Всего обработано 146 отелей.
2026-02-23 08:31:18 [INFO] __main__: Даты бронирования: 24.02.2026 - 25.02.2026
2026-02-23 08:31:18 [INFO] __main__: Запуск браузера для получения куки...
2026-02-23 08:31:22 [INFO] __main__: Получено 53 куки
2026-02-23 08:31:22 [INFO] __main__: Запрашиваю grand_baikal (grand_baikal)
2026-02-23 08:31:25 [INFO] __main__: Сохранено 2 номеров для Отель Гранд Байкал
2026-02-23 08:31:25 [INFO] __main__: Запрашиваю sobolinka_parkhotel_2 (sobolinka_parkhotel_2)
2026-02-23 08:31:27 [INFO] __main__: Сохранено 2 номеров для Парк-отель Соболинка
2026-02-23 08:31:27 [INFO] __main__: Запрашиваю taiga_2 (taiga_2)
2026-02-23 08:31:28 [INFO] __main__: Сохранено 3 номеров для Отель Taiga
2026-02-23 08:31:28 [INFO] __main__: Запрашиваю mayak_hotel_listvyanka (mayak_hotel_listvyanka)
2026-02-23 08:31:30 [INFO] __main__: Сохранено 10 номеров для Отель Маяк
2026-02-23 08:31:30 [INFO] __main__: Запрашиваю bajkal_hotel (bajkal_hotel)
2026-02-23 08:31:32 [INFO] __main__: Сохранено 2 номеров для Отель Байкал
2026-02-23 08:31:32 [INFO] __main__: Запрашиваю irkutsk_city_center (irkutsk_city_center)
2026-02-23 08:31:32 [INFO] __main__: Сохранено 2 номеров для Irkutsk City Center
2026-02-23 08:31:32 [INFO] __main__: Запрашиваю hotel_nikola_2 (hotel_nikola_2)
2026-02-23 08:31:34 [INFO] __main__: Сохранено 9 номеров для Отель Никола
2026-02-23 08:31:34 [INFO] __main__: Запрашиваю hotel_nuur_hotel (hotel_nuur_hotel)
2026-02-23 08:31:35 [INFO] __main__: Сохранено 3 номеров для Отель Nuur hotel
2026-02-23 08:31:35 [INFO] __main__: Запрашиваю tajga_hotel (tajga_hotel)
2026-02-23 08:31:35 [INFO] __main__: Сохранено 2 номеров для Отель Тайга
2026-02-23 08:31:35 [INFO] __main__: Запрашиваю empire_hotel_3 (empire_hotel_3)
2026-02-23 08:31:36 [INFO] __main__: Сохранено 7 номеров для Гостиница Империя
2026-02-23 08:31:36 [INFO] __main__: Запрашиваю vera_baikal (vera_baikal)
2026-02-23 08:31:36 [INFO] __main__: Сохранено 2 номеров для Отель Вера Байкал
2026-02-23 08:31:36 [INFO] __main__: Запрашиваю olkhonstory_guest_house (olkhonstory_guest_house)
2026-02-23 08:31:37 [INFO] __main__: Сохранено 2 номеров для Ольхон стори
2026-02-23 08:31:37 [INFO] __main__: Запрашиваю nochleg_i_zavtrak_bb_shambala (nochleg_i_zavtrak_bb_shambala)
2026-02-23 08:31:39 [INFO] __main__: Сохранено 1 номеров для Загородный отель Шамбала
2026-02-23 08:31:39 [INFO] __main__: Запрашиваю malinovka_3 (malinovka_3)
2026-02-23 08:31:39 [INFO] __main__: Сохранено 3 номеров для Малиновка
2026-02-23 08:31:39 [INFO] __main__: Запрашиваю gostevoy_dom_sunrise (gostevoy_dom_sunrise)
2026-02-23 08:31:39 [INFO] __main__: Сохранено 2 номеров для Sunrise
2026-02-23 08:31:39 [INFO] __main__: Запрашиваю kupechesky_dvor_hotel (kupechesky_dvor_hotel)
2026-02-23 08:31:41 [INFO] __main__: Сохранено 1 номеров для Отель Купеческий Дворъ
2026-02-23 08:31:41 [INFO] __main__: Запрашиваю baikal_view_hotel (baikal_view_hotel)
2026-02-23 08:31:44 [INFO] __main__: Сохранено 2 номеров для Baikal View Hotel
2026-02-23 08:31:44 [INFO] __main__: Запрашиваю otel_irkut (otel_irkut)
2026-02-23 08:31:44 [INFO] __main__: Сохранено 4 номеров для Отель Иркут
2026-02-23 08:31:44 [INFO] __main__: Запрашиваю podlemorie_hotel (podlemorie_hotel)
2026-02-23 08:31:45 [INFO] __main__: Сохранено 1 номеров для Отель Подлеморье
2026-02-23 08:31:45 [INFO] __main__: Запрашиваю baykal_shale_guest_house (baykal_shale_guest_house)
2026-02-23 08:31:47 [INFO] __main__: Сохранено 1 номеров для Байкал Шале
2026-02-23 08:31:47 [INFO] __main__: Запрашиваю miniotel_good_hotel (miniotel_good_hotel)
2026-02-23 08:31:47 [INFO] __main__: Сохранено 2 номеров для Мини-Отель Good Hotel
2026-02-23 08:31:47 [INFO] __main__: Запрашиваю nebo_baykala_guest_house (nebo_baykala_guest_house)
2026-02-23 08:31:48 [INFO] __main__: Сохранено 4 номеров для Небо Байкала
2026-02-23 08:31:48 [INFO] __main__: Запрашиваю hotel_premium_hotel_pushkin (hotel_premium_hotel_pushkin)
2026-02-23 08:31:48 [INFO] __main__: Сохранено 3 номеров для Премиум-отель Пушкин
2026-02-23 08:31:48 [INFO] __main__: Запрашиваю matreshka_hotel (matreshka_hotel)
2026-02-23 08:31:52 [INFO] __main__: Сохранено 4 номеров для Отель Matreshka
2026-02-23 08:31:52 [INFO] __main__: Запрашиваю dauria_hotel_2 (dauria_hotel_2)
2026-02-23 08:31:52 [INFO] __main__: Сохранено 5 номеров для Отель Даурия
2026-02-23 08:31:52 [INFO] __main__: Запрашиваю atlas_hotel_3 (atlas_hotel_3)
2026-02-23 08:31:53 [INFO] __main__: Сохранено 1 номеров для Гостиница Атлас
2026-02-23 08:31:53 [INFO] __main__: Запрашиваю hotel_khotej (hotel_khotej)
2026-02-23 08:31:53 [INFO] __main__: Сохранено 1 номеров для Отель Хотэй
2026-02-23 08:31:53 [INFO] __main__: Запрашиваю inn_business_hall (inn_business_hall)
2026-02-23 08:31:54 [INFO] __main__: Сохранено 2 номеров для Отель Business Hall
2026-02-23 08:31:54 [INFO] __main__: Запрашиваю legend_of_baikal (legend_of_baikal)
2026-02-23 08:31:55 [INFO] __main__: Сохранено 6 номеров для Отель Легенда Байкала
2026-02-23 08:31:55 [INFO] __main__: Запрашиваю international_hotel_sayen (international_hotel_sayen)
2026-02-23 08:31:55 [INFO] __main__: Сохранено 4 номеров для SAYEN
2026-02-23 08:31:55 [INFO] __main__: Запрашиваю hotel_flagman_olkhona (hotel_flagman_olkhona)
2026-02-23 08:31:57 [INFO] __main__: Сохранено 4 номеров для Отель Флагман Ольхона
2026-02-23 08:31:57 [INFO] __main__: Запрашиваю minihotel_albatros (minihotel_albatros)
2026-02-23 08:31:58 [INFO] __main__: Сохранено 1 номеров для Гостиница Альбатрос
2026-02-23 08:31:58 [INFO] __main__: Запрашиваю hotel_kurshavel_ (hotel_kurshavel_)
2026-02-23 08:31:59 [INFO] __main__: Сохранено 4 номеров для Отель Куршавель
2026-02-23 08:31:59 [INFO] __main__: Запрашиваю v_samom_tsentre_irkutska_minihotel (v_samom_tsentre_irkutska_minihotel)
2026-02-23 08:32:00 [INFO] __main__: Сохранено 2 номеров для Отель В Сердце Иркутска
2026-02-23 08:32:00 [INFO] __main__: Запрашиваю city_park_hotel_13 (city_park_hotel_13)
2026-02-23 08:32:01 [INFO] __main__: Сохранено 5 номеров для Меблированные комнаты City Park
2026-02-23 08:32:01 [INFO] __main__: Запрашиваю parus_18 (parus_18)
2026-02-23 08:32:01 [INFO] __main__: Сохранено 6 номеров для Курортный отель Парус
2026-02-23 08:32:01 [INFO] __main__: Запрашиваю gostinitsa_ustilim (gostinitsa_ustilim)
2026-02-23 08:32:04 [INFO] __main__: Сохранено 8 номеров для Усть-Илим
2026-02-23 08:32:04 [INFO] __main__: Запрашиваю miniotel_gostinitsa_nerpenok (miniotel_gostinitsa_nerpenok)
2026-02-23 08:32:05 [INFO] __main__: Сохранено 2 номеров для Нерпенок
2026-02-23 08:32:05 [INFO] __main__: Запрашиваю lada_8 (lada_8)
2026-02-23 08:32:05 [INFO] __main__: Сохранено 1 номеров для Отель Гостиница ЛАДА
2026-02-23 08:32:05 [INFO] __main__: Запрашиваю minihotel_panda (minihotel_panda)
2026-02-23 08:32:06 [INFO] __main__: Сохранено 2 номеров для Отель ДиаДэй
2026-02-23 08:32:06 [INFO] __main__: Запрашиваю miniotel_medveditsa (miniotel_medveditsa)
2026-02-23 08:32:06 [INFO] __main__: Сохранено 3 номеров для Меблированные комнаты Медведица
2026-02-23 08:32:06 [INFO] __main__: Запрашиваю arena_g_irkutsk (arena_g_irkutsk)
2026-02-23 08:32:08 [INFO] __main__: Сохранено 3 номеров для Отель Арена Иркутск
2026-02-23 08:32:08 [INFO] __main__: Запрашиваю kheyvitsa_guest_house (kheyvitsa_guest_house)
2026-02-23 08:32:09 [INFO] __main__: Сохранено 2 номеров для Отель Гостевой Дом Хейвица
2026-02-23 08:32:09 [INFO] __main__: Запрашиваю hotel_soyuz_2 (hotel_soyuz_2)
2026-02-23 08:32:10 [INFO] __main__: Сохранено 6 номеров для Жилое помещение Союз
2026-02-23 08:32:10 [INFO] __main__: Запрашиваю lotos_hotel (lotos_hotel)
2026-02-23 08:32:10 [INFO] __main__: Сохранено 1 номеров для Отель Лотос
2026-02-23 08:32:10 [INFO] __main__: Запрашиваю baikalskie_prostory (baikalskie_prostory)
2026-02-23 08:32:11 [INFO] __main__: Сохранено 5 номеров для Байкальские просторы
2026-02-23 08:32:11 [INFO] __main__: Запрашиваю hotel_nataly_2 (hotel_nataly_2)
2026-02-23 08:32:11 [INFO] __main__: Сохранено 1 номеров для Отель Натали
2026-02-23 08:32:11 [INFO] __main__: Запрашиваю baykal_guest_house_3 (baykal_guest_house_3)
2026-02-23 08:32:12 [INFO] __main__: Сохранено 4 номеров для Меблированные комнаты Байкал
2026-02-23 08:32:12 [INFO] __main__: Запрашиваю hotel_barguzin (hotel_barguzin)
2026-02-23 08:32:12 [INFO] __main__: Сохранено 2 номеров для Меблированные комнаты Баргузин
2026-02-23 08:32:12 [INFO] __main__: Запрашиваю angara_hotel (angara_hotel)
2026-02-23 08:32:12 [INFO] __main__: Сохранено 7 номеров для Ангара Отель
2026-02-23 08:32:12 [INFO] __main__: Запрашиваю green_hotel_ (green_hotel_)
2026-02-23 08:32:14 [INFO] __main__: Сохранено 1 номеров для Грин Отель
2026-02-23 08:32:14 [INFO] __main__: Запрашиваю evropa_hotel (evropa_hotel)
2026-02-23 08:32:15 [INFO] __main__: Сохранено 1 номеров для Отель Европа
2026-02-23 08:32:15 [INFO] __main__: Запрашиваю aristokrat_hotel (aristokrat_hotel)
2026-02-23 08:32:16 [INFO] __main__: Сохранено 3 номеров для Отель Аристократ
2026-02-23 08:32:16 [INFO] __main__: Запрашиваю gostevoy_dom_holiday_park_on_olkhon (gostevoy_dom_holiday_park_on_olkhon)
2026-02-23 08:32:16 [INFO] __main__: Сохранено 1 номеров для Holiday park on Olkhon
2026-02-23 08:32:16 [INFO] __main__: Запрашиваю archi_apt_apartments (archi_apt_apartments)
2026-02-23 08:32:17 [INFO] __main__: Сохранено 1 номеров для Отель Baikal Archi Apt
2026-02-23 08:32:17 [INFO] __main__: Запрашиваю dohodnyij_dom_listratvoj_butikhotel (dohodnyij_dom_listratvoj_butikhotel)
2026-02-23 08:32:17 [INFO] __main__: Сохранено 2 номеров для Отель Доходный дом Листратовой
2026-02-23 08:32:17 [INFO] __main__: Запрашиваю otel_tsentral (otel_tsentral)
2026-02-23 08:32:18 [INFO] __main__: Сохранено 4 номеров для Отель Централь
2026-02-23 08:32:18 [INFO] __main__: Запрашиваю rus_hotel_irkutsk (rus_hotel_irkutsk)
2026-02-23 08:32:21 [INFO] __main__: Сохранено 3 номеров для Гостиничный Комплекс Русь
2026-02-23 08:32:21 [INFO] __main__: Запрашиваю best_eastern_hotel_zvezda (best_eastern_hotel_zvezda)
2026-02-23 08:32:25 [INFO] __main__: Сохранено 5 номеров для Отель Звезда
2026-02-23 08:32:25 [INFO] __main__: Запрашиваю hotel_kosmos_5 (hotel_kosmos_5)
2026-02-23 08:32:25 [INFO] __main__: Сохранено 4 номеров для Отель Космос
2026-02-23 08:32:25 [INFO] __main__: Запрашиваю history_boutiquehotel (history_boutiquehotel)
2026-02-23 08:32:27 [INFO] __main__: Сохранено 1 номеров для Отель History Boutique Hotel & SPA
2026-02-23 08:32:27 [INFO] __main__: Запрашиваю hotel_rodina_grand_hotel_spa_irkutsk_5 (hotel_rodina_grand_hotel_spa_irkutsk_5)
2026-02-23 08:32:27 [INFO] __main__: Сохранено 13 номеров для Отель RODINA Grand Hotel & SPA Irkutsk 5*
2026-02-23 08:32:27 [INFO] __main__: Запрашиваю lenatour (lenatour)
2026-02-23 08:32:29 [INFO] __main__: Сохранено 2 номеров для Отель  Ленатур
2026-02-23 08:32:29 [INFO] __main__: Запрашиваю gostevoj_dom_na_zvezdinskoj (gostevoj_dom_na_zvezdinskoj)
2026-02-23 08:32:31 [INFO] __main__: Сохранено 3 номеров для Отель на Звездинской
2026-02-23 08:32:31 [INFO] __main__: Запрашиваю beliy_sobol_parkhotel (beliy_sobol_parkhotel)
2026-02-23 08:32:32 [INFO] __main__: Сохранено 4 номеров для Парк-отель Белый Соболь
2026-02-23 08:32:32 [INFO] __main__: Запрашиваю burduguz_hotel_2 (burduguz_hotel_2)
2026-02-23 08:32:32 [INFO] __main__: Сохранено 0 номеров для Парк-Отель Бурдугуз
2026-02-23 08:32:32 [INFO] __main__: Запрашиваю yolochka (yolochka)
2026-02-23 08:32:33 [INFO] __main__: Сохранено 8 номеров для Меблированные комнаты Ёлочка
2026-02-23 08:32:33 [INFO] __main__: Запрашиваю olkhon_house_guest_family_house (olkhon_house_guest_family_house)
2026-02-23 08:32:34 [INFO] __main__: Сохранено 0 номеров для Olkhon Family House
2026-02-23 08:32:34 [INFO] __main__: Запрашиваю armat_hotel (armat_hotel)
2026-02-23 08:32:34 [INFO] __main__: Сохранено 10 номеров для Отель Armat
2026-02-23 08:32:34 [INFO] __main__: Запрашиваю momant_house_recreation_camp (momant_house_recreation_camp)
2026-02-23 08:32:34 [INFO] __main__: Сохранено 0 номеров для Momant house
2026-02-23 08:32:34 [INFO] __main__: Запрашиваю gostinitsa_undina (gostinitsa_undina)
2026-02-23 08:32:35 [INFO] __main__: Сохранено 0 номеров для Отель Ундина
2026-02-23 08:32:35 [INFO] __main__: Запрашиваю hotel_pushkin_2 (hotel_pushkin_2)
2026-02-23 08:32:37 [INFO] __main__: Сохранено 3 номеров для Отель ПушкинЪ
2026-02-23 08:32:37 [INFO] __main__: Запрашиваю klubnyij_kvartal_apartments (klubnyij_kvartal_apartments)
2026-02-23 08:32:37 [INFO] __main__: Сохранено 1 номеров для Клубный Квартал
2026-02-23 08:32:37 [INFO] __main__: Запрашиваю meridian_7 (meridian_7)
2026-02-23 08:32:39 [INFO] __main__: Сохранено 4 номеров для Отель Меридиан
2026-02-23 08:32:39 [INFO] __main__: Запрашиваю alpari (alpari)
2026-02-23 08:32:39 [INFO] __main__: Сохранено 1 номеров для Гостиница Альпари
2026-02-23 08:32:39 [INFO] __main__: Запрашиваю amurskiy (amurskiy)
2026-02-23 08:32:39 [INFO] __main__: Сохранено 1 номеров для Отель Амурский
2026-02-23 08:32:39 [INFO] __main__: Запрашиваю baykal_khan_listvyanka (baykal_khan_listvyanka)
2026-02-23 08:32:40 [INFO] __main__: Сохранено 0 номеров для Отель Ларч
2026-02-23 08:32:40 [INFO] __main__: Запрашиваю flagman_hotel_4 (flagman_hotel_4)
2026-02-23 08:32:40 [INFO] __main__: Сохранено 0 номеров для Отель Флагман
2026-02-23 08:32:40 [INFO] __main__: Запрашиваю hotel_angara (hotel_angara)
2026-02-23 08:32:42 [INFO] __main__: Сохранено 6 номеров для Отель Ангара-Приоритет
2026-02-23 08:32:42 [INFO] __main__: Запрашиваю bolshoe_puteshestvie_hotel (bolshoe_puteshestvie_hotel)
2026-02-23 08:32:43 [INFO] __main__: Сохранено 1 номеров для Ольхон
2026-02-23 08:32:43 [INFO] __main__: Запрашиваю dom_baykal_guest_house (dom_baykal_guest_house)
2026-02-23 08:32:45 [INFO] __main__: Сохранено 2 номеров для Меблированные комнаты Дом Байкал
2026-02-23 08:32:45 [INFO] __main__: Запрашиваю baikal_business_center_hotel (baikal_business_center_hotel)
2026-02-23 08:32:46 [INFO] __main__: Сохранено 3 номеров для Отель Байкал Бизнес Центр
2026-02-23 08:32:46 [INFO] __main__: Запрашиваю hotel_gostinitsa_dinamo (hotel_gostinitsa_dinamo)
2026-02-23 08:32:46 [INFO] __main__: Сохранено 5 номеров для Отель Динамо
2026-02-23 08:32:46 [INFO] __main__: Запрашиваю tri_kita_2 (tri_kita_2)
2026-02-23 08:32:47 [INFO] __main__: Сохранено 7 номеров для Отель Три Кита
2026-02-23 08:32:47 [INFO] __main__: Запрашиваю tikhaya_gavan_4 (tikhaya_gavan_4)
2026-02-23 08:32:48 [INFO] __main__: Сохранено 1 номеров для Отель "Тихая Гавань"
2026-02-23 08:32:48 [INFO] __main__: Запрашиваю wind_lake_guest_house (wind_lake_guest_house)
2026-02-23 08:32:49 [INFO] __main__: Сохранено 7 номеров для Wind Lake
2026-02-23 08:32:49 [INFO] __main__: Запрашиваю hotel_shvedka (hotel_shvedka)
2026-02-23 08:32:49 [INFO] __main__: Сохранено 1 номеров для Отель ШВЕДКА
2026-02-23 08:32:49 [INFO] __main__: Запрашиваю mihail_strogov (mihail_strogov)
2026-02-23 08:32:50 [INFO] __main__: Сохранено 1 номеров для Отель Михаил Строгов
2026-02-23 08:32:50 [INFO] __main__: Запрашиваю bajkal_severnoe_more_hotel (bajkal_severnoe_more_hotel)
2026-02-23 08:32:51 [INFO] __main__: Сохранено 8 номеров для Отель Байкал - Северное Море
2026-02-23 08:32:51 [INFO] __main__: Запрашиваю miniotel_serdtse_baykala (miniotel_serdtse_baykala)
2026-02-23 08:32:52 [INFO] __main__: Сохранено 1 номеров для Сердце Байкала
2026-02-23 08:32:52 [INFO] __main__: Запрашиваю bajkalskie_sezonyi (bajkalskie_sezonyi)
2026-02-23 08:32:54 [INFO] __main__: Сохранено 6 номеров для Отель Парк Байкальские сезоны
2026-02-23 08:32:54 [INFO] __main__: Запрашиваю vesta_hotel_3 (vesta_hotel_3)
2026-02-23 08:32:56 [INFO] __main__: Сохранено 3 номеров для Отель Веста
2026-02-23 08:32:56 [INFO] __main__: Запрашиваю royal_hotel_33 (royal_hotel_33)
2026-02-23 08:32:56 [INFO] __main__: Сохранено 0 номеров для Отель Рояль
2026-02-23 08:32:56 [INFO] __main__: Запрашиваю mini_hotel_vizit (mini_hotel_vizit)
2026-02-23 08:32:57 [INFO] __main__: Сохранено 2 номеров для Гостиница Визит
2026-02-23 08:32:57 [INFO] __main__: Запрашиваю bely_bereg (bely_bereg)
2026-02-23 08:32:57 [INFO] __main__: Сохранено 2 номеров для Отель Белый берег
2026-02-23 08:32:57 [INFO] __main__: Запрашиваю uda_2 (uda_2)
2026-02-23 08:33:02 [INFO] __main__: Сохранено 6 номеров для Отель УДА
2026-02-23 08:33:02 [INFO] __main__: Запрашиваю pribaikalskaya_hotel (pribaikalskaya_hotel)
2026-02-23 08:33:04 [INFO] __main__: Сохранено 5 номеров для Гостиница Прибайкальская
2026-02-23 08:33:04 [INFO] __main__: Запрашиваю hotel_sozvezdie_baikala (hotel_sozvezdie_baikala)
2026-02-23 08:33:05 [INFO] __main__: Сохранено 6 номеров для Отель Созвездие Байкала
2026-02-23 08:33:05 [INFO] __main__: Запрашиваю gostevoy_dom_briz_3 (gostevoy_dom_briz_3)
2026-02-23 08:33:06 [INFO] __main__: Сохранено 2 номеров для Меблированные комнаты БРИЗ
2026-02-23 08:33:06 [INFO] __main__: Запрашиваю oktyabrskaya_minihotel (oktyabrskaya_minihotel)
2026-02-23 08:33:08 [INFO] __main__: Сохранено 4 номеров для Октябрьская
2026-02-23 08:33:08 [INFO] __main__: Запрашиваю recreation_complex_altan (recreation_complex_altan)
2026-02-23 08:33:10 [INFO] __main__: Сохранено 0 номеров для Парк-Отель Алтан
2026-02-23 08:33:10 [INFO] __main__: Запрашиваю hotel_aziyayevropa (hotel_aziyayevropa)
2026-02-23 08:33:11 [INFO] __main__: Сохранено 2 номеров для Отель Азия-Европа
2026-02-23 08:33:11 [INFO] __main__: Запрашиваю ozerny_tulun_sports_complex_na_karbysheva_185_apartment (ozerny_tulun_sports_complex_na_karbysheva_185_apartment)
2026-02-23 08:33:11 [INFO] __main__: Сохранено 1 номеров для Спорткомплекс Озерный Тулун на Карбышева 185
2026-02-23 08:33:11 [INFO] __main__: Запрашиваю vostochnaia (vostochnaia)
2026-02-23 08:33:12 [INFO] __main__: Сохранено 0 номеров для Гостиница Восточная
2026-02-23 08:33:12 [INFO] __main__: Запрашиваю na_ulitse_pavlova_28_apartments (na_ulitse_pavlova_28_apartments)
2026-02-23 08:33:12 [INFO] __main__: Сохранено 1 номеров для на улице Павлова 28
2026-02-23 08:33:12 [INFO] __main__: Запрашиваю shelest (shelest)
2026-02-23 08:33:13 [INFO] __main__: Сохранено 2 номеров для Shelest
2026-02-23 08:33:13 [INFO] __main__: Запрашиваю marx_hotel (marx_hotel)
2026-02-23 08:33:14 [INFO] __main__: Сохранено 2 номеров для Отель Marx Hotel
2026-02-23 08:33:14 [INFO] __main__: Запрашиваю smart_hotel_kdo_irkutsk_hotel (smart_hotel_kdo_irkutsk_hotel)
2026-02-23 08:33:16 [INFO] __main__: Сохранено 3 номеров для Отель Smart Hotel KDO Иркутск
2026-02-23 08:33:16 [INFO] __main__: Запрашиваю dream_of_baikal_hotel (dream_of_baikal_hotel)
2026-02-23 08:33:16 [INFO] __main__: Сохранено 0 номеров для Отель Dream of Baikal
2026-02-23 08:33:16 [INFO] __main__: Запрашиваю zvezda_kochevnika (zvezda_kochevnika)
2026-02-23 08:33:18 [INFO] __main__: Сохранено 3 номеров для Звезда Кочевника
2026-02-23 08:33:18 [INFO] __main__: Запрашиваю hotel_anastasiya_2 (hotel_anastasiya_2)
2026-02-23 08:33:18 [INFO] __main__: Сохранено 10 номеров для Отель ГК Анастасия
2026-02-23 08:33:18 [INFO] __main__: Запрашиваю luna_hotel_9 (luna_hotel_9)
2026-02-23 08:33:19 [INFO] __main__: Сохранено 3 номеров для Отель Луна
2026-02-23 08:33:19 [INFO] __main__: Запрашиваю sportkompleks_ozerny_tulun_hotel (sportkompleks_ozerny_tulun_hotel)
2026-02-23 08:33:20 [INFO] __main__: Сохранено 1 номеров для Спорткомплекс Озерный Тулун
2026-02-23 08:33:20 [INFO] __main__: Запрашиваю guest_house_vremena_goda (guest_house_vremena_goda)
2026-02-23 08:33:20 [INFO] __main__: Сохранено 0 номеров для Времена Года
2026-02-23 08:33:20 [INFO] __main__: Запрашиваю artrezidentsiya_port_olhon (artrezidentsiya_port_olhon)
2026-02-23 08:33:20 [INFO] __main__: Сохранено 0 номеров для Арт-отель Порт Ольхон
2026-02-23 08:33:20 [INFO] __main__: Запрашиваю hotel_olimpiada (hotel_olimpiada)
2026-02-23 08:33:22 [INFO] __main__: Сохранено 5 номеров для Олимпиада
2026-02-23 08:33:22 [INFO] __main__: Запрашиваю modul (modul)
2026-02-23 08:33:22 [INFO] __main__: Сохранено 0 номеров для Гостиница Комфорт
2026-02-23 08:33:22 [INFO] __main__: Запрашиваю v_russkom_stile_guest_house (v_russkom_stile_guest_house)
2026-02-23 08:33:22 [INFO] __main__: Сохранено 0 номеров для Меблированные комнаты в Русском Стиле
2026-02-23 08:33:22 [INFO] __main__: Запрашиваю the_hotel_on_volzhskaya (the_hotel_on_volzhskaya)
2026-02-23 08:33:23 [INFO] __main__: Сохранено 3 номеров для Гостиница на Волжской
2026-02-23 08:33:23 [INFO] __main__: Запрашиваю gostinitsa_akademicheskaya (gostinitsa_akademicheskaya)
2026-02-23 08:33:24 [INFO] __main__: Сохранено 4 номеров для Отель Гостиница Академическая
2026-02-23 08:33:24 [INFO] __main__: Запрашиваю vitim (vitim)
2026-02-23 08:33:25 [INFO] __main__: Сохранено 1 номеров для Витим
2026-02-23 08:33:25 [INFO] __main__: Запрашиваю eko_baikalwood_hotel (eko_baikalwood_hotel)
2026-02-23 08:33:25 [INFO] __main__: Сохранено 0 номеров для Отель BaikalWood Hotel & Spa
2026-02-23 08:33:25 [INFO] __main__: Запрашиваю glemping_hygge_barn (glemping_hygge_barn)
2026-02-23 08:33:25 [INFO] __main__: Сохранено 2 номеров для Hygge Barn
2026-02-23 08:33:25 [INFO] __main__: Запрашиваю katantsa_hotel (katantsa_hotel)
2026-02-23 08:33:26 [INFO] __main__: Сохранено 0 номеров для Отель Катанца
2026-02-23 08:33:26 [INFO] __main__: Запрашиваю magnetit (magnetit)
2026-02-23 08:33:26 [INFO] __main__: Сохранено 2 номеров для Отель Магнетит
2026-02-23 08:33:26 [INFO] __main__: Запрашиваю less_guest_house (less_guest_house)
2026-02-23 08:33:27 [INFO] __main__: Сохранено 2 номеров для Меблированные комнаты Less
2026-02-23 08:33:27 [INFO] __main__: Запрашиваю praskovya_guest_house (praskovya_guest_house)
2026-02-23 08:33:28 [INFO] __main__: Сохранено 3 номеров для Отель Прасковья
2026-02-23 08:33:28 [INFO] __main__: Запрашиваю riderside (riderside)
2026-02-23 08:33:30 [INFO] __main__: Сохранено 2 номеров для Гостиница Riverside
2026-02-23 08:33:30 [INFO] __main__: Запрашиваю gostinitsa_solntse (gostinitsa_solntse)
2026-02-23 08:33:32 [INFO] __main__: Сохранено 6 номеров для Гостиница Солнце
2026-02-23 08:33:32 [INFO] __main__: Запрашиваю flagman_hotel (flagman_hotel)
2026-02-23 08:33:33 [INFO] __main__: Сохранено 0 номеров для Отель Флагман
2026-02-23 08:33:33 [INFO] __main__: Запрашиваю gostevoi_dom_margobai (gostevoi_dom_margobai)
2026-02-23 08:33:35 [INFO] __main__: Сохранено 7 номеров для Отель Маргобай
2026-02-23 08:33:35 [INFO] __main__: Запрашиваю hotel_baikal_best_edelweiss (hotel_baikal_best_edelweiss)
2026-02-23 08:33:37 [INFO] __main__: Сохранено 2 номеров для Baikal Best Edelweiss
2026-02-23 08:33:37 [INFO] __main__: Запрашиваю saturn_8 (saturn_8)
2026-02-23 08:33:39 [INFO] __main__: Сохранено 1 номеров для Сатурн
2026-02-23 08:33:39 [INFO] __main__: Запрашиваю yupiter (yupiter)
2026-02-23 08:33:40 [INFO] __main__: Сохранено 2 номеров для Юпитер
2026-02-23 08:33:40 [INFO] __main__: Запрашиваю trakstop_38_2 (trakstop_38_2)
2026-02-23 08:33:41 [INFO] __main__: Сохранено 1 номеров для Trakstop 38
2026-02-23 08:33:41 [INFO] __main__: Запрашиваю mir_baykala_hotel (mir_baykala_hotel)
2026-02-23 08:33:43 [INFO] __main__: Сохранено 1 номеров для Отель Мир Байкала
2026-02-23 08:33:43 [INFO] __main__: Запрашиваю baikal_capsule_hostel (baikal_capsule_hostel)
2026-02-23 08:33:45 [INFO] __main__: Сохранено 1 номеров для Байкал Капсул (Байкальская капсула)
2026-02-23 08:33:45 [INFO] __main__: Запрашиваю gostevoj_dom_endemik (gostevoj_dom_endemik)
2026-02-23 08:33:46 [INFO] __main__: Сохранено 4 номеров для Меблированные комнаты посуточная аренда
2026-02-23 08:33:46 [INFO] __main__: Запрашиваю metelitsa_6 (metelitsa_6)
2026-02-23 08:33:48 [INFO] __main__: Сохранено 0 номеров для Отель Метелица
2026-02-23 08:33:48 [INFO] __main__: Запрашиваю home_hotel_apartments_home_wanted_on_piskunov_street (home_hotel_apartments_home_wanted_on_piskunov_street)
2026-02-23 08:33:50 [INFO] __main__: Сохранено 1 номеров для Апартаменты Home Hotel (Хоум Хотел) на улице Пискунова
2026-02-23 08:33:50 [INFO] __main__: Запрашиваю gostevoy_dom_isiger_baikal (gostevoy_dom_isiger_baikal)
2026-02-23 08:33:50 [INFO] __main__: Сохранено 0 номеров для Гостевой дом ISIGER BAIKAL
2026-02-23 08:33:50 [INFO] __main__: Запрашиваю na_gornoy_ulitse_5_private_house (na_gornoy_ulitse_5_private_house)
2026-02-23 08:33:50 [INFO] __main__: Сохранено 0 номеров для Меблированные комнаты на Горной Улице 7Б
2026-02-23 08:33:50 [INFO] __main__: Запрашиваю hotelclub_ice (hotelclub_ice)
2026-02-23 08:33:52 [INFO] __main__: Сохранено 1 номеров для Отель Сибирская резиденция Лёд Байкала
2026-02-23 08:33:52 [INFO] __main__: Запрашиваю izumrud_hotel_7 (izumrud_hotel_7)
2026-02-23 08:33:53 [INFO] __main__: Сохранено 2 номеров для Отель Изумруд
2026-02-23 08:33:53 [INFO] __main__: Запрашиваю loft_house_38_guest_house (loft_house_38_guest_house)
2026-02-23 08:33:54 [INFO] __main__: Сохранено 0 номеров для Loft House 38
2026-02-23 08:33:54 [INFO] __main__: Запрашиваю komilfo_2 (komilfo_2)
2026-02-23 08:33:55 [INFO] __main__: Сохранено 7 номеров для Отель Комильфо
2026-02-23 08:33:55 [INFO] __main__: Сохранено 426 номеров в /home/runner/work/ostrovok_parser/ostrovok_parser/tables/rooms/2026-02-23.csv
2026-02-23 08:33:55 [INFO] __main__: Парсинг завершён. Всего обработано 426 номеров.
2026-02-23 08:33:56 [INFO] __main__: Статистика сохранена в /home/runner/work/ostrovok_parser/ostrovok_parser/tables/statistics/2026-02-23.csv
2026-02-23 08:33:56 [INFO] __main__: Обработано 146 отелей
2026-02-23 08:34:55 [INFO] __main__: Режим CI: увеличенные таймауты и ожидание networkidle.
2026-02-23 08:34:55 [INFO] __main__: Запуск парсера отелей...
2026-02-23 08:34:55 [INFO] __main__: Даты бронирования: 24.02.2026 - 25.02.2026
2026-02-23 08:34:56 [INFO] __main__: --- Страница 1 ---
2026-02-23 08:34:59 [INFO] __main__: Перехвачено и извлечено 20 отелей. Всего: 20
2026-02-23 08:35:49 [INFO] __main__: Добавлено 20 отелей со страницы 1. Переход на следующую страницу...
2026-02-23 08:35:51 [INFO] __main__: --- Страница 2 ---
2026-02-23 08:35:54 [INFO] __main__: Перехвачено и извлечено 20 отелей. Всего: 40
2026-02-23 08:35:58 [INFO] __main__: Добавлено 20 отелей со страницы 2. Переход на следующую страницу...
2026-02-23 08:36:01 [INFO] __main__: --- Страница 3 ---
2026-02-23 08:36:03 [INFO] __main__: Перехвачено и извлечено 20 отелей. Всего: 60
2026-02-23 08:36:07 [INFO] __main__: Добавлено 20 отелей со страницы 3. Переход на следующую страницу...
2026-02-23 08:36:09 [INFO] __main__: --- Страница 4 ---
2026-02-23 08:36:12 [INFO] __main__: Перехвачено и извлечено 20 отелей. Всего: 80
2026-02-23 08:36:58 [INFO] __main__: Добавлено 20 отелей со страницы 4. Переход на следующую страницу...
2026-02-23 08:37:01 [INFO] __main__: --- Страница 5 ---
2026-02-23 08:37:10 [INFO] __main__: Перехвачено и извлечено 20 отелей. Всего: 100
2026-02-23 08:37:51 [INFO] __main__: Добавлено 20 отелей со страницы 5. Переход на следующую страницу...
2026-02-23 08:37:53 [INFO] __main__: --- Страница 6 ---
2026-02-23 08:37:56 [INFO] __main__: Перехвачено и извлечено 20 отелей. Всего: 120
2026-02-23 08:38:00 [INFO] __main__: Добавлено 20 отелей со страницы 6. Переход на следующую страницу...
2026-02-23 08:38:03 [INFO] __main__: --- Страница 7 ---
2026-02-23 08:38:05 [INFO] __main__: Перехвачено и извлечено 20 отелей. Всего: 140
2026-02-23 08:38:52 [INFO] __main__: Добавлено 20 отелей со страницы 7. Переход на следующую страницу...
2026-02-23 08:38:54 [INFO] __main__: --- Страница 8 ---
2026-02-23 08:38:56 [INFO] __main__: Перехвачено и извлечено 6 отелей. Всего: 146
2026-02-23 08:39:43 [INFO] __main__: Добавлено 6 отелей со страницы 8. Переход на следующую страницу...
2026-02-23 08:39:46 [INFO] __main__: --- Страница 9 ---
2026-02-23 08:41:20 [WARNING] __main__: На странице 9 отелей не получено. Конец списка.
2026-02-23 08:41:20 [INFO] __main__: === Всего собрано отелей со всех страниц: 146 ===
2026-02-23 08:41:35 [INFO] __main__: Сохранено 146 отелей в /home/runner/work/ostrovok_parser/ostrovok_parser/tables/hotels/2026-02-23.csv
2026-02-23 08:41:35 [INFO] __main__: Парсинг завершён. Всего обработано 146 отелей.
2026-02-23 08:41:36 [INFO] __main__: Даты бронирования: 24.02.2026 - 25.02.2026
2026-02-23 08:41:36 [INFO] __main__: Запуск браузера для получения куки...
2026-02-23 08:41:45 [INFO] __main__: Получено 54 куки
2026-02-23 08:41:45 [INFO] __main__: Запрашиваю grand_baikal (grand_baikal)
2026-02-23 08:41:48 [INFO] __main__: Сохранено 2 номеров для Отель Гранд Байкал
2026-02-23 08:41:48 [INFO] __main__: Запрашиваю sobolinka_parkhotel_2 (sobolinka_parkhotel_2)
2026-02-23 08:41:50 [INFO] __main__: Сохранено 2 номеров для Парк-отель Соболинка
2026-02-23 08:41:50 [INFO] __main__: Запрашиваю taiga_2 (taiga_2)
2026-02-23 08:41:51 [INFO] __main__: Сохранено 3 номеров для Отель Taiga
2026-02-23 08:41:51 [INFO] __main__: Запрашиваю mayak_hotel_listvyanka (mayak_hotel_listvyanka)
2026-02-23 08:41:51 [INFO] __main__: Сохранено 10 номеров для Отель Маяк
2026-02-23 08:41:51 [INFO] __main__: Запрашиваю bajkal_hotel (bajkal_hotel)
2026-02-23 08:41:51 [INFO] __main__: Сохранено 2 номеров для Отель Байкал
2026-02-23 08:41:51 [INFO] __main__: Запрашиваю irkutsk_city_center (irkutsk_city_center)
2026-02-23 08:41:52 [INFO] __main__: Сохранено 2 номеров для Irkutsk City Center
2026-02-23 08:41:52 [INFO] __main__: Запрашиваю hotel_nikola_2 (hotel_nikola_2)
2026-02-23 08:41:54 [INFO] __main__: Сохранено 9 номеров для Отель Никола
2026-02-23 08:41:54 [INFO] __main__: Запрашиваю hotel_nuur_hotel (hotel_nuur_hotel)
2026-02-23 08:41:54 [INFO] __main__: Сохранено 3 номеров для Отель Nuur hotel
2026-02-23 08:41:54 [INFO] __main__: Запрашиваю tajga_hotel (tajga_hotel)
2026-02-23 08:41:55 [INFO] __main__: Сохранено 2 номеров для Отель Тайга
2026-02-23 08:41:55 [INFO] __main__: Запрашиваю empire_hotel_3 (empire_hotel_3)
2026-02-23 08:41:55 [INFO] __main__: Сохранено 7 номеров для Гостиница Империя
2026-02-23 08:41:55 [INFO] __main__: Запрашиваю vera_baikal (vera_baikal)
2026-02-23 08:41:56 [INFO] __main__: Сохранено 2 номеров для Отель Вера Байкал
2026-02-23 08:41:56 [INFO] __main__: Запрашиваю olkhonstory_guest_house (olkhonstory_guest_house)
2026-02-23 08:41:56 [INFO] __main__: Сохранено 2 номеров для Ольхон стори
2026-02-23 08:41:56 [INFO] __main__: Запрашиваю nochleg_i_zavtrak_bb_shambala (nochleg_i_zavtrak_bb_shambala)
2026-02-23 08:41:57 [INFO] __main__: Сохранено 1 номеров для Загородный отель Шамбала
2026-02-23 08:41:57 [INFO] __main__: Запрашиваю malinovka_3 (malinovka_3)
2026-02-23 08:41:58 [INFO] __main__: Сохранено 3 номеров для Малиновка
2026-02-23 08:41:58 [INFO] __main__: Запрашиваю gostevoy_dom_sunrise (gostevoy_dom_sunrise)
2026-02-23 08:41:58 [INFO] __main__: Сохранено 2 номеров для Sunrise
2026-02-23 08:41:58 [INFO] __main__: Запрашиваю kupechesky_dvor_hotel (kupechesky_dvor_hotel)
2026-02-23 08:42:01 [INFO] __main__: Сохранено 1 номеров для Отель Купеческий Дворъ
2026-02-23 08:42:01 [INFO] __main__: Запрашиваю baikal_view_hotel (baikal_view_hotel)
2026-02-23 08:42:03 [INFO] __main__: Сохранено 2 номеров для Baikal View Hotel
2026-02-23 08:42:03 [INFO] __main__: Запрашиваю otel_irkut (otel_irkut)
2026-02-23 08:42:03 [INFO] __main__: Сохранено 4 номеров для Отель Иркут
2026-02-23 08:42:03 [INFO] __main__: Запрашиваю podlemorie_hotel (podlemorie_hotel)
2026-02-23 08:42:03 [INFO] __main__: Сохранено 1 номеров для Отель Подлеморье
2026-02-23 08:42:03 [INFO] __main__: Запрашиваю baykal_shale_guest_house (baykal_shale_guest_house)
2026-02-23 08:42:04 [INFO] __main__: Сохранено 1 номеров для Байкал Шале
2026-02-23 08:42:04 [INFO] __main__: Запрашиваю miniotel_good_hotel (miniotel_good_hotel)
2026-02-23 08:42:04 [INFO] __main__: Сохранено 2 номеров для Мини-Отель Good Hotel
2026-02-23 08:42:04 [INFO] __main__: Запрашиваю nebo_baykala_guest_house (nebo_baykala_guest_house)
2026-02-23 08:42:05 [INFO] __main__: Сохранено 3 номеров для Небо Байкала
2026-02-23 08:42:05 [INFO] __main__: Запрашиваю hotel_premium_hotel_pushkin (hotel_premium_hotel_pushkin)
2026-02-23 08:42:05 [INFO] __main__: Сохранено 3 номеров для Премиум-отель Пушкин
2026-02-23 08:42:05 [INFO] __main__: Запрашиваю matreshka_hotel (matreshka_hotel)
2026-02-23 08:42:08 [INFO] __main__: Сохранено 4 номеров для Отель Matreshka
2026-02-23 08:42:08 [INFO] __main__: Запрашиваю dauria_hotel_2 (dauria_hotel_2)
2026-02-23 08:42:09 [INFO] __main__: Сохранено 5 номеров для Отель Даурия
2026-02-23 08:42:09 [INFO] __main__: Запрашиваю atlas_hotel_3 (atlas_hotel_3)
2026-02-23 08:42:10 [INFO] __main__: Сохранено 1 номеров для Гостиница Атлас
2026-02-23 08:42:10 [INFO] __main__: Запрашиваю hotel_khotej (hotel_khotej)
2026-02-23 08:42:11 [INFO] __main__: Сохранено 1 номеров для Отель Хотэй
2026-02-23 08:42:11 [INFO] __main__: Запрашиваю inn_business_hall (inn_business_hall)
2026-02-23 08:42:12 [INFO] __main__: Сохранено 2 номеров для Отель Business Hall
2026-02-23 08:42:12 [INFO] __main__: Запрашиваю legend_of_baikal (legend_of_baikal)
2026-02-23 08:42:13 [INFO] __main__: Сохранено 6 номеров для Отель Легенда Байкала
2026-02-23 08:42:13 [INFO] __main__: Запрашиваю international_hotel_sayen (international_hotel_sayen)
2026-02-23 08:42:13 [INFO] __main__: Сохранено 4 номеров для SAYEN
2026-02-23 08:42:13 [INFO] __main__: Запрашиваю hotel_flagman_olkhona (hotel_flagman_olkhona)
2026-02-23 08:42:15 [INFO] __main__: Сохранено 4 номеров для Отель Флагман Ольхона
2026-02-23 08:42:15 [INFO] __main__: Запрашиваю minihotel_albatros (minihotel_albatros)
2026-02-23 08:42:16 [INFO] __main__: Сохранено 1 номеров для Гостиница Альбатрос
2026-02-23 08:42:16 [INFO] __main__: Запрашиваю hotel_kurshavel_ (hotel_kurshavel_)
2026-02-23 08:42:17 [INFO] __main__: Сохранено 4 номеров для Отель Куршавель
2026-02-23 08:42:17 [INFO] __main__: Запрашиваю v_samom_tsentre_irkutska_minihotel (v_samom_tsentre_irkutska_minihotel)
2026-02-23 08:42:18 [INFO] __main__: Сохранено 2 номеров для Отель В Сердце Иркутска
2026-02-23 08:42:18 [INFO] __main__: Запрашиваю city_park_hotel_13 (city_park_hotel_13)
2026-02-23 08:42:18 [INFO] __main__: Сохранено 5 номеров для Меблированные комнаты City Park
2026-02-23 08:42:18 [INFO] __main__: Запрашиваю parus_18 (parus_18)
2026-02-23 08:42:18 [INFO] __main__: Сохранено 6 номеров для Курортный отель Парус
2026-02-23 08:42:18 [INFO] __main__: Запрашиваю gostinitsa_ustilim (gostinitsa_ustilim)
2026-02-23 08:42:20 [INFO] __main__: Сохранено 8 номеров для Усть-Илим
2026-02-23 08:42:20 [INFO] __main__: Запрашиваю miniotel_gostinitsa_nerpenok (miniotel_gostinitsa_nerpenok)
2026-02-23 08:42:20 [INFO] __main__: Сохранено 2 номеров для Нерпенок
2026-02-23 08:42:20 [INFO] __main__: Запрашиваю lada_8 (lada_8)
2026-02-23 08:42:21 [INFO] __main__: Сохранено 1 номеров для Отель Гостиница ЛАДА
2026-02-23 08:42:21 [INFO] __main__: Запрашиваю minihotel_panda (minihotel_panda)
2026-02-23 08:42:21 [INFO] __main__: Сохранено 2 номеров для Отель ДиаДэй
2026-02-23 08:42:21 [INFO] __main__: Запрашиваю miniotel_medveditsa (miniotel_medveditsa)
2026-02-23 08:42:22 [INFO] __main__: Сохранено 3 номеров для Меблированные комнаты Медведица
2026-02-23 08:42:22 [INFO] __main__: Запрашиваю arena_g_irkutsk (arena_g_irkutsk)
2026-02-23 08:42:24 [INFO] __main__: Сохранено 3 номеров для Отель Арена Иркутск
2026-02-23 08:42:24 [INFO] __main__: Запрашиваю kheyvitsa_guest_house (kheyvitsa_guest_house)
2026-02-23 08:42:24 [INFO] __main__: Сохранено 2 номеров для Отель Гостевой Дом Хейвица
2026-02-23 08:42:24 [INFO] __main__: Запрашиваю hotel_soyuz_2 (hotel_soyuz_2)
2026-02-23 08:42:25 [INFO] __main__: Сохранено 6 номеров для Жилое помещение Союз
2026-02-23 08:42:25 [INFO] __main__: Запрашиваю lotos_hotel (lotos_hotel)
2026-02-23 08:42:25 [INFO] __main__: Сохранено 1 номеров для Отель Лотос
2026-02-23 08:42:25 [INFO] __main__: Запрашиваю baikalskie_prostory (baikalskie_prostory)
2026-02-23 08:42:26 [INFO] __main__: Сохранено 5 номеров для Байкальские просторы
2026-02-23 08:42:26 [INFO] __main__: Запрашиваю hotel_nataly_2 (hotel_nataly_2)
2026-02-23 08:42:26 [INFO] __main__: Сохранено 1 номеров для Отель Натали
2026-02-23 08:42:26 [INFO] __main__: Запрашиваю baykal_guest_house_3 (baykal_guest_house_3)
2026-02-23 08:42:27 [INFO] __main__: Сохранено 4 номеров для Меблированные комнаты Байкал
2026-02-23 08:42:27 [INFO] __main__: Запрашиваю hotel_barguzin (hotel_barguzin)
2026-02-23 08:42:27 [INFO] __main__: Сохранено 2 номеров для Меблированные комнаты Баргузин
2026-02-23 08:42:27 [INFO] __main__: Запрашиваю angara_hotel (angara_hotel)
2026-02-23 08:42:28 [INFO] __main__: Сохранено 7 номеров для Ангара Отель
2026-02-23 08:42:28 [INFO] __main__: Запрашиваю green_hotel_ (green_hotel_)
2026-02-23 08:42:28 [INFO] __main__: Сохранено 1 номеров для Грин Отель
2026-02-23 08:42:28 [INFO] __main__: Запрашиваю evropa_hotel (evropa_hotel)
2026-02-23 08:42:29 [INFO] __main__: Сохранено 1 номеров для Отель Европа
2026-02-23 08:42:29 [INFO] __main__: Запрашиваю aristokrat_hotel (aristokrat_hotel)
2026-02-23 08:42:29 [INFO] __main__: Сохранено 3 номеров для Отель Аристократ
2026-02-23 08:42:29 [INFO] __main__: Запрашиваю gostevoy_dom_holiday_park_on_olkhon (gostevoy_dom_holiday_park_on_olkhon)
2026-02-23 08:42:30 [INFO] __main__: Сохранено 1 номеров для Holiday park on Olkhon
2026-02-23 08:42:30 [INFO] __main__: Запрашиваю archi_apt_apartments (archi_apt_apartments)
2026-02-23 08:42:30 [INFO] __main__: Сохранено 1 номеров для Отель Baikal Archi Apt
2026-02-23 08:42:30 [INFO] __main__: Запрашиваю dohodnyij_dom_listratvoj_butikhotel (dohodnyij_dom_listratvoj_butikhotel)
2026-02-23 08:42:31 [INFO] __main__: Сохранено 2 номеров для Отель Доходный дом Листратовой
2026-02-23 08:42:31 [INFO] __main__: Запрашиваю otel_tsentral (otel_tsentral)
2026-02-23 08:42:32 [INFO] __main__: Сохранено 4 номеров для Отель Централь
2026-02-23 08:42:32 [INFO] __main__: Запрашиваю rus_hotel_irkutsk (rus_hotel_irkutsk)
2026-02-23 08:42:35 [INFO] __main__: Сохранено 3 номеров для Гостиничный Комплекс Русь
2026-02-23 08:42:35 [INFO] __main__: Запрашиваю best_eastern_hotel_zvezda (best_eastern_hotel_zvezda)
2026-02-23 08:42:38 [INFO] __main__: Сохранено 5 номеров для Отель Звезда
2026-02-23 08:42:38 [INFO] __main__: Запрашиваю hotel_kosmos_5 (hotel_kosmos_5)
2026-02-23 08:42:39 [INFO] __main__: Сохранено 4 номеров для Отель Космос
2026-02-23 08:42:39 [INFO] __main__: Запрашиваю history_boutiquehotel (history_boutiquehotel)
2026-02-23 08:42:39 [INFO] __main__: Сохранено 1 номеров для Отель History Boutique Hotel & SPA
2026-02-23 08:42:39 [INFO] __main__: Запрашиваю hotel_rodina_grand_hotel_spa_irkutsk_5 (hotel_rodina_grand_hotel_spa_irkutsk_5)
2026-02-23 08:42:40 [INFO] __main__: Сохранено 13 номеров для Отель RODINA Grand Hotel & SPA Irkutsk 5*
2026-02-23 08:42:40 [INFO] __main__: Запрашиваю lenatour (lenatour)
2026-02-23 08:42:40 [INFO] __main__: Сохранено 2 номеров для Отель  Ленатур
2026-02-23 08:42:40 [INFO] __main__: Запрашиваю gostevoj_dom_na_zvezdinskoj (gostevoj_dom_na_zvezdinskoj)
2026-02-23 08:42:40 [INFO] __main__: Сохранено 3 номеров для Отель на Звездинской
2026-02-23 08:42:40 [INFO] __main__: Запрашиваю beliy_sobol_parkhotel (beliy_sobol_parkhotel)
2026-02-23 08:42:41 [INFO] __main__: Сохранено 4 номеров для Парк-отель Белый Соболь
2026-02-23 08:42:41 [INFO] __main__: Запрашиваю burduguz_hotel_2 (burduguz_hotel_2)
2026-02-23 08:42:46 [INFO] __main__: Сохранено 0 номеров для Парк-Отель Бурдугуз
2026-02-23 08:42:46 [INFO] __main__: Запрашиваю yolochka (yolochka)
2026-02-23 08:42:46 [INFO] __main__: Сохранено 8 номеров для Меблированные комнаты Ёлочка
2026-02-23 08:42:46 [INFO] __main__: Запрашиваю olkhon_house_guest_family_house (olkhon_house_guest_family_house)
2026-02-23 08:42:47 [INFO] __main__: Сохранено 0 номеров для Olkhon Family House
2026-02-23 08:42:47 [INFO] __main__: Запрашиваю armat_hotel (armat_hotel)
2026-02-23 08:42:47 [INFO] __main__: Сохранено 10 номеров для Отель Armat
2026-02-23 08:42:47 [INFO] __main__: Запрашиваю momant_house_recreation_camp (momant_house_recreation_camp)
2026-02-23 08:42:47 [INFO] __main__: Сохранено 0 номеров для Momant house
2026-02-23 08:42:47 [INFO] __main__: Запрашиваю gostinitsa_undina (gostinitsa_undina)
2026-02-23 08:42:48 [INFO] __main__: Сохранено 0 номеров для Отель Ундина
2026-02-23 08:42:48 [INFO] __main__: Запрашиваю hotel_pushkin_2 (hotel_pushkin_2)
2026-02-23 08:42:50 [INFO] __main__: Сохранено 3 номеров для Отель ПушкинЪ
2026-02-23 08:42:50 [INFO] __main__: Запрашиваю klubnyij_kvartal_apartments (klubnyij_kvartal_apartments)
2026-02-23 08:42:51 [INFO] __main__: Сохранено 1 номеров для Клубный Квартал
2026-02-23 08:42:51 [INFO] __main__: Запрашиваю meridian_7 (meridian_7)
2026-02-23 08:42:51 [INFO] __main__: Сохранено 4 номеров для Отель Меридиан
2026-02-23 08:42:51 [INFO] __main__: Запрашиваю alpari (alpari)
2026-02-23 08:42:51 [INFO] __main__: Сохранено 1 номеров для Гостиница Альпари
2026-02-23 08:42:51 [INFO] __main__: Запрашиваю amurskiy (amurskiy)
2026-02-23 08:42:52 [INFO] __main__: Сохранено 1 номеров для Отель Амурский
2026-02-23 08:42:52 [INFO] __main__: Запрашиваю baykal_khan_listvyanka (baykal_khan_listvyanka)
2026-02-23 08:42:52 [INFO] __main__: Сохранено 0 номеров для Отель Ларч
2026-02-23 08:42:52 [INFO] __main__: Запрашиваю flagman_hotel_4 (flagman_hotel_4)
2026-02-23 08:42:53 [INFO] __main__: Сохранено 0 номеров для Отель Флагман
2026-02-23 08:42:53 [INFO] __main__: Запрашиваю hotel_angara (hotel_angara)
2026-02-23 08:42:53 [INFO] __main__: Сохранено 6 номеров для Отель Ангара-Приоритет
2026-02-23 08:42:53 [INFO] __main__: Запрашиваю bolshoe_puteshestvie_hotel (bolshoe_puteshestvie_hotel)
2026-02-23 08:42:53 [INFO] __main__: Сохранено 1 номеров для Ольхон
2026-02-23 08:42:53 [INFO] __main__: Запрашиваю dom_baykal_guest_house (dom_baykal_guest_house)
2026-02-23 08:42:58 [INFO] __main__: Сохранено 2 номеров для Меблированные комнаты Дом Байкал
2026-02-23 08:42:58 [INFO] __main__: Запрашиваю baikal_business_center_hotel (baikal_business_center_hotel)
2026-02-23 08:42:58 [INFO] __main__: Сохранено 3 номеров для Отель Байкал Бизнес Центр
2026-02-23 08:42:58 [INFO] __main__: Запрашиваю hotel_gostinitsa_dinamo (hotel_gostinitsa_dinamo)
2026-02-23 08:42:59 [INFO] __main__: Сохранено 5 номеров для Отель Динамо
2026-02-23 08:42:59 [INFO] __main__: Запрашиваю tri_kita_2 (tri_kita_2)
2026-02-23 08:43:00 [INFO] __main__: Сохранено 7 номеров для Отель Три Кита
2026-02-23 08:43:00 [INFO] __main__: Запрашиваю tikhaya_gavan_4 (tikhaya_gavan_4)
2026-02-23 08:43:00 [INFO] __main__: Сохранено 1 номеров для Отель "Тихая Гавань"
2026-02-23 08:43:00 [INFO] __main__: Запрашиваю wind_lake_guest_house (wind_lake_guest_house)
2026-02-23 08:43:01 [INFO] __main__: Сохранено 7 номеров для Wind Lake
2026-02-23 08:43:01 [INFO] __main__: Запрашиваю hotel_shvedka (hotel_shvedka)
2026-02-23 08:43:01 [INFO] __main__: Сохранено 1 номеров для Отель ШВЕДКА
2026-02-23 08:43:01 [INFO] __main__: Запрашиваю mihail_strogov (mihail_strogov)
2026-02-23 08:43:01 [INFO] __main__: Сохранено 1 номеров для Отель Михаил Строгов
2026-02-23 08:43:01 [INFO] __main__: Запрашиваю bajkal_severnoe_more_hotel (bajkal_severnoe_more_hotel)
2026-02-23 08:43:03 [INFO] __main__: Сохранено 8 номеров для Отель Байкал - Северное Море
2026-02-23 08:43:03 [INFO] __main__: Запрашиваю miniotel_serdtse_baykala (miniotel_serdtse_baykala)
2026-02-23 08:43:04 [INFO] __main__: Сохранено 1 номеров для Сердце Байкала
2026-02-23 08:43:04 [INFO] __main__: Запрашиваю bajkalskie_sezonyi (bajkalskie_sezonyi)
2026-02-23 08:43:05 [INFO] __main__: Сохранено 6 номеров для Отель Парк Байкальские сезоны
2026-02-23 08:43:05 [INFO] __main__: Запрашиваю vesta_hotel_3 (vesta_hotel_3)
2026-02-23 08:43:05 [INFO] __main__: Сохранено 3 номеров для Отель Веста
2026-02-23 08:43:05 [INFO] __main__: Запрашиваю royal_hotel_33 (royal_hotel_33)
2026-02-23 08:43:06 [INFO] __main__: Сохранено 0 номеров для Отель Рояль
2026-02-23 08:43:06 [INFO] __main__: Запрашиваю mini_hotel_vizit (mini_hotel_vizit)
2026-02-23 08:43:06 [INFO] __main__: Сохранено 2 номеров для Гостиница Визит
2026-02-23 08:43:06 [INFO] __main__: Запрашиваю bely_bereg (bely_bereg)
2026-02-23 08:43:06 [INFO] __main__: Сохранено 2 номеров для Отель Белый берег
2026-02-23 08:43:06 [INFO] __main__: Запрашиваю uda_2 (uda_2)
2026-02-23 08:43:09 [INFO] __main__: Сохранено 6 номеров для Отель УДА
2026-02-23 08:43:09 [INFO] __main__: Запрашиваю pribaikalskaya_hotel (pribaikalskaya_hotel)
2026-02-23 08:43:09 [INFO] __main__: Сохранено 5 номеров для Гостиница Прибайкальская
2026-02-23 08:43:09 [INFO] __main__: Запрашиваю hotel_sozvezdie_baikala (hotel_sozvezdie_baikala)
2026-02-23 08:43:10 [INFO] __main__: Сохранено 6 номеров для Отель Созвездие Байкала
2026-02-23 08:43:10 [INFO] __main__: Запрашиваю gostevoy_dom_briz_3 (gostevoy_dom_briz_3)
2026-02-23 08:43:10 [INFO] __main__: Сохранено 2 номеров для Меблированные комнаты БРИЗ
2026-02-23 08:43:10 [INFO] __main__: Запрашиваю oktyabrskaya_minihotel (oktyabrskaya_minihotel)
2026-02-23 08:43:11 [INFO] __main__: Сохранено 4 номеров для Октябрьская
2026-02-23 08:43:11 [INFO] __main__: Запрашиваю recreation_complex_altan (recreation_complex_altan)
2026-02-23 08:43:11 [INFO] __main__: Сохранено 0 номеров для Парк-Отель Алтан
2026-02-23 08:43:11 [INFO] __main__: Запрашиваю hotel_aziyayevropa (hotel_aziyayevropa)
2026-02-23 08:43:11 [INFO] __main__: Сохранено 2 номеров для Отель Азия-Европа
2026-02-23 08:43:11 [INFO] __main__: Запрашиваю ozerny_tulun_sports_complex_na_karbysheva_185_apartment (ozerny_tulun_sports_complex_na_karbysheva_185_apartment)
2026-02-23 08:43:12 [INFO] __main__: Сохранено 1 номеров для Спорткомплекс Озерный Тулун на Карбышева 185
2026-02-23 08:43:12 [INFO] __main__: Запрашиваю vostochnaia (vostochnaia)
2026-02-23 08:43:12 [INFO] __main__: Сохранено 0 номеров для Гостиница Восточная
2026-02-23 08:43:12 [INFO] __main__: Запрашиваю na_ulitse_pavlova_28_apartments (na_ulitse_pavlova_28_apartments)
2026-02-23 08:43:12 [INFO] __main__: Сохранено 1 номеров для на улице Павлова 28
2026-02-23 08:43:12 [INFO] __main__: Запрашиваю shelest (shelest)
2026-02-23 08:43:13 [INFO] __main__: Сохранено 2 номеров для Shelest
2026-02-23 08:43:13 [INFO] __main__: Запрашиваю marx_hotel (marx_hotel)
2026-02-23 08:43:13 [INFO] __main__: Сохранено 2 номеров для Отель Marx Hotel
2026-02-23 08:43:13 [INFO] __main__: Запрашиваю smart_hotel_kdo_irkutsk_hotel (smart_hotel_kdo_irkutsk_hotel)
2026-02-23 08:43:14 [INFO] __main__: Сохранено 3 номеров для Отель Smart Hotel KDO Иркутск
2026-02-23 08:43:14 [INFO] __main__: Запрашиваю dream_of_baikal_hotel (dream_of_baikal_hotel)
2026-02-23 08:43:14 [INFO] __main__: Сохранено 0 номеров для Отель Dream of Baikal
2026-02-23 08:43:14 [INFO] __main__: Запрашиваю zvezda_kochevnika (zvezda_kochevnika)
2026-02-23 08:43:14 [INFO] __main__: Сохранено 3 номеров для Звезда Кочевника
2026-02-23 08:43:14 [INFO] __main__: Запрашиваю hotel_anastasiya_2 (hotel_anastasiya_2)
2026-02-23 08:43:15 [INFO] __main__: Сохранено 10 номеров для Отель ГК Анастасия
2026-02-23 08:43:15 [INFO] __main__: Запрашиваю luna_hotel_9 (luna_hotel_9)
2026-02-23 08:43:15 [INFO] __main__: Сохранено 3 номеров для Отель Луна
2026-02-23 08:43:15 [INFO] __main__: Запрашиваю sportkompleks_ozerny_tulun_hotel (sportkompleks_ozerny_tulun_hotel)
2026-02-23 08:43:16 [INFO] __main__: Сохранено 1 номеров для Спорткомплекс Озерный Тулун
2026-02-23 08:43:16 [INFO] __main__: Запрашиваю guest_house_vremena_goda (guest_house_vremena_goda)
2026-02-23 08:43:16 [INFO] __main__: Сохранено 0 номеров для Времена Года
2026-02-23 08:43:16 [INFO] __main__: Запрашиваю artrezidentsiya_port_olhon (artrezidentsiya_port_olhon)
2026-02-23 08:43:16 [INFO] __main__: Сохранено 0 номеров для Арт-отель Порт Ольхон
2026-02-23 08:43:16 [INFO] __main__: Запрашиваю hotel_olimpiada (hotel_olimpiada)
2026-02-23 08:43:17 [INFO] __main__: Сохранено 5 номеров для Олимпиада
2026-02-23 08:43:17 [INFO] __main__: Запрашиваю modul (modul)
2026-02-23 08:43:17 [INFO] __main__: Сохранено 0 номеров для Гостиница Комфорт
2026-02-23 08:43:17 [INFO] __main__: Запрашиваю v_russkom_stile_guest_house (v_russkom_stile_guest_house)
2026-02-23 08:43:18 [INFO] __main__: Сохранено 0 номеров для Меблированные комнаты в Русском Стиле
2026-02-23 08:43:18 [INFO] __main__: Запрашиваю the_hotel_on_volzhskaya (the_hotel_on_volzhskaya)
2026-02-23 08:43:18 [INFO] __main__: Сохранено 3 номеров для Гостиница на Волжской
2026-02-23 08:43:18 [INFO] __main__: Запрашиваю gostinitsa_akademicheskaya (gostinitsa_akademicheskaya)
2026-02-23 08:43:18 [INFO] __main__: Сохранено 4 номеров для Отель Гостиница Академическая
2026-02-23 08:43:18 [INFO] __main__: Запрашиваю vitim (vitim)
2026-02-23 08:43:19 [INFO] __main__: Сохранено 1 номеров для Витим
2026-02-23 08:43:19 [INFO] __main__: Запрашиваю eko_baikalwood_hotel (eko_baikalwood_hotel)
2026-02-23 08:43:19 [INFO] __main__: Сохранено 0 номеров для Отель BaikalWood Hotel & Spa
2026-02-23 08:43:19 [INFO] __main__: Запрашиваю glemping_hygge_barn (glemping_hygge_barn)
2026-02-23 08:43:19 [INFO] __main__: Сохранено 2 номеров для Hygge Barn
2026-02-23 08:43:19 [INFO] __main__: Запрашиваю katantsa_hotel (katantsa_hotel)
2026-02-23 08:43:20 [INFO] __main__: Сохранено 0 номеров для Отель Катанца
2026-02-23 08:43:20 [INFO] __main__: Запрашиваю magnetit (magnetit)
2026-02-23 08:43:20 [INFO] __main__: Сохранено 2 номеров для Отель Магнетит
2026-02-23 08:43:20 [INFO] __main__: Запрашиваю less_guest_house (less_guest_house)
2026-02-23 08:43:21 [INFO] __main__: Сохранено 2 номеров для Меблированные комнаты Less
2026-02-23 08:43:21 [INFO] __main__: Запрашиваю praskovya_guest_house (praskovya_guest_house)
2026-02-23 08:43:21 [INFO] __main__: Сохранено 3 номеров для Отель Прасковья
2026-02-23 08:43:21 [INFO] __main__: Запрашиваю riderside (riderside)
2026-02-23 08:43:21 [INFO] __main__: Сохранено 2 номеров для Гостиница Riverside
2026-02-23 08:43:21 [INFO] __main__: Запрашиваю gostinitsa_solntse (gostinitsa_solntse)
2026-02-23 08:43:22 [INFO] __main__: Сохранено 6 номеров для Гостиница Солнце
2026-02-23 08:43:22 [INFO] __main__: Запрашиваю flagman_hotel (flagman_hotel)
2026-02-23 08:43:22 [INFO] __main__: Сохранено 0 номеров для Отель Флагман
2026-02-23 08:43:22 [INFO] __main__: Запрашиваю gostevoi_dom_margobai (gostevoi_dom_margobai)
2026-02-23 08:43:23 [INFO] __main__: Сохранено 7 номеров для Отель Маргобай
2026-02-23 08:43:23 [INFO] __main__: Запрашиваю hotel_baikal_best_edelweiss (hotel_baikal_best_edelweiss)
2026-02-23 08:43:23 [INFO] __main__: Сохранено 2 номеров для Baikal Best Edelweiss
2026-02-23 08:43:23 [INFO] __main__: Запрашиваю saturn_8 (saturn_8)
2026-02-23 08:43:23 [INFO] __main__: Сохранено 1 номеров для Сатурн
2026-02-23 08:43:23 [INFO] __main__: Запрашиваю yupiter (yupiter)
2026-02-23 08:43:24 [INFO] __main__: Сохранено 2 номеров для Юпитер
2026-02-23 08:43:24 [INFO] __main__: Запрашиваю trakstop_38_2 (trakstop_38_2)
2026-02-23 08:43:24 [INFO] __main__: Сохранено 1 номеров для Trakstop 38
2026-02-23 08:43:24 [INFO] __main__: Запрашиваю mir_baykala_hotel (mir_baykala_hotel)
2026-02-23 08:43:25 [INFO] __main__: Сохранено 1 номеров для Отель Мир Байкала
2026-02-23 08:43:25 [INFO] __main__: Запрашиваю baikal_capsule_hostel (baikal_capsule_hostel)
2026-02-23 08:43:25 [INFO] __main__: Сохранено 1 номеров для Байкал Капсул (Байкальская капсула)
2026-02-23 08:43:25 [INFO] __main__: Запрашиваю gostevoj_dom_endemik (gostevoj_dom_endemik)
2026-02-23 08:43:25 [INFO] __main__: Сохранено 4 номеров для Меблированные комнаты посуточная аренда
2026-02-23 08:43:25 [INFO] __main__: Запрашиваю metelitsa_6 (metelitsa_6)
2026-02-23 08:43:26 [INFO] __main__: Сохранено 0 номеров для Отель Метелица
2026-02-23 08:43:26 [INFO] __main__: Запрашиваю home_hotel_apartments_home_wanted_on_piskunov_street (home_hotel_apartments_home_wanted_on_piskunov_street)
2026-02-23 08:43:26 [INFO] __main__: Сохранено 1 номеров для Апартаменты Home Hotel (Хоум Хотел) на улице Пискунова
2026-02-23 08:43:26 [INFO] __main__: Запрашиваю gostevoy_dom_isiger_baikal (gostevoy_dom_isiger_baikal)
2026-02-23 08:43:27 [INFO] __main__: Сохранено 0 номеров для Гостевой дом ISIGER BAIKAL
2026-02-23 08:43:27 [INFO] __main__: Запрашиваю na_gornoy_ulitse_5_private_house (na_gornoy_ulitse_5_private_house)
2026-02-23 08:43:27 [INFO] __main__: Сохранено 0 номеров для Меблированные комнаты на Горной Улице 7Б
2026-02-23 08:43:27 [INFO] __main__: Запрашиваю hotelclub_ice (hotelclub_ice)
2026-02-23 08:43:27 [INFO] __main__: Сохранено 1 номеров для Отель Сибирская резиденция Лёд Байкала
2026-02-23 08:43:27 [INFO] __main__: Запрашиваю izumrud_hotel_7 (izumrud_hotel_7)
2026-02-23 08:43:28 [INFO] __main__: Сохранено 2 номеров для Отель Изумруд
2026-02-23 08:43:28 [INFO] __main__: Запрашиваю loft_house_38_guest_house (loft_house_38_guest_house)
2026-02-23 08:43:28 [INFO] __main__: Сохранено 0 номеров для Loft House 38
2026-02-23 08:43:28 [INFO] __main__: Запрашиваю komilfo_2 (komilfo_2)
2026-02-23 08:43:29 [INFO] __main__: Сохранено 7 номеров для Отель Комильфо
2026-02-23 08:43:29 [INFO] __main__: Сохранено 425 номеров в /home/runner/work/ostrovok_parser/ostrovok_parser/tables/rooms/2026-02-23.csv
2026-02-23 08:43:29 [INFO] __main__: Парсинг завершён. Всего обработано 425 номеров.
2026-02-23 08:43:29 [INFO] __main__: Статистика сохранена в /home/runner/work/ostrovok_parser/ostrovok_parser/tables/statistics/2026-02-23.csv
2026-02-23 08:43:29 [INFO] __main__: Обработано 146 отелей
