2026-02-24 06:33:14 [INFO] __main__: Режим CI: увеличенные таймауты и ожидание networkidle.
2026-02-24 06:33:14 [INFO] __main__: Запуск парсера отелей...
2026-02-24 06:33:14 [INFO] __main__: Даты бронирования: 25.02.2026 - 26.02.2026
2026-02-24 06:33:16 [INFO] __main__: --- Страница 1 ---
2026-02-24 06:33:20 [INFO] __main__: Перехвачено и извлечено 20 отелей. Всего: 20
2026-02-24 06:34:09 [INFO] __main__: Добавлено 20 отелей со страницы 1. Переход на следующую страницу...
2026-02-24 06:34:11 [INFO] __main__: --- Страница 2 ---
2026-02-24 06:34:13 [INFO] __main__: Перехвачено и извлечено 20 отелей. Всего: 40
2026-02-24 06:34:17 [INFO] __main__: Добавлено 20 отелей со страницы 2. Переход на следующую страницу...
2026-02-24 06:34:20 [INFO] __main__: --- Страница 3 ---
2026-02-24 06:34:22 [INFO] __main__: Перехвачено и извлечено 20 отелей. Всего: 60
2026-02-24 06:34:26 [INFO] __main__: Добавлено 20 отелей со страницы 3. Переход на следующую страницу...
2026-02-24 06:34:29 [INFO] __main__: --- Страница 4 ---
2026-02-24 06:34:31 [INFO] __main__: Перехвачено и извлечено 20 отелей. Всего: 80
2026-02-24 06:35:18 [INFO] __main__: Добавлено 20 отелей со страницы 4. Переход на следующую страницу...
2026-02-24 06:35:20 [INFO] __main__: --- Страница 5 ---
2026-02-24 06:35:23 [INFO] __main__: Перехвачено и извлечено 20 отелей. Всего: 100
2026-02-24 06:36:09 [INFO] __main__: Добавлено 20 отелей со страницы 5. Переход на следующую страницу...
2026-02-24 06:36:12 [INFO] __main__: --- Страница 6 ---
2026-02-24 06:36:15 [INFO] __main__: Перехвачено и извлечено 20 отелей. Всего: 120
2026-02-24 06:36:19 [INFO] __main__: Добавлено 20 отелей со страницы 6. Переход на следующую страницу...
2026-02-24 06:36:22 [INFO] __main__: --- Страница 7 ---
2026-02-24 06:36:24 [INFO] __main__: Перехвачено и извлечено 11 отелей. Всего: 131
2026-02-24 06:37:11 [INFO] __main__: Добавлено 11 отелей со страницы 7. Переход на следующую страницу...
2026-02-24 06:37:13 [INFO] __main__: --- Страница 8 ---
2026-02-24 06:38:47 [WARNING] __main__: На странице 8 отелей не получено. Конец списка.
2026-02-24 06:38:47 [INFO] __main__: === Всего собрано отелей со всех страниц: 131 ===
2026-02-24 06:39:02 [INFO] __main__: Сохранено 131 отелей в /home/runner/work/ostrovok_parser/ostrovok_parser/tables/hotels/2026-02-24.csv
2026-02-24 06:39:02 [INFO] __main__: Парсинг завершён. Всего обработано 131 отелей.
2026-02-24 06:39:03 [INFO] __main__: Даты бронирования: 25.02.2026 - 26.02.2026
2026-02-24 06:39:03 [INFO] __main__: Запуск браузера для получения куки...
2026-02-24 06:39:08 [INFO] __main__: Получено 53 куки
2026-02-24 06:39:08 [INFO] __main__: Запрашиваю mayak_hotel_listvyanka (mayak_hotel_listvyanka)
2026-02-24 06:39:10 [INFO] __main__: Сохранено 13 номеров для Отель Маяк
2026-02-24 06:39:10 [INFO] __main__: Запрашиваю irkutsk_city_center (irkutsk_city_center)
2026-02-24 06:39:10 [INFO] __main__: Сохранено 3 номеров для Irkutsk City Center
2026-02-24 06:39:10 [INFO] __main__: Запрашиваю yakovlev_hotel (yakovlev_hotel)
2026-02-24 06:39:11 [INFO] __main__: Сохранено 3 номеров для Отель Яковлевъ
2026-02-24 06:39:11 [INFO] __main__: Запрашиваю taiga_2 (taiga_2)
2026-02-24 06:39:13 [INFO] __main__: Сохранено 3 номеров для Отель Taiga
2026-02-24 06:39:13 [INFO] __main__: Запрашиваю bajkal_hotel (bajkal_hotel)
2026-02-24 06:39:14 [INFO] __main__: Сохранено 2 номеров для Отель Байкал
2026-02-24 06:39:14 [INFO] __main__: Запрашиваю hotel_nikola_2 (hotel_nikola_2)
2026-02-24 06:39:16 [INFO] __main__: Сохранено 9 номеров для Отель Никола
2026-02-24 06:39:16 [INFO] __main__: Запрашиваю baikal_forest_hotel (baikal_forest_hotel)
2026-02-24 06:39:17 [INFO] __main__: Сохранено 8 номеров для Отель Baikal Forest
2026-02-24 06:39:17 [INFO] __main__: Запрашиваю empire_hotel_3 (empire_hotel_3)
2026-02-24 06:39:17 [INFO] __main__: Сохранено 5 номеров для Гостиница Империя
2026-02-24 06:39:17 [INFO] __main__: Запрашиваю beliy_sobol_parkhotel (beliy_sobol_parkhotel)
2026-02-24 06:39:18 [INFO] __main__: Сохранено 4 номеров для Парк-отель Белый Соболь
2026-02-24 06:39:18 [INFO] __main__: Запрашиваю gostevoy_dom_sunrise (gostevoy_dom_sunrise)
2026-02-24 06:39:18 [INFO] __main__: Сохранено 1 номеров для Sunrise
2026-02-24 06:39:18 [INFO] __main__: Запрашиваю vera_baikal (vera_baikal)
2026-02-24 06:39:19 [INFO] __main__: Сохранено 5 номеров для Отель Вера Байкал
2026-02-24 06:39:19 [INFO] __main__: Запрашиваю hotel_khotej (hotel_khotej)
2026-02-24 06:39:19 [INFO] __main__: Сохранено 1 номеров для Отель Хотэй
2026-02-24 06:39:19 [INFO] __main__: Запрашиваю baikal_view_hotel (baikal_view_hotel)
2026-02-24 06:39:21 [INFO] __main__: Сохранено 2 номеров для Baikal View Hotel
2026-02-24 06:39:21 [INFO] __main__: Запрашиваю matreshka_hotel (matreshka_hotel)
2026-02-24 06:39:22 [INFO] __main__: Сохранено 3 номеров для Отель Matreshka
2026-02-24 06:39:22 [INFO] __main__: Запрашиваю irkutsk (irkutsk)
2026-02-24 06:39:23 [INFO] __main__: Сохранено 1 номеров для Отель Иркутск
2026-02-24 06:39:23 [INFO] __main__: Запрашиваю baykal_shale_guest_house (baykal_shale_guest_house)
2026-02-24 06:39:25 [INFO] __main__: Сохранено 1 номеров для Байкал Шале
2026-02-24 06:39:25 [INFO] __main__: Запрашиваю malinovka_3 (malinovka_3)
2026-02-24 06:39:25 [INFO] __main__: Сохранено 2 номеров для Малиновка
2026-02-24 06:39:25 [INFO] __main__: Запрашиваю gostinitsa_ustilim (gostinitsa_ustilim)
2026-02-24 06:39:27 [INFO] __main__: Сохранено 6 номеров для Усть-Илим
2026-02-24 06:39:27 [INFO] __main__: Запрашиваю otel_irkut (otel_irkut)
2026-02-24 06:39:28 [INFO] __main__: Сохранено 5 номеров для Отель Иркут
2026-02-24 06:39:28 [INFO] __main__: Запрашиваю kupechesky_dvor_hotel (kupechesky_dvor_hotel)
2026-02-24 06:39:29 [INFO] __main__: Сохранено 1 номеров для Отель Купеческий Дворъ
2026-02-24 06:39:29 [INFO] __main__: Запрашиваю miniotel_good_hotel (miniotel_good_hotel)
2026-02-24 06:39:30 [INFO] __main__: Сохранено 2 номеров для Мини-Отель Good Hotel
2026-02-24 06:39:30 [INFO] __main__: Запрашиваю legend_of_baikal (legend_of_baikal)
2026-02-24 06:39:30 [INFO] __main__: Сохранено 6 номеров для Отель Легенда Байкала
2026-02-24 06:39:30 [INFO] __main__: Запрашиваю inn_business_hall (inn_business_hall)
2026-02-24 06:39:31 [INFO] __main__: Сохранено 2 номеров для Отель Business Hall
2026-02-24 06:39:31 [INFO] __main__: Запрашиваю hotel_premium_hotel_pushkin (hotel_premium_hotel_pushkin)
2026-02-24 06:39:32 [INFO] __main__: Сохранено 1 номеров для Премиум-отель Пушкин
2026-02-24 06:39:32 [INFO] __main__: Запрашиваю atlas_hotel_3 (atlas_hotel_3)
2026-02-24 06:39:32 [INFO] __main__: Сохранено 3 номеров для Гостиница Атлас
2026-02-24 06:39:32 [INFO] __main__: Запрашиваю kalina_house_olkhon_baikal_guest_house (kalina_house_olkhon_baikal_guest_house)
2026-02-24 06:39:35 [INFO] __main__: Сохранено 1 номеров для Конкордия
2026-02-24 06:39:35 [INFO] __main__: Запрашиваю podlemorie_hotel (podlemorie_hotel)
2026-02-24 06:39:36 [INFO] __main__: Сохранено 1 номеров для Отель Подлеморье
2026-02-24 06:39:36 [INFO] __main__: Запрашиваю international_hotel_sayen (international_hotel_sayen)
2026-02-24 06:39:36 [INFO] __main__: Сохранено 3 номеров для SAYEN
2026-02-24 06:39:36 [INFO] __main__: Запрашиваю nebo_baykala_guest_house (nebo_baykala_guest_house)
2026-02-24 06:39:36 [INFO] __main__: Сохранено 4 номеров для Небо Байкала
2026-02-24 06:39:36 [INFO] __main__: Запрашиваю guest_house_baykaliya (guest_house_baykaliya)
2026-02-24 06:39:37 [INFO] __main__: Сохранено 1 номеров для Байкалия
2026-02-24 06:39:37 [INFO] __main__: Запрашиваю kheyvitsa_guest_house (kheyvitsa_guest_house)
2026-02-24 06:39:38 [INFO] __main__: Сохранено 1 номеров для Отель Гостевой Дом Хейвица
2026-02-24 06:39:38 [INFO] __main__: Запрашиваю hotel_kurshavel_ (hotel_kurshavel_)
2026-02-24 06:39:39 [INFO] __main__: Сохранено 5 номеров для Отель Куршавель
2026-02-24 06:39:39 [INFO] __main__: Запрашиваю parus_18 (parus_18)
2026-02-24 06:39:39 [INFO] __main__: Сохранено 6 номеров для Курортный отель Парус
2026-02-24 06:39:39 [INFO] __main__: Запрашиваю angara_hotel (angara_hotel)
2026-02-24 06:39:40 [INFO] __main__: Сохранено 3 номеров для Ангара Отель
2026-02-24 06:39:40 [INFO] __main__: Запрашиваю gostevoj_dom_na_zvezdinskoj (gostevoj_dom_na_zvezdinskoj)
2026-02-24 06:39:41 [INFO] __main__: Сохранено 3 номеров для Отель на Звездинской
2026-02-24 06:39:41 [INFO] __main__: Запрашиваю city_park_hotel_13 (city_park_hotel_13)
2026-02-24 06:39:42 [INFO] __main__: Сохранено 3 номеров для Меблированные комнаты City Park
2026-02-24 06:39:42 [INFO] __main__: Запрашиваю minihotel_panda (minihotel_panda)
2026-02-24 06:39:42 [INFO] __main__: Сохранено 2 номеров для Отель ДиаДэй
2026-02-24 06:39:42 [INFO] __main__: Запрашиваю miniotel_medveditsa (miniotel_medveditsa)
2026-02-24 06:39:42 [INFO] __main__: Сохранено 2 номеров для Меблированные комнаты Медведица
2026-02-24 06:39:42 [INFO] __main__: Запрашиваю burduguz_hotel_2 (burduguz_hotel_2)
2026-02-24 06:39:43 [INFO] __main__: Сохранено 6 номеров для Парк-Отель Бурдугуз
2026-02-24 06:39:43 [INFO] __main__: Запрашиваю hotel_flagman_olkhona (hotel_flagman_olkhona)
2026-02-24 06:39:44 [INFO] __main__: Сохранено 1 номеров для Отель Флагман Ольхона
2026-02-24 06:39:44 [INFO] __main__: Запрашиваю arena_g_irkutsk (arena_g_irkutsk)
2026-02-24 06:39:45 [INFO] __main__: Сохранено 3 номеров для Отель Арена Иркутск
2026-02-24 06:39:45 [INFO] __main__: Запрашиваю lada_8 (lada_8)
2026-02-24 06:39:45 [INFO] __main__: Сохранено 1 номеров для Отель Гостиница ЛАДА
2026-02-24 06:39:45 [INFO] __main__: Запрашиваю gostinitsa_undina (gostinitsa_undina)
2026-02-24 06:39:46 [INFO] __main__: Сохранено 4 номеров для Отель Ундина
2026-02-24 06:39:46 [INFO] __main__: Запрашиваю hotel_soyuz_2 (hotel_soyuz_2)
2026-02-24 06:39:46 [INFO] __main__: Сохранено 8 номеров для Жилое помещение Союз
2026-02-24 06:39:46 [INFO] __main__: Запрашиваю baikalskie_prostory (baikalskie_prostory)
2026-02-24 06:39:47 [INFO] __main__: Сохранено 5 номеров для Байкальские просторы
2026-02-24 06:39:47 [INFO] __main__: Запрашиваю hotel_nataly_2 (hotel_nataly_2)
2026-02-24 06:39:47 [INFO] __main__: Сохранено 2 номеров для Отель Натали
2026-02-24 06:39:47 [INFO] __main__: Запрашиваю baykal_guest_house_3 (baykal_guest_house_3)
2026-02-24 06:39:48 [INFO] __main__: Сохранено 3 номеров для Меблированные комнаты Байкал
2026-02-24 06:39:48 [INFO] __main__: Запрашиваю alpari (alpari)
2026-02-24 06:39:49 [INFO] __main__: Сохранено 2 номеров для Гостиница Альпари
2026-02-24 06:39:49 [INFO] __main__: Запрашиваю lenatour (lenatour)
2026-02-24 06:39:51 [INFO] __main__: Сохранено 4 номеров для Отель  Ленатур
2026-02-24 06:39:51 [INFO] __main__: Запрашиваю green_hotel_ (green_hotel_)
2026-02-24 06:39:53 [INFO] __main__: Сохранено 3 номеров для Грин Отель
2026-02-24 06:39:53 [INFO] __main__: Запрашиваю hotel_barguzin (hotel_barguzin)
2026-02-24 06:39:53 [INFO] __main__: Сохранено 2 номеров для Меблированные комнаты Баргузин
2026-02-24 06:39:53 [INFO] __main__: Запрашиваю lotos_hotel (lotos_hotel)
2026-02-24 06:39:53 [INFO] __main__: Сохранено 1 номеров для Отель Лотос
2026-02-24 06:39:53 [INFO] __main__: Запрашиваю archi_apt_apartments (archi_apt_apartments)
2026-02-24 06:39:54 [INFO] __main__: Сохранено 2 номеров для Отель Baikal Archi Apt
2026-02-24 06:39:54 [INFO] __main__: Запрашиваю hotel_dacha_baikaleco (hotel_dacha_baikaleco)
2026-02-24 06:39:55 [INFO] __main__: Сохранено 0 номеров для Семейный отель Дача БайкалЭко
2026-02-24 06:39:55 [INFO] __main__: Запрашиваю gostevoy_dom_holiday_park_on_olkhon (gostevoy_dom_holiday_park_on_olkhon)
2026-02-24 06:39:56 [INFO] __main__: Сохранено 1 номеров для Holiday park on Olkhon
2026-02-24 06:39:56 [INFO] __main__: Запрашиваю rus_hotel_irkutsk (rus_hotel_irkutsk)
2026-02-24 06:39:56 [INFO] __main__: Сохранено 4 номеров для Гостиничный Комплекс Русь
2026-02-24 06:39:56 [INFO] __main__: Запрашиваю yolochka (yolochka)
2026-02-24 06:39:57 [INFO] __main__: Сохранено 9 номеров для Меблированные комнаты Ёлочка
2026-02-24 06:39:57 [INFO] __main__: Запрашиваю best_eastern_hotel_zvezda (best_eastern_hotel_zvezda)
2026-02-24 06:39:57 [INFO] __main__: Сохранено 5 номеров для Отель Звезда
2026-02-24 06:39:57 [INFO] __main__: Запрашиваю hotel_kosmos_5 (hotel_kosmos_5)
2026-02-24 06:39:58 [INFO] __main__: Сохранено 4 номеров для Отель Космос
2026-02-24 06:39:58 [INFO] __main__: Запрашиваю history_boutiquehotel (history_boutiquehotel)
2026-02-24 06:39:59 [INFO] __main__: Сохранено 3 номеров для Отель History Boutique Hotel & SPA
2026-02-24 06:39:59 [INFO] __main__: Запрашиваю hotel_rodina_grand_hotel_spa_irkutsk_5 (hotel_rodina_grand_hotel_spa_irkutsk_5)
2026-02-24 06:39:59 [INFO] __main__: Сохранено 15 номеров для Отель RODINA Grand Hotel & SPA Irkutsk 5*
2026-02-24 06:39:59 [INFO] __main__: Запрашиваю meridian_7 (meridian_7)
2026-02-24 06:40:01 [INFO] __main__: Сохранено 4 номеров для Отель Меридиан
2026-02-24 06:40:01 [INFO] __main__: Запрашиваю amurskiy (amurskiy)
2026-02-24 06:40:01 [INFO] __main__: Сохранено 1 номеров для Отель Амурский
2026-02-24 06:40:01 [INFO] __main__: Запрашиваю baykal_khan_listvyanka (baykal_khan_listvyanka)
2026-02-24 06:40:02 [INFO] __main__: Сохранено 0 номеров для Отель Ларч
2026-02-24 06:40:02 [INFO] __main__: Запрашиваю flagman_hotel_4 (flagman_hotel_4)
2026-02-24 06:40:02 [INFO] __main__: Сохранено 0 номеров для Отель Флагман
2026-02-24 06:40:02 [INFO] __main__: Запрашиваю hotel_pushkin_2 (hotel_pushkin_2)
2026-02-24 06:40:04 [INFO] __main__: Сохранено 5 номеров для Отель ПушкинЪ
2026-02-24 06:40:04 [INFO] __main__: Запрашиваю bolshoe_puteshestvie_hotel (bolshoe_puteshestvie_hotel)
2026-02-24 06:40:04 [INFO] __main__: Сохранено 0 номеров для Ольхон
2026-02-24 06:40:04 [INFO] __main__: Запрашиваю baikal_business_center_hotel (baikal_business_center_hotel)
2026-02-24 06:40:05 [INFO] __main__: Сохранено 2 номеров для Отель Байкал Бизнес Центр
2026-02-24 06:40:05 [INFO] __main__: Запрашиваю momant_house_recreation_camp (momant_house_recreation_camp)
2026-02-24 06:40:05 [INFO] __main__: Сохранено 0 номеров для Momant house
2026-02-24 06:40:05 [INFO] __main__: Запрашиваю dom_baykal_guest_house (dom_baykal_guest_house)
2026-02-24 06:40:06 [INFO] __main__: Сохранено 4 номеров для Меблированные комнаты Дом Байкал
2026-02-24 06:40:06 [INFO] __main__: Запрашиваю hotel_gostinitsa_dinamo (hotel_gostinitsa_dinamo)
2026-02-24 06:40:07 [INFO] __main__: Сохранено 5 номеров для Отель Динамо
2026-02-24 06:40:07 [INFO] __main__: Запрашиваю tri_kita_2 (tri_kita_2)
2026-02-24 06:40:07 [INFO] __main__: Сохранено 7 номеров для Отель Три Кита
2026-02-24 06:40:07 [INFO] __main__: Запрашиваю tikhaya_gavan_4 (tikhaya_gavan_4)
2026-02-24 06:40:08 [INFO] __main__: Сохранено 1 номеров для Отель "Тихая Гавань"
2026-02-24 06:40:08 [INFO] __main__: Запрашиваю wind_lake_guest_house (wind_lake_guest_house)
2026-02-24 06:40:08 [INFO] __main__: Сохранено 7 номеров для Wind Lake
2026-02-24 06:40:08 [INFO] __main__: Запрашиваю miniotel_serdtse_baykala (miniotel_serdtse_baykala)
2026-02-24 06:40:09 [INFO] __main__: Сохранено 1 номеров для Сердце Байкала
2026-02-24 06:40:09 [INFO] __main__: Запрашиваю bajkal_severnoe_more_hotel (bajkal_severnoe_more_hotel)
2026-02-24 06:40:09 [INFO] __main__: Сохранено 5 номеров для Отель Байкал - Северное Море
2026-02-24 06:40:09 [INFO] __main__: Запрашиваю hotel_shvedka (hotel_shvedka)
2026-02-24 06:40:10 [INFO] __main__: Сохранено 1 номеров для Отель ШВЕДКА
2026-02-24 06:40:10 [INFO] __main__: Запрашиваю bajkalskie_sezonyi (bajkalskie_sezonyi)
2026-02-24 06:40:11 [INFO] __main__: Сохранено 5 номеров для Отель Парк Байкальские сезоны
2026-02-24 06:40:11 [INFO] __main__: Запрашиваю royal_hotel_33 (royal_hotel_33)
2026-02-24 06:40:12 [INFO] __main__: Сохранено 0 номеров для Отель Рояль
2026-02-24 06:40:12 [INFO] __main__: Запрашиваю vesta_hotel_3 (vesta_hotel_3)
2026-02-24 06:40:13 [INFO] __main__: Сохранено 3 номеров для Отель Веста
2026-02-24 06:40:13 [INFO] __main__: Запрашиваю mini_hotel_vizit (mini_hotel_vizit)
2026-02-24 06:40:14 [INFO] __main__: Сохранено 2 номеров для Гостиница Визит
2026-02-24 06:40:14 [INFO] __main__: Запрашиваю krestovaya_pad_hotel (krestovaya_pad_hotel)
2026-02-24 06:40:14 [INFO] __main__: Сохранено 0 номеров для Гостиница Крестовая падь
2026-02-24 06:40:14 [INFO] __main__: Запрашиваю bely_bereg (bely_bereg)
2026-02-24 06:40:14 [INFO] __main__: Сохранено 2 номеров для Отель Белый берег
2026-02-24 06:40:14 [INFO] __main__: Запрашиваю hotel_aziyayevropa (hotel_aziyayevropa)
2026-02-24 06:40:17 [INFO] __main__: Сохранено 3 номеров для Отель Азия-Европа
2026-02-24 06:40:17 [INFO] __main__: Запрашиваю uda_2 (uda_2)
2026-02-24 06:40:17 [INFO] __main__: Сохранено 6 номеров для Отель УДА
2026-02-24 06:40:17 [INFO] __main__: Запрашиваю pribaikalskaya_hotel (pribaikalskaya_hotel)
2026-02-24 06:40:18 [INFO] __main__: Сохранено 5 номеров для Гостиница Прибайкальская
2026-02-24 06:40:18 [INFO] __main__: Запрашиваю hotel_sozvezdie_baikala (hotel_sozvezdie_baikala)
2026-02-24 06:40:19 [INFO] __main__: Сохранено 6 номеров для Отель Созвездие Байкала
2026-02-24 06:40:19 [INFO] __main__: Запрашиваю gostevoy_dom_briz_3 (gostevoy_dom_briz_3)
2026-02-24 06:40:20 [INFO] __main__: Сохранено 2 номеров для Меблированные комнаты БРИЗ
2026-02-24 06:40:20 [INFO] __main__: Запрашиваю oktyabrskaya_minihotel (oktyabrskaya_minihotel)
2026-02-24 06:40:21 [INFO] __main__: Сохранено 4 номеров для Октябрьская
2026-02-24 06:40:21 [INFO] __main__: Запрашиваю vostochnaia (vostochnaia)
2026-02-24 06:40:21 [INFO] __main__: Сохранено 0 номеров для Гостиница Восточная
2026-02-24 06:40:21 [INFO] __main__: Запрашиваю na_ulitse_pavlova_28_apartments (na_ulitse_pavlova_28_apartments)
2026-02-24 06:40:22 [INFO] __main__: Сохранено 1 номеров для на улице Павлова 28
2026-02-24 06:40:22 [INFO] __main__: Запрашиваю smart_hotel_kdo_irkutsk_hotel (smart_hotel_kdo_irkutsk_hotel)
2026-02-24 06:40:23 [INFO] __main__: Сохранено 2 номеров для Отель Smart Hotel KDO Иркутск
2026-02-24 06:40:23 [INFO] __main__: Запрашиваю shelest (shelest)
2026-02-24 06:40:23 [INFO] __main__: Сохранено 2 номеров для Shelest
2026-02-24 06:40:23 [INFO] __main__: Запрашиваю dream_of_baikal_hotel (dream_of_baikal_hotel)
2026-02-24 06:40:24 [INFO] __main__: Сохранено 0 номеров для Отель Dream of Baikal
2026-02-24 06:40:24 [INFO] __main__: Запрашиваю zvezda_kochevnika (zvezda_kochevnika)
2026-02-24 06:40:25 [INFO] __main__: Сохранено 2 номеров для Звезда Кочевника
2026-02-24 06:40:25 [INFO] __main__: Запрашиваю hotel_anastasiya_2 (hotel_anastasiya_2)
2026-02-24 06:40:26 [INFO] __main__: Сохранено 8 номеров для Отель ГК Анастасия
2026-02-24 06:40:26 [INFO] __main__: Запрашиваю luna_hotel_9 (luna_hotel_9)
2026-02-24 06:40:27 [INFO] __main__: Сохранено 3 номеров для Отель Луна
2026-02-24 06:40:27 [INFO] __main__: Запрашиваю sportkompleks_ozerny_tulun_hotel (sportkompleks_ozerny_tulun_hotel)
2026-02-24 06:40:27 [INFO] __main__: Сохранено 1 номеров для Спорткомплекс Озерный Тулун
2026-02-24 06:40:27 [INFO] __main__: Запрашиваю guest_house_vremena_goda (guest_house_vremena_goda)
2026-02-24 06:40:28 [INFO] __main__: Сохранено 0 номеров для Времена Года
2026-02-24 06:40:28 [INFO] __main__: Запрашиваю u_istoka_hotel (u_istoka_hotel)
2026-02-24 06:40:28 [INFO] __main__: Сохранено 0 номеров для Гостиница У Истока
2026-02-24 06:40:28 [INFO] __main__: Запрашиваю hotel_olimpiada (hotel_olimpiada)
2026-02-24 06:40:30 [INFO] __main__: Сохранено 4 номеров для Олимпиада
2026-02-24 06:40:30 [INFO] __main__: Запрашиваю modul (modul)
2026-02-24 06:40:30 [INFO] __main__: Сохранено 0 номеров для Гостиница Комфорт
2026-02-24 06:40:30 [INFO] __main__: Запрашиваю v_russkom_stile_guest_house (v_russkom_stile_guest_house)
2026-02-24 06:40:31 [INFO] __main__: Сохранено 0 номеров для Меблированные комнаты в Русском Стиле
2026-02-24 06:40:31 [INFO] __main__: Запрашиваю the_hotel_on_volzhskaya (the_hotel_on_volzhskaya)
2026-02-24 06:40:32 [INFO] __main__: Сохранено 3 номеров для Гостиница на Волжской
2026-02-24 06:40:32 [INFO] __main__: Запрашиваю gostinitsa_akademicheskaya (gostinitsa_akademicheskaya)
2026-02-24 06:40:32 [INFO] __main__: Сохранено 4 номеров для Отель Гостиница Академическая
2026-02-24 06:40:32 [INFO] __main__: Запрашиваю vitim (vitim)
2026-02-24 06:40:34 [INFO] __main__: Сохранено 3 номеров для Витим
2026-02-24 06:40:34 [INFO] __main__: Запрашиваю glemping_hygge_barn (glemping_hygge_barn)
2026-02-24 06:40:34 [INFO] __main__: Сохранено 2 номеров для Hygge Barn
2026-02-24 06:40:34 [INFO] __main__: Запрашиваю katantsa_hotel (katantsa_hotel)
2026-02-24 06:40:34 [INFO] __main__: Сохранено 0 номеров для Отель Катанца
2026-02-24 06:40:34 [INFO] __main__: Запрашиваю magnetit (magnetit)
2026-02-24 06:40:37 [INFO] __main__: Сохранено 3 номеров для Отель Магнетит
2026-02-24 06:40:37 [INFO] __main__: Запрашиваю less_guest_house (less_guest_house)
2026-02-24 06:40:37 [INFO] __main__: Сохранено 2 номеров для Меблированные комнаты Less
2026-02-24 06:40:37 [INFO] __main__: Запрашиваю praskovya_guest_house (praskovya_guest_house)
2026-02-24 06:40:39 [INFO] __main__: Сохранено 2 номеров для Отель Прасковья
2026-02-24 06:40:39 [INFO] __main__: Запрашиваю gostinitsa_solntse (gostinitsa_solntse)
2026-02-24 06:40:39 [INFO] __main__: Сохранено 6 номеров для Гостиница Солнце
2026-02-24 06:40:39 [INFO] __main__: Запрашиваю hotel_complex_baikalov_ostrog (hotel_complex_baikalov_ostrog)
2026-02-24 06:40:40 [INFO] __main__: Сохранено 5 номеров для Гостиница Байкалов Острог
2026-02-24 06:40:40 [INFO] __main__: Запрашиваю flagman_hotel (flagman_hotel)
2026-02-24 06:40:40 [INFO] __main__: Сохранено 0 номеров для Отель Флагман
2026-02-24 06:40:40 [INFO] __main__: Запрашиваю gostevoi_dom_margobai (gostevoi_dom_margobai)
2026-02-24 06:40:41 [INFO] __main__: Сохранено 7 номеров для Отель Маргобай
2026-02-24 06:40:41 [INFO] __main__: Запрашиваю hotel_baikal_best_edelweiss (hotel_baikal_best_edelweiss)
2026-02-24 06:40:43 [INFO] __main__: Сохранено 2 номеров для Baikal Best Edelweiss
2026-02-24 06:40:43 [INFO] __main__: Запрашиваю yupiter (yupiter)
2026-02-24 06:40:44 [INFO] __main__: Сохранено 2 номеров для Юпитер
2026-02-24 06:40:44 [INFO] __main__: Запрашиваю saturn_8 (saturn_8)
2026-02-24 06:40:45 [INFO] __main__: Сохранено 0 номеров для Сатурн
2026-02-24 06:40:45 [INFO] __main__: Запрашиваю trakstop_38_2 (trakstop_38_2)
2026-02-24 06:40:46 [INFO] __main__: Сохранено 1 номеров для Trakstop 38
2026-02-24 06:40:46 [INFO] __main__: Запрашиваю mir_baykala_hotel (mir_baykala_hotel)
2026-02-24 06:40:48 [INFO] __main__: Сохранено 1 номеров для Отель Мир Байкала
2026-02-24 06:40:48 [INFO] __main__: Запрашиваю planeta_9 (planeta_9)
2026-02-24 06:40:49 [INFO] __main__: Сохранено 4 номеров для Планета
2026-02-24 06:40:49 [INFO] __main__: Запрашиваю baikal_capsule_hostel (baikal_capsule_hostel)
2026-02-24 06:40:51 [INFO] __main__: Сохранено 1 номеров для Байкал Капсул (Байкальская капсула)
2026-02-24 06:40:51 [INFO] __main__: Запрашиваю gostevoj_dom_endemik (gostevoj_dom_endemik)
2026-02-24 06:40:52 [INFO] __main__: Сохранено 5 номеров для Меблированные комнаты посуточная аренда
2026-02-24 06:40:52 [INFO] __main__: Запрашиваю tochka_baykala_hotel (tochka_baykala_hotel)
2026-02-24 06:40:52 [INFO] __main__: Сохранено 0 номеров для Отель Точка Байкала
2026-02-24 06:40:52 [INFO] __main__: Запрашиваю metelitsa_6 (metelitsa_6)
2026-02-24 06:40:53 [INFO] __main__: Сохранено 0 номеров для Отель Метелица
2026-02-24 06:40:53 [INFO] __main__: Запрашиваю gostevoy_dom_isiger_baikal (gostevoy_dom_isiger_baikal)
2026-02-24 06:40:53 [INFO] __main__: Сохранено 0 номеров для Гостевой дом ISIGER BAIKAL
2026-02-24 06:40:53 [INFO] __main__: Запрашиваю na_gornoy_ulitse_5_private_house (na_gornoy_ulitse_5_private_house)
2026-02-24 06:40:58 [INFO] __main__: Сохранено 0 номеров для Меблированные комнаты на Горной Улице 7Б
2026-02-24 06:40:58 [INFO] __main__: Запрашиваю izumrud_hotel_7 (izumrud_hotel_7)
2026-02-24 06:40:59 [INFO] __main__: Сохранено 2 номеров для Отель Изумруд
2026-02-24 06:40:59 [INFO] __main__: Запрашиваю hotelclub_ice (hotelclub_ice)
2026-02-24 06:41:01 [INFO] __main__: Сохранено 1 номеров для Отель Сибирская резиденция Лёд Байкала
2026-02-24 06:41:01 [INFO] __main__: Запрашиваю loft_house_38_guest_house (loft_house_38_guest_house)
2026-02-24 06:41:01 [INFO] __main__: Сохранено 0 номеров для Loft House 38
2026-02-24 06:41:01 [INFO] __main__: Запрашиваю ozerny_tulun_sports_complex_na_karbysheva_185_apartment (ozerny_tulun_sports_complex_na_karbysheva_185_apartment)
2026-02-24 06:41:02 [INFO] __main__: Сохранено 1 номеров для Спорткомплекс Озерный Тулун на Карбышева 185
2026-02-24 06:41:02 [INFO] __main__: Сохранено 397 номеров в /home/runner/work/ostrovok_parser/ostrovok_parser/tables/rooms/2026-02-24.csv
2026-02-24 06:41:02 [INFO] __main__: Парсинг завершён. Всего обработано 397 номеров.
2026-02-24 06:41:03 [INFO] __main__: Статистика сохранена в /home/runner/work/ostrovok_parser/ostrovok_parser/tables/statistics/2026-02-24.csv
2026-02-24 06:41:03 [INFO] __main__: Обработано 131 отелей
2026-02-24 08:32:48 [INFO] __main__: Режим CI: увеличенные таймауты и ожидание networkidle.
2026-02-24 08:32:48 [INFO] __main__: Запуск парсера отелей...
2026-02-24 08:32:48 [INFO] __main__: Даты бронирования: 25.02.2026 - 26.02.2026
2026-02-24 08:32:50 [INFO] __main__: --- Страница 1 ---
2026-02-24 08:32:59 [INFO] __main__: Перехвачено и извлечено 20 отелей. Всего: 20
2026-02-24 08:33:41 [INFO] __main__: Добавлено 20 отелей со страницы 1. Переход на следующую страницу...
2026-02-24 08:33:43 [INFO] __main__: --- Страница 2 ---
2026-02-24 08:33:45 [INFO] __main__: Перехвачено и извлечено 20 отелей. Всего: 40
2026-02-24 08:33:51 [INFO] __main__: Добавлено 20 отелей со страницы 2. Переход на следующую страницу...
2026-02-24 08:33:54 [INFO] __main__: --- Страница 3 ---
2026-02-24 08:33:56 [INFO] __main__: Перехвачено и извлечено 20 отелей. Всего: 60
2026-02-24 08:34:00 [INFO] __main__: Добавлено 20 отелей со страницы 3. Переход на следующую страницу...
2026-02-24 08:34:03 [INFO] __main__: --- Страница 4 ---
2026-02-24 08:34:05 [INFO] __main__: Перехвачено и извлечено 20 отелей. Всего: 80
2026-02-24 08:34:53 [INFO] __main__: Добавлено 20 отелей со страницы 4. Переход на следующую страницу...
2026-02-24 08:34:55 [INFO] __main__: --- Страница 5 ---
2026-02-24 08:34:58 [INFO] __main__: Перехвачено и извлечено 20 отелей. Всего: 100
2026-02-24 08:35:44 [INFO] __main__: Добавлено 20 отелей со страницы 5. Переход на следующую страницу...
2026-02-24 08:35:47 [INFO] __main__: --- Страница 6 ---
2026-02-24 08:35:49 [INFO] __main__: Перехвачено и извлечено 20 отелей. Всего: 120
2026-02-24 08:35:53 [INFO] __main__: Добавлено 20 отелей со страницы 6. Переход на следующую страницу...
2026-02-24 08:35:56 [INFO] __main__: --- Страница 7 ---
2026-02-24 08:35:58 [INFO] __main__: Перехвачено и извлечено 9 отелей. Всего: 129
2026-02-24 08:36:45 [INFO] __main__: Добавлено 9 отелей со страницы 7. Переход на следующую страницу...
2026-02-24 08:36:48 [INFO] __main__: --- Страница 8 ---
2026-02-24 08:38:23 [WARNING] __main__: На странице 8 отелей не получено. Конец списка.
2026-02-24 08:38:23 [INFO] __main__: === Всего собрано отелей со всех страниц: 129 ===
2026-02-24 08:38:38 [INFO] __main__: Сохранено 129 отелей в /home/runner/work/ostrovok_parser/ostrovok_parser/tables/hotels/2026-02-24.csv
2026-02-24 08:38:38 [INFO] __main__: Парсинг завершён. Всего обработано 129 отелей.
2026-02-24 08:38:38 [INFO] __main__: Даты бронирования: 25.02.2026 - 26.02.2026
2026-02-24 08:38:38 [INFO] __main__: Запуск браузера для получения куки...
2026-02-24 08:38:43 [INFO] __main__: Получено 53 куки
2026-02-24 08:38:43 [INFO] __main__: Запрашиваю yakovlev_hotel (yakovlev_hotel)
2026-02-24 08:38:49 [INFO] __main__: Сохранено 3 номеров для Отель Яковлевъ
2026-02-24 08:38:49 [INFO] __main__: Запрашиваю taiga_2 (taiga_2)
2026-02-24 08:38:51 [INFO] __main__: Сохранено 3 номеров для Отель Taiga
2026-02-24 08:38:51 [INFO] __main__: Запрашиваю mayak_hotel_listvyanka (mayak_hotel_listvyanka)
2026-02-24 08:38:53 [INFO] __main__: Сохранено 13 номеров для Отель Маяк
2026-02-24 08:38:53 [INFO] __main__: Запрашиваю irkutsk_city_center (irkutsk_city_center)
2026-02-24 08:38:53 [INFO] __main__: Сохранено 4 номеров для Irkutsk City Center
2026-02-24 08:38:53 [INFO] __main__: Запрашиваю baikal_forest_hotel (baikal_forest_hotel)
2026-02-24 08:38:56 [INFO] __main__: Сохранено 10 номеров для Отель Baikal Forest
2026-02-24 08:38:56 [INFO] __main__: Запрашиваю bajkal_hotel (bajkal_hotel)
2026-02-24 08:38:58 [INFO] __main__: Сохранено 1 номеров для Отель Байкал
2026-02-24 08:38:58 [INFO] __main__: Запрашиваю empire_hotel_3 (empire_hotel_3)
2026-02-24 08:38:58 [INFO] __main__: Сохранено 6 номеров для Гостиница Империя
2026-02-24 08:38:58 [INFO] __main__: Запрашиваю hotel_nikola_2 (hotel_nikola_2)
2026-02-24 08:39:00 [INFO] __main__: Сохранено 9 номеров для Отель Никола
2026-02-24 08:39:00 [INFO] __main__: Запрашиваю gostinitsa_ustilim (gostinitsa_ustilim)
2026-02-24 08:39:04 [INFO] __main__: Сохранено 5 номеров для Усть-Илим
2026-02-24 08:39:04 [INFO] __main__: Запрашиваю gostevoy_dom_sunrise (gostevoy_dom_sunrise)
2026-02-24 08:39:04 [INFO] __main__: Сохранено 1 номеров для Sunrise
2026-02-24 08:39:04 [INFO] __main__: Запрашиваю beliy_sobol_parkhotel (beliy_sobol_parkhotel)
2026-02-24 08:39:05 [INFO] __main__: Сохранено 4 номеров для Парк-отель Белый Соболь
2026-02-24 08:39:05 [INFO] __main__: Запрашиваю vera_baikal (vera_baikal)
2026-02-24 08:39:06 [INFO] __main__: Сохранено 3 номеров для Отель Вера Байкал
2026-02-24 08:39:06 [INFO] __main__: Запрашиваю hotel_khotej (hotel_khotej)
2026-02-24 08:39:06 [INFO] __main__: Сохранено 1 номеров для Отель Хотэй
2026-02-24 08:39:06 [INFO] __main__: Запрашиваю baikal_view_hotel (baikal_view_hotel)
2026-02-24 08:39:08 [INFO] __main__: Сохранено 2 номеров для Baikal View Hotel
2026-02-24 08:39:08 [INFO] __main__: Запрашиваю baykal_shale_guest_house (baykal_shale_guest_house)
2026-02-24 08:39:10 [INFO] __main__: Сохранено 1 номеров для Байкал Шале
2026-02-24 08:39:10 [INFO] __main__: Запрашиваю malinovka_3 (malinovka_3)
2026-02-24 08:39:11 [INFO] __main__: Сохранено 2 номеров для Малиновка
2026-02-24 08:39:11 [INFO] __main__: Запрашиваю otel_irkut (otel_irkut)
2026-02-24 08:39:11 [INFO] __main__: Сохранено 5 номеров для Отель Иркут
2026-02-24 08:39:11 [INFO] __main__: Запрашиваю kupechesky_dvor_hotel (kupechesky_dvor_hotel)
2026-02-24 08:39:13 [INFO] __main__: Сохранено 1 номеров для Отель Купеческий Дворъ
2026-02-24 08:39:13 [INFO] __main__: Запрашиваю miniotel_good_hotel (miniotel_good_hotel)
2026-02-24 08:39:15 [INFO] __main__: Сохранено 2 номеров для Мини-Отель Good Hotel
2026-02-24 08:39:15 [INFO] __main__: Запрашиваю meridian_7 (meridian_7)
2026-02-24 08:39:16 [INFO] __main__: Сохранено 6 номеров для Отель Меридиан
2026-02-24 08:39:16 [INFO] __main__: Запрашиваю legend_of_baikal (legend_of_baikal)
2026-02-24 08:39:17 [INFO] __main__: Сохранено 6 номеров для Отель Легенда Байкала
2026-02-24 08:39:17 [INFO] __main__: Запрашиваю matreshka_hotel (matreshka_hotel)
2026-02-24 08:39:20 [INFO] __main__: Сохранено 4 номеров для Отель Matreshka
2026-02-24 08:39:20 [INFO] __main__: Запрашиваю hotel_premium_hotel_pushkin (hotel_premium_hotel_pushkin)
2026-02-24 08:39:20 [INFO] __main__: Сохранено 1 номеров для Премиум-отель Пушкин
2026-02-24 08:39:20 [INFO] __main__: Запрашиваю atlas_hotel_3 (atlas_hotel_3)
2026-02-24 08:39:21 [INFO] __main__: Сохранено 2 номеров для Гостиница Атлас
2026-02-24 08:39:21 [INFO] __main__: Запрашиваю inn_business_hall (inn_business_hall)
2026-02-24 08:39:22 [INFO] __main__: Сохранено 2 номеров для Отель Business Hall
2026-02-24 08:39:22 [INFO] __main__: Запрашиваю kalina_house_olkhon_baikal_guest_house (kalina_house_olkhon_baikal_guest_house)
2026-02-24 08:39:25 [INFO] __main__: Сохранено 1 номеров для Конкордия
2026-02-24 08:39:25 [INFO] __main__: Запрашиваю podlemorie_hotel (podlemorie_hotel)
2026-02-24 08:39:26 [INFO] __main__: Сохранено 1 номеров для Отель Подлеморье
2026-02-24 08:39:26 [INFO] __main__: Запрашиваю nebo_baykala_guest_house (nebo_baykala_guest_house)
2026-02-24 08:39:26 [INFO] __main__: Сохранено 4 номеров для Небо Байкала
2026-02-24 08:39:26 [INFO] __main__: Запрашиваю international_hotel_sayen (international_hotel_sayen)
2026-02-24 08:39:27 [INFO] __main__: Сохранено 3 номеров для SAYEN
2026-02-24 08:39:27 [INFO] __main__: Запрашиваю guest_house_baykaliya (guest_house_baykaliya)
2026-02-24 08:39:27 [INFO] __main__: Сохранено 1 номеров для Байкалия
2026-02-24 08:39:27 [INFO] __main__: Запрашиваю kheyvitsa_guest_house (kheyvitsa_guest_house)
2026-02-24 08:39:28 [INFO] __main__: Сохранено 1 номеров для Отель Гостевой Дом Хейвица
2026-02-24 08:39:28 [INFO] __main__: Запрашиваю hotel_kurshavel_ (hotel_kurshavel_)
2026-02-24 08:39:30 [INFO] __main__: Сохранено 5 номеров для Отель Куршавель
2026-02-24 08:39:30 [INFO] __main__: Запрашиваю parus_18 (parus_18)
2026-02-24 08:39:30 [INFO] __main__: Сохранено 6 номеров для Курортный отель Парус
2026-02-24 08:39:30 [INFO] __main__: Запрашиваю gostevoj_dom_na_zvezdinskoj (gostevoj_dom_na_zvezdinskoj)
2026-02-24 08:39:32 [INFO] __main__: Сохранено 3 номеров для Отель на Звездинской
2026-02-24 08:39:32 [INFO] __main__: Запрашиваю city_park_hotel_13 (city_park_hotel_13)
2026-02-24 08:39:32 [INFO] __main__: Сохранено 3 номеров для Меблированные комнаты City Park
2026-02-24 08:39:32 [INFO] __main__: Запрашиваю minihotel_panda (minihotel_panda)
2026-02-24 08:39:33 [INFO] __main__: Сохранено 2 номеров для Отель ДиаДэй
2026-02-24 08:39:33 [INFO] __main__: Запрашиваю miniotel_medveditsa (miniotel_medveditsa)
2026-02-24 08:39:33 [INFO] __main__: Сохранено 2 номеров для Меблированные комнаты Медведица
2026-02-24 08:39:33 [INFO] __main__: Запрашиваю angara_hotel (angara_hotel)
2026-02-24 08:39:34 [INFO] __main__: Сохранено 3 номеров для Ангара Отель
2026-02-24 08:39:34 [INFO] __main__: Запрашиваю hotel_flagman_olkhona (hotel_flagman_olkhona)
2026-02-24 08:39:35 [INFO] __main__: Сохранено 1 номеров для Отель Флагман Ольхона
2026-02-24 08:39:35 [INFO] __main__: Запрашиваю arena_g_irkutsk (arena_g_irkutsk)
2026-02-24 08:39:38 [INFO] __main__: Сохранено 3 номеров для Отель Арена Иркутск
2026-02-24 08:39:38 [INFO] __main__: Запрашиваю burduguz_hotel_2 (burduguz_hotel_2)
2026-02-24 08:39:38 [INFO] __main__: Сохранено 6 номеров для Парк-Отель Бурдугуз
2026-02-24 08:39:38 [INFO] __main__: Запрашиваю lada_8 (lada_8)
2026-02-24 08:39:39 [INFO] __main__: Сохранено 1 номеров для Отель Гостиница ЛАДА
2026-02-24 08:39:39 [INFO] __main__: Запрашиваю gostinitsa_undina (gostinitsa_undina)
2026-02-24 08:39:40 [INFO] __main__: Сохранено 3 номеров для Отель Ундина
2026-02-24 08:39:40 [INFO] __main__: Запрашиваю hotel_soyuz_2 (hotel_soyuz_2)
2026-02-24 08:39:41 [INFO] __main__: Сохранено 8 номеров для Жилое помещение Союз
2026-02-24 08:39:41 [INFO] __main__: Запрашиваю baikalskie_prostory (baikalskie_prostory)
2026-02-24 08:39:41 [INFO] __main__: Сохранено 5 номеров для Байкальские просторы
2026-02-24 08:39:41 [INFO] __main__: Запрашиваю hotel_nataly_2 (hotel_nataly_2)
2026-02-24 08:39:41 [INFO] __main__: Сохранено 2 номеров для Отель Натали
2026-02-24 08:39:41 [INFO] __main__: Запрашиваю baykal_guest_house_3 (baykal_guest_house_3)
2026-02-24 08:39:42 [INFO] __main__: Сохранено 3 номеров для Меблированные комнаты Байкал
2026-02-24 08:39:42 [INFO] __main__: Запрашиваю alpari (alpari)
2026-02-24 08:39:43 [INFO] __main__: Сохранено 2 номеров для Гостиница Альпари
2026-02-24 08:39:43 [INFO] __main__: Запрашиваю lenatour (lenatour)
2026-02-24 08:39:45 [INFO] __main__: Сохранено 4 номеров для Отель  Ленатур
2026-02-24 08:39:45 [INFO] __main__: Запрашиваю green_hotel_ (green_hotel_)
2026-02-24 08:39:47 [INFO] __main__: Сохранено 3 номеров для Грин Отель
2026-02-24 08:39:47 [INFO] __main__: Запрашиваю hotel_barguzin (hotel_barguzin)
2026-02-24 08:39:48 [INFO] __main__: Сохранено 2 номеров для Меблированные комнаты Баргузин
2026-02-24 08:39:48 [INFO] __main__: Запрашиваю lotos_hotel (lotos_hotel)
2026-02-24 08:39:48 [INFO] __main__: Сохранено 1 номеров для Отель Лотос
2026-02-24 08:39:48 [INFO] __main__: Запрашиваю archi_apt_apartments (archi_apt_apartments)
2026-02-24 08:39:48 [INFO] __main__: Сохранено 2 номеров для Отель Baikal Archi Apt
2026-02-24 08:39:48 [INFO] __main__: Запрашиваю hotel_dacha_baikaleco (hotel_dacha_baikaleco)
2026-02-24 08:39:49 [INFO] __main__: Сохранено 2 номеров для Семейный отель Дача БайкалЭко
2026-02-24 08:39:49 [INFO] __main__: Запрашиваю gostevoy_dom_holiday_park_on_olkhon (gostevoy_dom_holiday_park_on_olkhon)
2026-02-24 08:39:50 [INFO] __main__: Сохранено 1 номеров для Holiday park on Olkhon
2026-02-24 08:39:50 [INFO] __main__: Запрашиваю rus_hotel_irkutsk (rus_hotel_irkutsk)
2026-02-24 08:39:54 [INFO] __main__: Сохранено 4 номеров для Гостиничный Комплекс Русь
2026-02-24 08:39:54 [INFO] __main__: Запрашиваю yolochka (yolochka)
2026-02-24 08:39:56 [INFO] __main__: Сохранено 9 номеров для Меблированные комнаты Ёлочка
2026-02-24 08:39:56 [INFO] __main__: Запрашиваю best_eastern_hotel_zvezda (best_eastern_hotel_zvezda)
2026-02-24 08:40:00 [INFO] __main__: Сохранено 5 номеров для Отель Звезда
2026-02-24 08:40:00 [INFO] __main__: Запрашиваю hotel_kosmos_5 (hotel_kosmos_5)
2026-02-24 08:40:01 [INFO] __main__: Сохранено 4 номеров для Отель Космос
2026-02-24 08:40:01 [INFO] __main__: Запрашиваю history_boutiquehotel (history_boutiquehotel)
2026-02-24 08:40:02 [INFO] __main__: Сохранено 2 номеров для Отель History Boutique Hotel & SPA
2026-02-24 08:40:02 [INFO] __main__: Запрашиваю hotel_rodina_grand_hotel_spa_irkutsk_5 (hotel_rodina_grand_hotel_spa_irkutsk_5)
2026-02-24 08:40:03 [INFO] __main__: Сохранено 15 номеров для Отель RODINA Grand Hotel & SPA Irkutsk 5*
2026-02-24 08:40:03 [INFO] __main__: Запрашиваю amurskiy (amurskiy)
2026-02-24 08:40:03 [INFO] __main__: Сохранено 2 номеров для Отель Амурский
2026-02-24 08:40:03 [INFO] __main__: Запрашиваю baykal_khan_listvyanka (baykal_khan_listvyanka)
2026-02-24 08:40:04 [INFO] __main__: Сохранено 3 номеров для Отель Ларч
2026-02-24 08:40:04 [INFO] __main__: Запрашиваю flagman_hotel_4 (flagman_hotel_4)
2026-02-24 08:40:05 [INFO] __main__: Сохранено 1 номеров для Отель Флагман
2026-02-24 08:40:05 [INFO] __main__: Запрашиваю hotel_pushkin_2 (hotel_pushkin_2)
2026-02-24 08:40:09 [INFO] __main__: Сохранено 5 номеров для Отель ПушкинЪ
2026-02-24 08:40:09 [INFO] __main__: Запрашиваю bolshoe_puteshestvie_hotel (bolshoe_puteshestvie_hotel)
2026-02-24 08:40:12 [INFO] __main__: Сохранено 1 номеров для Ольхон
2026-02-24 08:40:12 [INFO] __main__: Запрашиваю baikal_business_center_hotel (baikal_business_center_hotel)
2026-02-24 08:40:13 [INFO] __main__: Сохранено 2 номеров для Отель Байкал Бизнес Центр
2026-02-24 08:40:13 [INFO] __main__: Запрашиваю momant_house_recreation_camp (momant_house_recreation_camp)
2026-02-24 08:40:13 [INFO] __main__: Сохранено 2 номеров для Momant house
2026-02-24 08:40:13 [INFO] __main__: Запрашиваю dom_baykal_guest_house (dom_baykal_guest_house)
2026-02-24 08:40:15 [INFO] __main__: Сохранено 3 номеров для Меблированные комнаты Дом Байкал
2026-02-24 08:40:15 [INFO] __main__: Запрашиваю hotel_gostinitsa_dinamo (hotel_gostinitsa_dinamo)
2026-02-24 08:40:16 [INFO] __main__: Сохранено 5 номеров для Отель Динамо
2026-02-24 08:40:16 [INFO] __main__: Запрашиваю tri_kita_2 (tri_kita_2)
2026-02-24 08:40:17 [INFO] __main__: Сохранено 6 номеров для Отель Три Кита
2026-02-24 08:40:17 [INFO] __main__: Запрашиваю tikhaya_gavan_4 (tikhaya_gavan_4)
2026-02-24 08:40:18 [INFO] __main__: Сохранено 1 номеров для Отель "Тихая Гавань"
2026-02-24 08:40:18 [INFO] __main__: Запрашиваю wind_lake_guest_house (wind_lake_guest_house)
2026-02-24 08:40:18 [INFO] __main__: Сохранено 7 номеров для Wind Lake
2026-02-24 08:40:18 [INFO] __main__: Запрашиваю miniotel_serdtse_baykala (miniotel_serdtse_baykala)
2026-02-24 08:40:18 [INFO] __main__: Сохранено 1 номеров для Сердце Байкала
2026-02-24 08:40:18 [INFO] __main__: Запрашиваю bajkal_severnoe_more_hotel (bajkal_severnoe_more_hotel)
2026-02-24 08:40:21 [INFO] __main__: Сохранено 5 номеров для Отель Байкал - Северное Море
2026-02-24 08:40:21 [INFO] __main__: Запрашиваю hotel_shvedka (hotel_shvedka)
2026-02-24 08:40:22 [INFO] __main__: Сохранено 9 номеров для Отель ШВЕДКА
2026-02-24 08:40:22 [INFO] __main__: Запрашиваю bajkalskie_sezonyi (bajkalskie_sezonyi)
2026-02-24 08:40:25 [INFO] __main__: Сохранено 7 номеров для Отель Парк Байкальские сезоны
2026-02-24 08:40:25 [INFO] __main__: Запрашиваю royal_hotel_33 (royal_hotel_33)
2026-02-24 08:40:25 [INFO] __main__: Сохранено 3 номеров для Отель Рояль
2026-02-24 08:40:25 [INFO] __main__: Запрашиваю vesta_hotel_3 (vesta_hotel_3)
2026-02-24 08:40:29 [INFO] __main__: Сохранено 3 номеров для Отель Веста
2026-02-24 08:40:29 [INFO] __main__: Запрашиваю mini_hotel_vizit (mini_hotel_vizit)
2026-02-24 08:40:29 [INFO] __main__: Сохранено 2 номеров для Гостиница Визит
2026-02-24 08:40:29 [INFO] __main__: Запрашиваю krestovaya_pad_hotel (krestovaya_pad_hotel)
2026-02-24 08:40:30 [INFO] __main__: Сохранено 4 номеров для Гостиница Крестовая падь
2026-02-24 08:40:30 [INFO] __main__: Запрашиваю bely_bereg (bely_bereg)
2026-02-24 08:40:30 [INFO] __main__: Сохранено 2 номеров для Отель Белый берег
2026-02-24 08:40:30 [INFO] __main__: Запрашиваю hotel_aziyayevropa (hotel_aziyayevropa)
2026-02-24 08:40:31 [INFO] __main__: Сохранено 4 номеров для Отель Азия-Европа
2026-02-24 08:40:31 [INFO] __main__: Запрашиваю uda_2 (uda_2)
2026-02-24 08:40:34 [INFO] __main__: Сохранено 6 номеров для Отель УДА
2026-02-24 08:40:34 [INFO] __main__: Запрашиваю pribaikalskaya_hotel (pribaikalskaya_hotel)
2026-02-24 08:40:35 [INFO] __main__: Сохранено 5 номеров для Гостиница Прибайкальская
2026-02-24 08:40:35 [INFO] __main__: Запрашиваю hotel_sozvezdie_baikala (hotel_sozvezdie_baikala)
2026-02-24 08:40:37 [INFO] __main__: Сохранено 6 номеров для Отель Созвездие Байкала
2026-02-24 08:40:37 [INFO] __main__: Запрашиваю gostevoy_dom_briz_3 (gostevoy_dom_briz_3)
2026-02-24 08:40:37 [INFO] __main__: Сохранено 2 номеров для Меблированные комнаты БРИЗ
2026-02-24 08:40:37 [INFO] __main__: Запрашиваю oktyabrskaya_minihotel (oktyabrskaya_minihotel)
2026-02-24 08:40:38 [INFO] __main__: Сохранено 4 номеров для Октябрьская
2026-02-24 08:40:38 [INFO] __main__: Запрашиваю vostochnaia (vostochnaia)
2026-02-24 08:40:38 [INFO] __main__: Сохранено 4 номеров для Гостиница Восточная
2026-02-24 08:40:38 [INFO] __main__: Запрашиваю na_ulitse_pavlova_28_apartments (na_ulitse_pavlova_28_apartments)
2026-02-24 08:40:39 [INFO] __main__: Сохранено 1 номеров для на улице Павлова 28
2026-02-24 08:40:39 [INFO] __main__: Запрашиваю smart_hotel_kdo_irkutsk_hotel (smart_hotel_kdo_irkutsk_hotel)
2026-02-24 08:40:42 [INFO] __main__: Сохранено 4 номеров для Отель Smart Hotel KDO Иркутск
2026-02-24 08:40:42 [INFO] __main__: Запрашиваю shelest (shelest)
2026-02-24 08:40:42 [INFO] __main__: Сохранено 2 номеров для Shelest
2026-02-24 08:40:42 [INFO] __main__: Запрашиваю dream_of_baikal_hotel (dream_of_baikal_hotel)
2026-02-24 08:40:43 [INFO] __main__: Сохранено 5 номеров для Отель Dream of Baikal
2026-02-24 08:40:43 [INFO] __main__: Запрашиваю zvezda_kochevnika (zvezda_kochevnika)
2026-02-24 08:40:45 [INFO] __main__: Сохранено 2 номеров для Звезда Кочевника
2026-02-24 08:40:45 [INFO] __main__: Запрашиваю hotel_anastasiya_2 (hotel_anastasiya_2)
2026-02-24 08:40:45 [INFO] __main__: Сохранено 8 номеров для Отель ГК Анастасия
2026-02-24 08:40:45 [INFO] __main__: Запрашиваю luna_hotel_9 (luna_hotel_9)
2026-02-24 08:40:46 [INFO] __main__: Сохранено 3 номеров для Отель Луна
2026-02-24 08:40:46 [INFO] __main__: Запрашиваю sportkompleks_ozerny_tulun_hotel (sportkompleks_ozerny_tulun_hotel)
2026-02-24 08:40:47 [INFO] __main__: Сохранено 1 номеров для Спорткомплекс Озерный Тулун
2026-02-24 08:40:47 [INFO] __main__: Запрашиваю guest_house_vremena_goda (guest_house_vremena_goda)
2026-02-24 08:40:47 [INFO] __main__: Сохранено 3 номеров для Времена Года
2026-02-24 08:40:47 [INFO] __main__: Запрашиваю u_istoka_hotel (u_istoka_hotel)
2026-02-24 08:40:48 [INFO] __main__: Сохранено 5 номеров для Гостиница У Истока
2026-02-24 08:40:48 [INFO] __main__: Запрашиваю hotel_olimpiada (hotel_olimpiada)
2026-02-24 08:40:49 [INFO] __main__: Сохранено 4 номеров для Олимпиада
2026-02-24 08:40:49 [INFO] __main__: Запрашиваю modul (modul)
2026-02-24 08:40:50 [INFO] __main__: Сохранено 4 номеров для Гостиница Комфорт
2026-02-24 08:40:50 [INFO] __main__: Запрашиваю v_russkom_stile_guest_house (v_russkom_stile_guest_house)
2026-02-24 08:40:50 [INFO] __main__: Сохранено 1 номеров для Меблированные комнаты в Русском Стиле
2026-02-24 08:40:50 [INFO] __main__: Запрашиваю the_hotel_on_volzhskaya (the_hotel_on_volzhskaya)
2026-02-24 08:40:52 [INFO] __main__: Сохранено 3 номеров для Гостиница на Волжской
2026-02-24 08:40:52 [INFO] __main__: Запрашиваю gostinitsa_akademicheskaya (gostinitsa_akademicheskaya)
2026-02-24 08:40:53 [INFO] __main__: Сохранено 4 номеров для Отель Гостиница Академическая
2026-02-24 08:40:53 [INFO] __main__: Запрашиваю vitim (vitim)
2026-02-24 08:40:54 [INFO] __main__: Сохранено 3 номеров для Витим
2026-02-24 08:40:54 [INFO] __main__: Запрашиваю glemping_hygge_barn (glemping_hygge_barn)
2026-02-24 08:40:57 [INFO] __main__: Сохранено 2 номеров для Hygge Barn
2026-02-24 08:40:57 [INFO] __main__: Запрашиваю katantsa_hotel (katantsa_hotel)
2026-02-24 08:40:58 [INFO] __main__: Сохранено 8 номеров для Отель Катанца
2026-02-24 08:40:58 [INFO] __main__: Запрашиваю magnetit (magnetit)
2026-02-24 08:40:58 [INFO] __main__: Сохранено 3 номеров для Отель Магнетит
2026-02-24 08:40:58 [INFO] __main__: Запрашиваю less_guest_house (less_guest_house)
2026-02-24 08:40:59 [INFO] __main__: Сохранено 2 номеров для Меблированные комнаты Less
2026-02-24 08:40:59 [INFO] __main__: Запрашиваю praskovya_guest_house (praskovya_guest_house)
2026-02-24 08:41:01 [INFO] __main__: Сохранено 2 номеров для Отель Прасковья
2026-02-24 08:41:01 [INFO] __main__: Запрашиваю gostinitsa_solntse (gostinitsa_solntse)
2026-02-24 08:41:04 [INFO] __main__: Сохранено 6 номеров для Гостиница Солнце
2026-02-24 08:41:04 [INFO] __main__: Запрашиваю hotel_complex_baikalov_ostrog (hotel_complex_baikalov_ostrog)
2026-02-24 08:41:04 [INFO] __main__: Сохранено 5 номеров для Гостиница Байкалов Острог
2026-02-24 08:41:04 [INFO] __main__: Запрашиваю flagman_hotel (flagman_hotel)
2026-02-24 08:41:05 [INFO] __main__: Сохранено 2 номеров для Отель Флагман
2026-02-24 08:41:05 [INFO] __main__: Запрашиваю gostevoi_dom_margobai (gostevoi_dom_margobai)
2026-02-24 08:41:06 [INFO] __main__: Сохранено 8 номеров для Отель Маргобай
2026-02-24 08:41:06 [INFO] __main__: Запрашиваю hotel_baikal_best_edelweiss (hotel_baikal_best_edelweiss)
2026-02-24 08:41:07 [INFO] __main__: Сохранено 6 номеров для Baikal Best Edelweiss
2026-02-24 08:41:07 [INFO] __main__: Запрашиваю yupiter (yupiter)
2026-02-24 08:41:09 [INFO] __main__: Сохранено 2 номеров для Юпитер
2026-02-24 08:41:09 [INFO] __main__: Запрашиваю trakstop_38_2 (trakstop_38_2)
2026-02-24 08:41:10 [INFO] __main__: Сохранено 2 номеров для Trakstop 38
2026-02-24 08:41:10 [INFO] __main__: Запрашиваю mir_baykala_hotel (mir_baykala_hotel)
2026-02-24 08:41:12 [INFO] __main__: Сохранено 2 номеров для Отель Мир Байкала
2026-02-24 08:41:12 [INFO] __main__: Запрашиваю planeta_9 (planeta_9)
2026-02-24 08:41:14 [INFO] __main__: Сохранено 4 номеров для Планета
2026-02-24 08:41:14 [INFO] __main__: Запрашиваю baikal_capsule_hostel (baikal_capsule_hostel)
2026-02-24 08:41:15 [INFO] __main__: Сохранено 1 номеров для Байкал Капсул (Байкальская капсула)
2026-02-24 08:41:15 [INFO] __main__: Запрашиваю gostevoj_dom_endemik (gostevoj_dom_endemik)
2026-02-24 08:41:17 [INFO] __main__: Сохранено 12 номеров для Меблированные комнаты посуточная аренда
2026-02-24 08:41:17 [INFO] __main__: Запрашиваю tochka_baykala_hotel (tochka_baykala_hotel)
2026-02-24 08:41:18 [INFO] __main__: Сохранено 1 номеров для Отель Точка Байкала
2026-02-24 08:41:18 [INFO] __main__: Запрашиваю metelitsa_6 (metelitsa_6)
2026-02-24 08:41:18 [INFO] __main__: Сохранено 1 номеров для Отель Метелица
2026-02-24 08:41:18 [INFO] __main__: Запрашиваю gostevoy_dom_isiger_baikal (gostevoy_dom_isiger_baikal)
2026-02-24 08:41:19 [INFO] __main__: Сохранено 1 номеров для Гостевой дом ISIGER BAIKAL
2026-02-24 08:41:19 [INFO] __main__: Запрашиваю na_gornoy_ulitse_5_private_house (na_gornoy_ulitse_5_private_house)
2026-02-24 08:41:19 [INFO] __main__: Сохранено 1 номеров для Меблированные комнаты на Горной Улице 7Б
2026-02-24 08:41:19 [INFO] __main__: Запрашиваю izumrud_hotel_7 (izumrud_hotel_7)
2026-02-24 08:41:22 [INFO] __main__: Сохранено 2 номеров для Отель Изумруд
2026-02-24 08:41:22 [INFO] __main__: Запрашиваю hotelclub_ice (hotelclub_ice)
2026-02-24 08:41:24 [INFO] __main__: Сохранено 1 номеров для Отель Сибирская резиденция Лёд Байкала
2026-02-24 08:41:24 [INFO] __main__: Запрашиваю loft_house_38_guest_house (loft_house_38_guest_house)
2026-02-24 08:41:24 [INFO] __main__: Сохранено 2 номеров для Loft House 38
2026-02-24 08:41:24 [INFO] __main__: Запрашиваю ozerny_tulun_sports_complex_na_karbysheva_185_apartment (ozerny_tulun_sports_complex_na_karbysheva_185_apartment)
2026-02-24 08:41:25 [INFO] __main__: Сохранено 1 номеров для Спорткомплекс Озерный Тулун на Карбышева 185
2026-02-24 08:41:25 [INFO] __main__: Сохранено 455 номеров в /home/runner/work/ostrovok_parser/ostrovok_parser/tables/rooms/2026-02-24.csv
2026-02-24 08:41:25 [INFO] __main__: Парсинг завершён. Всего обработано 455 номеров.
2026-02-24 08:41:25 [INFO] __main__: Статистика сохранена в /home/runner/work/ostrovok_parser/ostrovok_parser/tables/statistics/2026-02-24.csv
2026-02-24 08:41:25 [INFO] __main__: Обработано 129 отелей
