2026-04-29 09:55:46 [INFO] __main__: Режим CI: увеличенные таймауты и ожидание networkidle.
2026-04-29 09:55:46 [INFO] __main__: Запуск парсера отелей...
2026-04-29 09:55:46 [INFO] __main__: Даты бронирования: 30.04.2026 - 01.05.2026
2026-04-29 09:55:49 [INFO] __main__: --- Страница 1 ---
2026-04-29 09:55:53 [INFO] __main__: Перехвачено и извлечено 20 отелей. Всего: 20
2026-04-29 09:56:41 [INFO] __main__: Добавлено 20 отелей со страницы 1. Переход на следующую страницу...
2026-04-29 09:56:44 [INFO] __main__: --- Страница 2 ---
2026-04-29 09:56:49 [INFO] __main__: Перехвачено и извлечено 20 отелей. Всего: 40
2026-04-29 09:56:53 [INFO] __main__: Добавлено 20 отелей со страницы 2. Переход на следующую страницу...
2026-04-29 09:56:56 [INFO] __main__: --- Страница 3 ---
2026-04-29 09:57:45 [WARNING] __main__: На странице 3 отелей не получено. Конец списка.
2026-04-29 09:57:45 [INFO] __main__: === Всего собрано отелей со всех страниц: 40 ===
2026-04-29 09:58:00 [INFO] __main__: Убрано дубликатов: 2. Уникальных отелей: 38
2026-04-29 09:58:00 [INFO] __main__: Сохранено 38 отелей в /home/runner/work/ostrovok_parser/ostrovok_parser/daily/hotels/2026-04-29.csv
2026-04-29 09:58:00 [INFO] __main__: Парсинг завершён. Всего обработано 38 отелей.
2026-04-29 09:58:00 [INFO] __main__: Каталог сохранён: 203 отелей → /home/runner/work/ostrovok_parser/ostrovok_parser/catalog/hotels.csv
2026-04-29 09:58:00 [INFO] __main__: Каталог обновлён: всего 203, новых 0
2026-04-29 09:58:00 [INFO] __main__: Даты бронирования: 30.04.2026 - 01.05.2026
2026-04-29 09:58:00 [INFO] __main__: Запуск браузера для получения куки...
2026-04-29 09:58:06 [INFO] __main__: Получено 57 куки
2026-04-29 09:58:06 [INFO] __main__: Запрашиваю meridian_7 (meridian_7)
2026-04-29 09:58:08 [INFO] __main__: Сохранено 5 номеров для Отель Меридиан
2026-04-29 09:58:08 [INFO] __main__: Запрашиваю irkutsk_city_center (irkutsk_city_center)
2026-04-29 09:58:08 [INFO] __main__: Сохранено 6 номеров для Отель Иркутск Сити Центр
2026-04-29 09:58:08 [INFO] __main__: Запрашиваю evropa_hotel (evropa_hotel)
2026-04-29 09:58:09 [INFO] __main__: Сохранено 8 номеров для Отель Европа
2026-04-29 09:58:09 [INFO] __main__: Запрашиваю podlemorie_hotel (podlemorie_hotel)
2026-04-29 09:58:11 [INFO] __main__: Сохранено 4 номеров для Отель Подлеморье
2026-04-29 09:58:11 [INFO] __main__: Запрашиваю hotel_nuur_hotel (hotel_nuur_hotel)
2026-04-29 09:58:11 [INFO] __main__: Сохранено 7 номеров для Отель Nuur Hotel
2026-04-29 09:58:11 [INFO] __main__: Запрашиваю victory_hotel_4 (victory_hotel_4)
2026-04-29 09:58:12 [INFO] __main__: Сохранено 5 номеров для Гостиница Виктория
2026-04-29 09:58:12 [INFO] __main__: Запрашиваю flagman_hotel_4 (flagman_hotel_4)
2026-04-29 09:58:13 [INFO] __main__: Сохранено 4 номеров для Отель Флагман
2026-04-29 09:58:13 [INFO] __main__: Запрашиваю bajkal_hotel (bajkal_hotel)
2026-04-29 09:58:14 [INFO] __main__: Сохранено 5 номеров для Отель Байкал
2026-04-29 09:58:14 [INFO] __main__: Запрашиваю dizajnerskaya_kvartira_v_tsentre_irkutska (dizajnerskaya_kvartira_v_tsentre_irkutska)
2026-04-29 09:58:14 [INFO] __main__: Сохранено 1 номеров для Квартира в центре Иркутска
2026-04-29 09:58:14 [INFO] __main__: Запрашиваю grand_baikal (grand_baikal)
2026-04-29 09:58:16 [INFO] __main__: Сохранено 4 номеров для Отель Гранд Байкал
2026-04-29 09:58:16 [INFO] __main__: Запрашиваю rus_hotel_irkutsk (rus_hotel_irkutsk)
2026-04-29 09:58:18 [INFO] __main__: Сохранено 6 номеров для Гостиничный Комплекс Русь
2026-04-29 09:58:18 [INFO] __main__: Запрашиваю hotel_nikola_2 (hotel_nikola_2)
2026-04-29 09:58:19 [INFO] __main__: Сохранено 6 номеров для Отель Никола
2026-04-29 09:58:19 [INFO] __main__: Запрашиваю dohodnyij_dom_listratvoj_butikhotel (dohodnyij_dom_listratvoj_butikhotel)
2026-04-29 09:58:20 [INFO] __main__: Сохранено 6 номеров для Отель Доходный дом Листратовой
2026-04-29 09:58:20 [INFO] __main__: Запрашиваю ozerny_tulun_sports_complex_na_karbysheva_185_apartment (ozerny_tulun_sports_complex_na_karbysheva_185_apartment)
2026-04-29 09:58:20 [INFO] __main__: Сохранено 1 номеров для Спорткомплекс Озерный Тулун на Карбышева 185
2026-04-29 09:58:20 [INFO] __main__: Запрашиваю apartamentyi_v_irkutske (apartamentyi_v_irkutske)
2026-04-29 09:58:20 [INFO] __main__: Сохранено 1 номеров для Меблированные комнаты в Иркутске
2026-04-29 09:58:20 [INFO] __main__: Запрашиваю sobolinka_parkhotel_2 (sobolinka_parkhotel_2)
2026-04-29 09:58:22 [INFO] __main__: Сохранено 2 номеров для Парк-отель Соболинка
2026-04-29 09:58:22 [INFO] __main__: Запрашиваю hotel_premium_hotel_pushkin (hotel_premium_hotel_pushkin)
2026-04-29 09:58:22 [INFO] __main__: Сохранено 6 номеров для Премиум-отель Пушкин
2026-04-29 09:58:22 [INFO] __main__: Запрашиваю azimut_aeroport_irkutsk_hotel (azimut_aeroport_irkutsk_hotel)
2026-04-29 09:58:22 [INFO] __main__: Сохранено 7 номеров для AZIMUT Отель Аэропорт Иркутск 4*
2026-04-29 09:58:22 [INFO] __main__: Запрашиваю inn_business_hall (inn_business_hall)
2026-04-29 09:58:24 [INFO] __main__: Сохранено 4 номеров для Отель Business Hall
2026-04-29 09:58:24 [INFO] __main__: Запрашиваю empire_hotel_3 (empire_hotel_3)
2026-04-29 09:58:24 [INFO] __main__: Сохранено 2 номеров для Гостиница Империя
2026-04-29 09:58:24 [INFO] __main__: Запрашиваю angara_hotel (angara_hotel)
2026-04-29 09:58:24 [INFO] __main__: Сохранено 6 номеров для Ангара Отель
2026-04-29 09:58:24 [INFO] __main__: Запрашиваю atlas_hotel_3 (atlas_hotel_3)
2026-04-29 09:58:25 [INFO] __main__: Сохранено 4 номеров для Гостиница Атлас
2026-04-29 09:58:25 [INFO] __main__: Запрашиваю bajkal_severnoe_more_hotel (bajkal_severnoe_more_hotel)
2026-04-29 09:58:31 [INFO] __main__: Сохранено 8 номеров для Отель Байкал - Северное Море
2026-04-29 09:58:31 [INFO] __main__: Запрашиваю archi_apt_apartments (archi_apt_apartments)
2026-04-29 09:58:32 [INFO] __main__: Сохранено 2 номеров для Отель Baikal Archi Apt
2026-04-29 09:58:32 [INFO] __main__: Запрашиваю otel_irkut (otel_irkut)
2026-04-29 09:58:32 [INFO] __main__: Сохранено 7 номеров для Отель Иркут
2026-04-29 09:58:32 [INFO] __main__: Запрашиваю miniotel_good_hotel (miniotel_good_hotel)
2026-04-29 09:58:33 [INFO] __main__: Сохранено 3 номеров для Мини-Отель Good Hotel
2026-04-29 09:58:33 [INFO] __main__: Запрашиваю miniotel_serdtse_baykala (miniotel_serdtse_baykala)
2026-04-29 09:58:34 [INFO] __main__: Сохранено 2 номеров для Сердце Байкала
2026-04-29 09:58:34 [INFO] __main__: Запрашиваю artrezidentsiya_port_olhon (artrezidentsiya_port_olhon)
2026-04-29 09:58:34 [INFO] __main__: Сохранено 10 номеров для Арт-отель Порт Ольхон
2026-04-29 09:58:34 [INFO] __main__: Запрашиваю gostevoy_dom_sunrise (gostevoy_dom_sunrise)
2026-04-29 09:58:34 [INFO] __main__: Сохранено 4 номеров для Sunrise
2026-04-29 09:58:34 [INFO] __main__: Запрашиваю vera_baikal (vera_baikal)
2026-04-29 09:58:35 [INFO] __main__: Сохранено 6 номеров для Отель Вера Байкал
2026-04-29 09:58:35 [INFO] __main__: Запрашиваю guest_house_baykaliya (guest_house_baykaliya)
2026-04-29 09:58:35 [INFO] __main__: Сохранено 2 номеров для Байкалия
2026-04-29 09:58:35 [INFO] __main__: Запрашиваю yakovlev_hotel (yakovlev_hotel)
2026-04-29 09:58:36 [INFO] __main__: Сохранено 4 номеров для Отель Яковлевъ
2026-04-29 09:58:36 [INFO] __main__: Запрашиваю hotel_nataly_2 (hotel_nataly_2)
2026-04-29 09:58:37 [INFO] __main__: Сохранено 4 номеров для Отель Натали
2026-04-29 09:58:37 [INFO] __main__: Запрашиваю baykal_shale_guest_house (baykal_shale_guest_house)
2026-04-29 09:58:39 [INFO] __main__: Сохранено 2 номеров для Байкал Шале
2026-04-29 09:58:39 [INFO] __main__: Запрашиваю history_boutiquehotel (history_boutiquehotel)
2026-04-29 09:58:41 [INFO] __main__: Сохранено 6 номеров для Отель HISTORY Бутик-отель и СПА
2026-04-29 09:58:41 [INFO] __main__: Запрашиваю minihotel_albatros (minihotel_albatros)
2026-04-29 09:58:42 [INFO] __main__: Сохранено 1 номеров для Гостиница Альбатрос
2026-04-29 09:58:42 [INFO] __main__: Запрашиваю guest_house_vremena_goda (guest_house_vremena_goda)
2026-04-29 09:58:43 [INFO] __main__: Сохранено 4 номеров для Времена Года
2026-04-29 09:58:43 [INFO] __main__: Запрашиваю minihotel_panda (minihotel_panda)
2026-04-29 09:58:43 [INFO] __main__: Сохранено 5 номеров для Отель ДиаДэй
2026-04-29 09:58:43 [INFO] __main__: Сохранено 170 номеров в /home/runner/work/ostrovok_parser/ostrovok_parser/daily/rooms/2026-04-29.csv
2026-04-29 09:58:43 [INFO] __main__: Парсинг завершён. Всего обработано 170 номеров.
2026-04-29 09:58:44 [WARNING] __main__: free_rooms_amount (41) > rooms_num (27) для hotel_nikola_2 — используем effective_rooms_num=41
2026-04-29 09:58:44 [INFO] __main__: Статистика сохранена в /home/runner/work/ostrovok_parser/ostrovok_parser/daily/statistics/2026-04-29.csv
2026-04-29 09:58:44 [INFO] __main__: Обработано 38 отелей
